This is LuaTeX, Version 1.10.0 (TeX Live 2019/Debian)  (format=lualatex 2024.3.11)  12 MAR 2024 09:33
 restricted system commands enabled.
**documentation_save.tex
(./documentation_save.tex
LaTeX2e <2020-02-02> patch level 2
Lua module: luaotfload-main 2020-02-02 3.12 luaotfload entry point
Lua module: luaotfload-init 2020-02-02 3.12 luaotfload submodule / initializatio
n
Lua module: lualibs 2020-02-02 2.70 ConTeXt Lua standard libraries.
Lua module: lualibs-extended 2020-02-02 2.70 ConTeXt Lua libraries -- extended c
ollection.
Lua module: luaotfload-log 2020-02-02 3.12 luaotfload submodule / logging
Lua module: luaotfload-parsers 2020-02-02 3.12 luaotfload submodule / filelist
Lua module: luaotfload-configuration 2020-02-02 3.12 luaotfload submodule / conf
ig file reader
luaotfload | conf : Root cache directory is /home/max/.texlive2019/texmf-var/lua
tex-cache/generic-dev/names.
luaotfload | init : Loading fontloader “fontloader-2020-01-26.lua” from kpse
-resolved path “/usr/share/texlive/texmf-dist/tex/luatex/luaotfload/fontloader
-2020-01-26.lua”.
Lua-only attribute luaotfload@state = 2
Lua-only attribute luaotfload@noligature = 3
Lua-only attribute luaotfload@syllabe = 4
luaotfload | init : Context OpenType loader version “3.11”
Inserting `luaotfload.node_processor' at position 1 in `pre_linebreak_filter'.
Inserting `luaotfload.node_processor' at position 1 in `hpack_filter'.
Lua module: luaotfload-loaders 2020-02-02 3.12 luaotfload submodule / callback h
andling
Inserting `luaotfload.define_font' at position 1 in `define_font'.
Lua module: luaotfload-database 2020-02-02 3.12 luaotfload submodule / database
Lua module: luaotfload-unicode 2020-02-02 3.12 luaotfload submodule / Unicode he
lpers
Lua module: luaotfload-colors 2020-02-02 3.12 luaotfload submodule / color
Lua-only attribute luaotfload_color_attribute = 5
Lua module: luaotfload-resolvers 2020-02-02 3.12 luaotfload submodule / resolver
s
luaotfload | conf : Root cache directory is /home/max/.texlive2019/texmf-var/lua
tex-cache/generic-dev/names.
Lua module: luaotfload-features 2020-02-02 3.12 luaotfload submodule / features
Lua module: luaotfload-letterspace 2020-02-02 3.12 luaotfload submodule / color
Lua module: luaotfload-embolden 2020-02-02 3.12 luaotfload submodule / color
Lua module: luaotfload-notdef 2020-02-02 3.12 luaotfload submodule / color
Lua module: luaotfload-auxiliary 2020-02-02 3.12 luaotfload submodule / auxiliar
y functions
Inserting `luaotfload.aux.set_sscale_dimens' at position 1 in `luaotfload.patch_
font'.
Inserting `luaotfload.aux.set_font_index' at position 2 in `luaotfload.patch_fon
t'.
Inserting `luaotfload.aux.patch_cambria_domh' at position 3 in `luaotfload.patch
_font'.
Inserting `luaotfload.aux.fixup_fontdata' at position 1 in `luaotfload.patch_fon
t_unsafe'.
Inserting `luaotfload.aux.set_capheight' at position 4 in `luaotfload.patch_font
'.
Inserting `luaotfload.aux.set_xheight' at position 5 in `luaotfload.patch_font'.
Lua module: luaotfload-fallback 2020-02-02 3.12 luaotfload submodule / fallback
Lua module: luaotfload-multiscript 2020-02-02 3.12 luaotfload submodule / multis
cript
Lua module: luaotfload-script 2020-02-02 3.12 luaotfload submodule / Script help
ers
Lua module: luaotfload-tounicode 2020-02-02 3.12 luaotfload submodule / tounicod
e
Inserting `luaotfload.rewrite_fontname' at position 6 in `luaotfload.patch_font'
. L3 programming layer <2020-02-14>
(/usr/share/texlive/texmf-dist/tex/latex/beamer/beamer.cls
Document Class: beamer 2019/09/29 v3.57 A class for typesetting presentations
(/usr/share/texlive/texmf-dist/tex/latex/beamer/beamerbasemodes.sty
(/usr/share/texlive/texmf-dist/tex/latex/etoolbox/etoolbox.sty
Package: etoolbox 2019/09/21 v2.5h e-TeX tools for LaTeX (JAW)
\etb@tempcnta=\count163
)
\beamer@tempbox=\box45
\beamer@tempcount=\count164
\c@beamerpauses=\count165

(/usr/share/texlive/texmf-dist/tex/latex/beamer/beamerbasedecode.sty
\beamer@slideinframe=\count166
\beamer@minimum=\count167
\beamer@decode@box=\box46
)
\beamer@commentbox=\box47
\beamer@modecount=\count168
)
(/usr/share/texlive/texmf-dist/tex/generic/iftex/ifpdf.sty
Package: ifpdf 2019/10/25 v3.4 ifpdf legacy package. Use iftex instead.

(/usr/share/texlive/texmf-dist/tex/generic/iftex/iftex.sty
Package: iftex 2019/11/07 v1.0c TeX engine tests
))
\headdp=\dimen134
\footheight=\dimen135
\sidebarheight=\dimen136
\beamer@tempdim=\dimen137
\beamer@finalheight=\dimen138
\beamer@animht=\dimen139
\beamer@animdp=\dimen140
\beamer@animwd=\dimen141
\beamer@leftmargin=\dimen142
\beamer@rightmargin=\dimen143
\beamer@leftsidebar=\dimen144
\beamer@rightsidebar=\dimen145
\beamer@boxsize=\dimen146
\beamer@vboxoffset=\dimen147
\beamer@descdefault=\dimen148
\beamer@descriptionwidth=\dimen149
\beamer@lastskip=\skip47
\beamer@areabox=\box48
\beamer@animcurrent=\box49
\beamer@animshowbox=\box50
\beamer@sectionbox=\box51
\beamer@logobox=\box52
\beamer@linebox=\box53
\beamer@sectioncount=\count169
\beamer@subsubsectionmax=\count170
\beamer@subsectionmax=\count171
\beamer@sectionmax=\count172
\beamer@totalheads=\count173
\beamer@headcounter=\count174
\beamer@partstartpage=\count175
\beamer@sectionstartpage=\count176
\beamer@subsectionstartpage=\count177
\beamer@animationtempa=\count178
\beamer@animationtempb=\count179
\beamer@xpos=\count180
\beamer@ypos=\count181
\beamer@ypos@offset=\count182
\beamer@showpartnumber=\count183
\beamer@currentsubsection=\count184
\beamer@coveringdepth=\count185
\beamer@sectionadjust=\count186
\beamer@tocsectionnumber=\count187

(/usr/share/texlive/texmf-dist/tex/latex/beamer/beamerbaseoptions.sty
(/usr/share/texlive/texmf-dist/tex/latex/graphics/keyval.sty
Package: keyval 2014/10/28 v1.15 key=value parser (DPC)
\KV@toks@=\toks14
))
\beamer@paperwidth=\skip48
\beamer@paperheight=\skip49

(/usr/share/texlive/texmf-dist/tex/latex/geometry/geometry.sty
Package: geometry 2020/01/02 v5.9 Page Geometry

(/usr/share/texlive/texmf-dist/tex/generic/iftex/ifvtex.sty
Package: ifvtex 2019/10/25 v1.7 ifvtex legacy package. Use iftex instead.
)
\Gm@cnth=\count188
\Gm@cntv=\count189
\c@Gm@tempcnt=\count190
\Gm@bindingoffset=\dimen150
\Gm@wd@mp=\dimen151
\Gm@odd@mp=\dimen152
\Gm@even@mp=\dimen153
\Gm@layoutwidth=\dimen154
\Gm@layoutheight=\dimen155
\Gm@layouthoffset=\dimen156
\Gm@layoutvoffset=\dimen157
\Gm@dimlist=\toks15
)
(/usr/share/texlive/texmf-dist/tex/latex/extsizes/size17.clo
File: size17.clo 1999/11/11 NON-Standard LaTeX file (size option)
luaotfload | db : Font names database loaded from /home/max/.texlive2019/texmf-v
ar/luatex-cache/generic-dev/names/luaotfload-names.luc)
(/usr/share/texlive/texmf-dist/tex/latex/pgf/basiclayer/pgfcore.sty
(/usr/share/texlive/texmf-dist/tex/latex/graphics/graphicx.sty
Package: graphicx 2019/11/30 v1.2a Enhanced LaTeX Graphics (DPC,SPQR)

(/usr/share/texlive/texmf-dist/tex/latex/graphics/graphics.sty
Package: graphics 2019/11/30 v1.4a Standard LaTeX Graphics (DPC,SPQR)

(/usr/share/texlive/texmf-dist/tex/latex/graphics/trig.sty
Package: trig 2016/01/03 v1.10 sin cos tan (DPC)
)
(/usr/share/texlive/texmf-dist/tex/latex/graphics-cfg/graphics.cfg
File: graphics.cfg 2016/06/04 v1.11 sample graphics configuration
)
Package graphics Info: Driver file: luatex.def on input line 105.

(/usr/share/texlive/texmf-dist/tex/latex/graphics-def/luatex.def
File: luatex.def 2018/01/08 v1.0l Graphics/color driver for luatex
))
\Gin@req@height=\dimen158
\Gin@req@width=\dimen159
)
(/usr/share/texlive/texmf-dist/tex/latex/pgf/systemlayer/pgfsys.sty
(/usr/share/texlive/texmf-dist/tex/latex/pgf/utilities/pgfrcs.sty
(/usr/share/texlive/texmf-dist/tex/generic/pgf/utilities/pgfutil-common.tex
\pgfutil@everybye=\toks16
\pgfutil@tempdima=\dimen160
\pgfutil@tempdimb=\dimen161

(/usr/share/texlive/texmf-dist/tex/generic/pgf/utilities/pgfutil-common-lists.t
ex)) (/usr/share/texlive/texmf-dist/tex/generic/pgf/utilities/pgfutil-latex.def
\pgfutil@abb=\box54
(/usr/share/texlive/texmf-dist/tex/latex/ms/everyshi.sty
Package: everyshi 2001/05/15 v3.00 EveryShipout Package (MS)
))
(/usr/share/texlive/texmf-dist/tex/generic/pgf/utilities/pgfrcs.code.tex
(/usr/share/texlive/texmf-dist/tex/generic/pgf/pgf.revision.tex)
Package: pgfrcs 2020/01/08 v3.1.5b (3.1.5b)
))
(/usr/share/texlive/texmf-dist/tex/generic/pgf/systemlayer/pgfsys.code.tex
Package: pgfsys 2020/01/08 v3.1.5b (3.1.5b)

(/usr/share/texlive/texmf-dist/tex/generic/pgf/utilities/pgfkeys.code.tex
\pgfkeys@pathtoks=\toks17
\pgfkeys@temptoks=\toks18

(/usr/share/texlive/texmf-dist/tex/generic/pgf/utilities/pgfkeysfiltered.code.t
ex
\pgfkeys@tmptoks=\toks19
))
\pgf@x=\dimen162
\pgf@y=\dimen163
\pgf@xa=\dimen164
\pgf@ya=\dimen165
\pgf@xb=\dimen166
\pgf@yb=\dimen167
\pgf@xc=\dimen168
\pgf@yc=\dimen169
\pgf@xd=\dimen170
\pgf@yd=\dimen171
\w@pgf@writea=\write3
\r@pgf@reada=\read2
\c@pgf@counta=\count191
\c@pgf@countb=\count192
\c@pgf@countc=\count193
\c@pgf@countd=\count194
\t@pgf@toka=\toks20
\t@pgf@tokb=\toks21
\t@pgf@tokc=\toks22
\pgf@sys@id@count=\count195
 (/usr/share/texlive/texmf-dist/tex/generic/pgf/systemlayer/pgf.cfg
File: pgf.cfg 2020/01/08 v3.1.5b (3.1.5b)
)
Driver file for pgf: pgfsys-luatex.def

(/usr/share/texlive/texmf-dist/tex/generic/pgf/systemlayer/pgfsys-luatex.def
File: pgfsys-luatex.def 2020/01/08 v3.1.5b (3.1.5b)

(/usr/share/texlive/texmf-dist/tex/generic/pgf/systemlayer/pgfsys-common-pdf.de
f
File: pgfsys-common-pdf.def 2020/01/08 v3.1.5b (3.1.5b)
)))
(/usr/share/texlive/texmf-dist/tex/generic/pgf/systemlayer/pgfsyssoftpath.code.
tex
File: pgfsyssoftpath.code.tex 2020/01/08 v3.1.5b (3.1.5b)
\pgfsyssoftpath@smallbuffer@items=\count196
\pgfsyssoftpath@bigbuffer@items=\count197
)
(/usr/share/texlive/texmf-dist/tex/generic/pgf/systemlayer/pgfsysprotocol.code.
tex
File: pgfsysprotocol.code.tex 2020/01/08 v3.1.5b (3.1.5b)
)) (/usr/share/texlive/texmf-dist/tex/latex/xcolor/xcolor.sty
Package: xcolor 2016/05/11 v2.12 LaTeX color extensions (UK)

(/usr/share/texlive/texmf-dist/tex/latex/graphics-cfg/color.cfg
File: color.cfg 2016/01/02 v1.6 sample color configuration
)
Package xcolor Info: Driver file: luatex.def on input line 225.
Package xcolor Info: Model `cmy' substituted by `cmy0' on input line 1348.
Package xcolor Info: Model `hsb' substituted by `rgb' on input line 1352.
Package xcolor Info: Model `RGB' extended on input line 1364.
Package xcolor Info: Model `HTML' substituted by `rgb' on input line 1366.
Package xcolor Info: Model `Hsb' substituted by `hsb' on input line 1367.
Package xcolor Info: Model `tHsb' substituted by `hsb' on input line 1368.
Package xcolor Info: Model `HSB' substituted by `hsb' on input line 1369.
Package xcolor Info: Model `Gray' substituted by `gray' on input line 1370.
Package xcolor Info: Model `wave' substituted by `hsb' on input line 1371.
)
(/usr/share/texlive/texmf-dist/tex/generic/pgf/basiclayer/pgfcore.code.tex
Package: pgfcore 2020/01/08 v3.1.5b (3.1.5b)

(/usr/share/texlive/texmf-dist/tex/generic/pgf/math/pgfmath.code.tex
(/usr/share/texlive/texmf-dist/tex/generic/pgf/math/pgfmathcalc.code.tex
(/usr/share/texlive/texmf-dist/tex/generic/pgf/math/pgfmathutil.code.tex)
(/usr/share/texlive/texmf-dist/tex/generic/pgf/math/pgfmathparser.code.tex
\pgfmath@dimen=\dimen172
\pgfmath@count=\count198
\pgfmath@box=\box55
\pgfmath@toks=\toks23
\pgfmath@stack@operand=\toks24
\pgfmath@stack@operation=\toks25
)
(/usr/share/texlive/texmf-dist/tex/generic/pgf/math/pgfmathfunctions.code.tex
(/usr/share/texlive/texmf-dist/tex/generic/pgf/math/pgfmathfunctions.basic.code
.tex)
(/usr/share/texlive/texmf-dist/tex/generic/pgf/math/pgfmathfunctions.trigonomet
ric.code.tex)
(/usr/share/texlive/texmf-dist/tex/generic/pgf/math/pgfmathfunctions.random.cod
e.tex)
(/usr/share/texlive/texmf-dist/tex/generic/pgf/math/pgfmathfunctions.comparison
.code.tex)
(/usr/share/texlive/texmf-dist/tex/generic/pgf/math/pgfmathfunctions.base.code.
tex)
(/usr/share/texlive/texmf-dist/tex/generic/pgf/math/pgfmathfunctions.round.code
.tex)
(/usr/share/texlive/texmf-dist/tex/generic/pgf/math/pgfmathfunctions.misc.code.
tex)
(/usr/share/texlive/texmf-dist/tex/generic/pgf/math/pgfmathfunctions.integerari
thmetics.code.tex)))
(/usr/share/texlive/texmf-dist/tex/generic/pgf/math/pgfmathfloat.code.tex
\c@pgfmathroundto@lastzeros=\count199
))
(/usr/share/texlive/texmf-dist/tex/generic/pgf/math/pgfint.code.tex)
(/usr/share/texlive/texmf-dist/tex/generic/pgf/basiclayer/pgfcorepoints.code.te
x
File: pgfcorepoints.code.tex 2020/01/08 v3.1.5b (3.1.5b)
\pgf@picminx=\dimen173
\pgf@picmaxx=\dimen174
\pgf@picminy=\dimen175
\pgf@picmaxy=\dimen176
\pgf@pathminx=\dimen177
\pgf@pathmaxx=\dimen178
\pgf@pathminy=\dimen179
\pgf@pathmaxy=\dimen180
\pgf@xx=\dimen181
\pgf@xy=\dimen182
\pgf@yx=\dimen183
\pgf@yy=\dimen184
\pgf@zx=\dimen185
\pgf@zy=\dimen186
)
(/usr/share/texlive/texmf-dist/tex/generic/pgf/basiclayer/pgfcorepathconstruct.
code.tex
File: pgfcorepathconstruct.code.tex 2020/01/08 v3.1.5b (3.1.5b)
\pgf@path@lastx=\dimen187
\pgf@path@lasty=\dimen188
)
(/usr/share/texlive/texmf-dist/tex/generic/pgf/basiclayer/pgfcorepathusage.code
.tex
File: pgfcorepathusage.code.tex 2020/01/08 v3.1.5b (3.1.5b)
\pgf@shorten@end@additional=\dimen189
\pgf@shorten@start@additional=\dimen190
)
(/usr/share/texlive/texmf-dist/tex/generic/pgf/basiclayer/pgfcorescopes.code.te
x
File: pgfcorescopes.code.tex 2020/01/08 v3.1.5b (3.1.5b)
\pgfpic=\box56
\pgf@hbox=\box57
\pgf@layerbox@main=\box58
\pgf@picture@serial@count=\count266
)
(/usr/share/texlive/texmf-dist/tex/generic/pgf/basiclayer/pgfcoregraphicstate.c
ode.tex
File: pgfcoregraphicstate.code.tex 2020/01/08 v3.1.5b (3.1.5b)
\pgflinewidth=\dimen191
)
(/usr/share/texlive/texmf-dist/tex/generic/pgf/basiclayer/pgfcoretransformation
s.code.tex
File: pgfcoretransformations.code.tex 2020/01/08 v3.1.5b (3.1.5b)
\pgf@pt@x=\dimen192
\pgf@pt@y=\dimen193
\pgf@pt@temp=\dimen194
)
(/usr/share/texlive/texmf-dist/tex/generic/pgf/basiclayer/pgfcorequick.code.tex
File: pgfcorequick.code.tex 2020/01/08 v3.1.5b (3.1.5b)
)
(/usr/share/texlive/texmf-dist/tex/generic/pgf/basiclayer/pgfcoreobjects.code.t
ex
File: pgfcoreobjects.code.tex 2020/01/08 v3.1.5b (3.1.5b)
)
(/usr/share/texlive/texmf-dist/tex/generic/pgf/basiclayer/pgfcorepathprocessing
.code.tex
File: pgfcorepathprocessing.code.tex 2020/01/08 v3.1.5b (3.1.5b)
)
(/usr/share/texlive/texmf-dist/tex/generic/pgf/basiclayer/pgfcorearrows.code.te
x
File: pgfcorearrows.code.tex 2020/01/08 v3.1.5b (3.1.5b)
\pgfarrowsep=\dimen195
)
(/usr/share/texlive/texmf-dist/tex/generic/pgf/basiclayer/pgfcoreshade.code.tex
File: pgfcoreshade.code.tex 2020/01/08 v3.1.5b (3.1.5b)
\pgf@max=\dimen196
\pgf@sys@shading@range@num=\count267
\pgf@shadingcount=\count268
)
(/usr/share/texlive/texmf-dist/tex/generic/pgf/basiclayer/pgfcoreimage.code.tex
File: pgfcoreimage.code.tex 2020/01/08 v3.1.5b (3.1.5b)

(/usr/share/texlive/texmf-dist/tex/generic/pgf/basiclayer/pgfcoreexternal.code.
tex
File: pgfcoreexternal.code.tex 2020/01/08 v3.1.5b (3.1.5b)
\pgfexternal@startupbox=\box59
))
(/usr/share/texlive/texmf-dist/tex/generic/pgf/basiclayer/pgfcorelayers.code.te
x
File: pgfcorelayers.code.tex 2020/01/08 v3.1.5b (3.1.5b)
)
(/usr/share/texlive/texmf-dist/tex/generic/pgf/basiclayer/pgfcoretransparency.c
ode.tex
File: pgfcoretransparency.code.tex 2020/01/08 v3.1.5b (3.1.5b)
)
(/usr/share/texlive/texmf-dist/tex/generic/pgf/basiclayer/pgfcorepatterns.code.
tex
File: pgfcorepatterns.code.tex 2020/01/08 v3.1.5b (3.1.5b)
)
(/usr/share/texlive/texmf-dist/tex/generic/pgf/basiclayer/pgfcorerdf.code.tex
File: pgfcorerdf.code.tex 2020/01/08 v3.1.5b (3.1.5b)
))) (/usr/share/texlive/texmf-dist/tex/latex/pgf/utilities/xxcolor.sty
Package: xxcolor 2003/10/24 ver 0.1
\XC@nummixins=\count269
\XC@countmixins=\count270
)
(/usr/share/texlive/texmf-dist/tex/generic/atbegshi/atbegshi.sty
Package: atbegshi 2019/12/05 v1.19 At begin shipout hook (HO)

(/usr/share/texlive/texmf-dist/tex/generic/infwarerr/infwarerr.sty
Package: infwarerr 2019/12/03 v1.5 Providing info/warning/error messages (HO)
)
(/usr/share/texlive/texmf-dist/tex/generic/ltxcmds/ltxcmds.sty
Package: ltxcmds 2019/12/15 v1.24 LaTeX kernel commands for general use (HO)
))
(/usr/share/texlive/texmf-dist/tex/latex/hyperref/hyperref.sty
Package: hyperref 2020/01/14 v7.00d Hypertext links for LaTeX

(/usr/share/texlive/texmf-dist/tex/latex/pdftexcmds/pdftexcmds.sty
Package: pdftexcmds 2019/11/24 v0.31 Utility functions of pdfTeX for LuaTeX (HO)

Package pdftexcmds Info: \pdf@primitive is available.
Package pdftexcmds Info: \pdf@ifprimitive is available.
Package pdftexcmds Info: \pdfdraftmode found.
\pdftexcmds@toks=\toks26
)
(/usr/share/texlive/texmf-dist/tex/generic/kvsetkeys/kvsetkeys.sty
Package: kvsetkeys 2019/12/15 v1.18 Key value parser (HO)
)
(/usr/share/texlive/texmf-dist/tex/generic/kvdefinekeys/kvdefinekeys.sty
Package: kvdefinekeys 2019-12-19 v1.6 Define keys (HO)
)
(/usr/share/texlive/texmf-dist/tex/generic/pdfescape/pdfescape.sty
Package: pdfescape 2019/12/09 v1.15 Implements pdfTeX's escape features (HO)
)
(/usr/share/texlive/texmf-dist/tex/latex/hycolor/hycolor.sty
Package: hycolor 2020-01-27 v1.10 Color options for hyperref/bookmark (HO)
)
(/usr/share/texlive/texmf-dist/tex/latex/letltxmacro/letltxmacro.sty
Package: letltxmacro 2019/12/03 v1.6 Let assignment for LaTeX macros (HO)
)
(/usr/share/texlive/texmf-dist/tex/latex/auxhook/auxhook.sty
Package: auxhook 2019-12-17 v1.6 Hooks for auxiliary files (HO)
)
(/usr/share/texlive/texmf-dist/tex/latex/kvoptions/kvoptions.sty
Package: kvoptions 2019/11/29 v3.13 Key value format for package options (HO)
)
\@linkdim=\dimen197
\Hy@linkcounter=\count271
\Hy@pagecounter=\count272

(/usr/share/texlive/texmf-dist/tex/latex/hyperref/pd1enc.def
File: pd1enc.def 2020/01/14 v7.00d Hyperref: PDFDocEncoding definition (HO)
)
(/usr/share/texlive/texmf-dist/tex/generic/intcalc/intcalc.sty
Package: intcalc 2019/12/15 v1.3 Expandable calculations with integers (HO)
)
(/usr/share/texlive/texmf-dist/tex/generic/etexcmds/etexcmds.sty
Package: etexcmds 2019/12/15 v1.7 Avoid name clashes with e-TeX commands (HO)
)
\Hy@SavedSpaceFactor=\count273
Package hyperref Info: Option `bookmarks' set `true' on input line 4421.
Package hyperref Info: Option `bookmarksopen' set `true' on input line 4421.
Package hyperref Info: Option `implicit' set `false' on input line 4421.
Package hyperref Info: Hyper figures OFF on input line 4547.
Package hyperref Info: Link nesting OFF on input line 4552.
Package hyperref Info: Hyper index ON on input line 4555.
Package hyperref Info: Plain pages OFF on input line 4562.
Package hyperref Info: Backreferencing OFF on input line 4567.
Package hyperref Info: Implicit mode OFF; no redefinition of LaTeX internals.
Package hyperref Info: Bookmarks ON on input line 4800.
\c@Hy@tempcnt=\count274

(/usr/share/texlive/texmf-dist/tex/latex/url/url.sty
\Urlmuskip=\muskip16
Package: url 2013/09/16  ver 3.4  Verb mode for urls, etc.
)
LaTeX Info: Redefining \url on input line 5159.
\XeTeXLinkMargin=\dimen198

(/usr/share/texlive/texmf-dist/tex/generic/bitset/bitset.sty
Package: bitset 2019/12/09 v1.3 Handle bit-vector datatype (HO)

(/usr/share/texlive/texmf-dist/tex/generic/bigintcalc/bigintcalc.sty
Package: bigintcalc 2019/12/15 v1.5 Expandable calculations on big integers (HO)

))
\Fld@menulength=\count275
\Field@Width=\dimen199
\Fld@charsize=\dimen256
Package hyperref Info: Hyper figures OFF on input line 6430.
Package hyperref Info: Link nesting OFF on input line 6435.
Package hyperref Info: Hyper index ON on input line 6438.
Package hyperref Info: backreferencing OFF on input line 6445.
Package hyperref Info: Link coloring OFF on input line 6450.
Package hyperref Info: Link coloring with OCG OFF on input line 6455.
Package hyperref Info: PDF/A mode OFF on input line 6460.
LaTeX Info: Redefining \ref on input line 6500.
LaTeX Info: Redefining \pageref on input line 6504.
\Hy@abspage=\count276


Package hyperref Message: Stopped early.

)
Package hyperref Info: Driver (autodetected): hluatex.
 (/usr/share/texlive/texmf-dist/tex/latex/hyperref/hluatex.def
File: hluatex.def 2020/01/14 v7.00d Hyperref driver for luaTeX

(/usr/share/texlive/texmf-dist/tex/latex/hyperref/puenc.def
File: puenc.def 2020/01/14 v7.00d Hyperref: PDF Unicode definition (HO)
)
(/usr/share/texlive/texmf-dist/tex/generic/stringenc/stringenc.sty
Package: stringenc 2019/11/29 v1.12 Convert strings between diff. encodings (HO)

)
(/usr/share/texlive/texmf-dist/tex/latex/atveryend/atveryend.sty
Package: atveryend 2019-12-11 v1.11 Hooks at the very end of document (HO)
)
\Fld@listcount=\count277
\c@bookmark@seq@number=\count278

(/usr/share/texlive/texmf-dist/tex/latex/rerunfilecheck/rerunfilecheck.sty
Package: rerunfilecheck 2019/12/05 v1.9 Rerun checks for auxiliary files (HO)

(/usr/share/texlive/texmf-dist/tex/generic/uniquecounter/uniquecounter.sty
Package: uniquecounter 2019/12/15 v1.4 Provide unlimited unique counter (HO)
)
Package uniquecounter Info: New unique counter `rerunfilecheck' on input line 28
6.
))
(/usr/share/texlive/texmf-dist/tex/latex/beamer/beamerbaserequires.sty
(/usr/share/texlive/texmf-dist/tex/latex/beamer/beamerbasecompatibility.sty)
(/usr/share/texlive/texmf-dist/tex/latex/beamer/beamerbasefont.sty
(/usr/share/texlive/texmf-dist/tex/latex/amsfonts/amssymb.sty
Package: amssymb 2013/01/14 v3.01 AMS font symbols

(/usr/share/texlive/texmf-dist/tex/latex/amsfonts/amsfonts.sty
Package: amsfonts 2013/01/14 v3.01 Basic AMSFonts support
\@emptytoks=\toks27
\symAMSa=\mathgroup4
\symAMSb=\mathgroup5
LaTeX Font Info:    Redeclaring math symbol \hbar on input line 98.
LaTeX Font Info:    Overwriting math alphabet `\mathfrak' in version `bold'
(Font)                  U/euf/m/n --> U/euf/b/n on input line 106.
))
(/usr/share/texlive/texmf-dist/tex/latex/sansmathaccent/sansmathaccent.sty
Package: sansmathaccent 2020/01/31

(/usr/share/texlive/texmf-dist/tex/latex/koma-script/scrlfile.sty
Package: scrlfile 2020/01/24 v3.29 KOMA-Script package (loading files)
)))
(/usr/share/texlive/texmf-dist/tex/latex/beamer/beamerbasetranslator.sty
(/usr/share/texlive/texmf-dist/tex/latex/translator/translator.sty
Package: translator 2019-05-31 v1.12a Easy translation of strings in LaTeX
))
(/usr/share/texlive/texmf-dist/tex/latex/beamer/beamerbasemisc.sty)
(/usr/share/texlive/texmf-dist/tex/latex/beamer/beamerbasetwoscreens.sty)
(/usr/share/texlive/texmf-dist/tex/latex/beamer/beamerbaseoverlay.sty
\beamer@argscount=\count279
\beamer@lastskipcover=\skip50
\beamer@trivlistdepth=\count280
)
(/usr/share/texlive/texmf-dist/tex/latex/beamer/beamerbasetitle.sty)
(/usr/share/texlive/texmf-dist/tex/latex/beamer/beamerbasesection.sty
\c@lecture=\count281
\c@part=\count282
\c@section=\count283
\c@subsection=\count284
\c@subsubsection=\count285
)
(/usr/share/texlive/texmf-dist/tex/latex/beamer/beamerbaseframe.sty
\beamer@framebox=\box60
\beamer@frametitlebox=\box61
\beamer@zoombox=\box62
\beamer@zoomcount=\count286
\beamer@zoomframecount=\count287
\beamer@frametextheight=\dimen257
\c@subsectionslide=\count288
\beamer@frametopskip=\skip51
\beamer@framebottomskip=\skip52
\beamer@frametopskipautobreak=\skip53
\beamer@framebottomskipautobreak=\skip54
\beamer@envbody=\toks28
\framewidth=\dimen258
\c@framenumber=\count289
)
(/usr/share/texlive/texmf-dist/tex/latex/beamer/beamerbaseverbatim.sty
\beamer@verbatimfileout=\write4
)
(/usr/share/texlive/texmf-dist/tex/latex/beamer/beamerbaseframesize.sty
\beamer@splitbox=\box63
\beamer@autobreakcount=\count290
\beamer@autobreaklastheight=\dimen259
\beamer@frametitletoks=\toks29
\beamer@framesubtitletoks=\toks30
)
(/usr/share/texlive/texmf-dist/tex/latex/beamer/beamerbaseframecomponents.sty
\beamer@footins=\box64
)
(/usr/share/texlive/texmf-dist/tex/latex/beamer/beamerbasecolor.sty)
(/usr/share/texlive/texmf-dist/tex/latex/beamer/beamerbasenotes.sty
\beamer@frameboxcopy=\box65
)
(/usr/share/texlive/texmf-dist/tex/latex/beamer/beamerbasetoc.sty)
(/usr/share/texlive/texmf-dist/tex/latex/beamer/beamerbasetemplates.sty
\beamer@sbttoks=\toks31

(/usr/share/texlive/texmf-dist/tex/latex/beamer/beamerbaseauxtemplates.sty
(/usr/share/texlive/texmf-dist/tex/latex/beamer/beamerbaseboxes.sty
\bmb@box=\box66
\bmb@colorbox=\box67
\bmb@boxshadow=\box68
\bmb@boxshadowball=\box69
\bmb@boxshadowballlarge=\box70
\bmb@temp=\dimen260
\bmb@dima=\dimen261
\bmb@dimb=\dimen262
\bmb@prevheight=\dimen263
)
\beamer@blockheadheight=\dimen264
))
(/usr/share/texlive/texmf-dist/tex/latex/beamer/beamerbaselocalstructure.sty
(/usr/share/texlive/texmf-dist/tex/latex/tools/enumerate.sty
Package: enumerate 2015/07/23 v3.00 enumerate extensions (DPC)
\@enLab=\toks32
)
\c@figure=\count291
\c@table=\count292
\abovecaptionskip=\skip55
\belowcaptionskip=\skip56
)
(/usr/share/texlive/texmf-dist/tex/latex/beamer/beamerbasenavigation.sty
\beamer@section@min@dim=\dimen265
)
(/usr/share/texlive/texmf-dist/tex/latex/beamer/beamerbasetheorems.sty
(/usr/share/texlive/texmf-dist/tex/latex/amsmath/amsmath.sty
Package: amsmath 2020/01/20 v2.17e AMS math features
\@mathmargin=\skip57

For additional information on amsmath, use the `?' option.
(/usr/share/texlive/texmf-dist/tex/latex/amsmath/amstext.sty
Package: amstext 2000/06/29 v2.01 AMS text

(/usr/share/texlive/texmf-dist/tex/latex/amsmath/amsgen.sty
File: amsgen.sty 1999/11/30 v2.0 generic functions
\@emptytoks=\toks33
\ex@=\dimen266
))
(/usr/share/texlive/texmf-dist/tex/latex/amsmath/amsbsy.sty
Package: amsbsy 1999/11/29 v1.2d Bold Symbols
\pmbraise@=\dimen267
)
(/usr/share/texlive/texmf-dist/tex/latex/amsmath/amsopn.sty
Package: amsopn 2016/03/08 v2.02 operator names
)
\inf@bad=\count293
LaTeX Info: Redefining \frac on input line 227.
\uproot@=\count294
\leftroot@=\count295
LaTeX Info: Redefining \overline on input line 389.
\classnum@=\count296
\DOTSCASE@=\count297
LaTeX Info: Redefining \ldots on input line 486.
LaTeX Info: Redefining \dots on input line 489.
LaTeX Info: Redefining \cdots on input line 610.
\Mathstrutbox@=\box71
\strutbox@=\box72
\big@size=\dimen268
LaTeX Font Info:    Redeclaring font encoding OML on input line 733.
LaTeX Font Info:    Redeclaring font encoding OMS on input line 734.
\macc@depth=\count298
\c@MaxMatrixCols=\count299
\dotsspace@=\muskip17
\c@parentequation=\count300
\dspbrk@lvl=\count301
\tag@help=\toks34
\row@=\count302
\column@=\count303
\maxfields@=\count304
\andhelp@=\toks35
\eqnshift@=\dimen269
\alignsep@=\dimen270
\tagshift@=\dimen271
\tagwidth@=\dimen272
\totwidth@=\dimen273
\lineht@=\dimen274
\@envbody=\toks36
\multlinegap=\skip58
\multlinetaggap=\skip59
\mathdisplay@stack=\toks37
LaTeX Info: Redefining \[ on input line 2859.
LaTeX Info: Redefining \] on input line 2860.
)
(/usr/share/texlive/texmf-dist/tex/latex/amscls/amsthm.sty
Package: amsthm 2017/10/31 v2.20.4
\thm@style=\toks38
\thm@bodyfont=\toks39
\thm@headfont=\toks40
\thm@notefont=\toks41
\thm@headpunct=\toks42
\thm@preskip=\skip60
\thm@postskip=\skip61
\thm@headsep=\skip62
\dth@everypar=\toks43
)
\c@theorem=\count305
)
(/usr/share/texlive/texmf-dist/tex/latex/beamer/beamerbasethemes.sty))
(/usr/share/texlive/texmf-dist/tex/latex/beamer/beamerthemedefault.sty
(/usr/share/texlive/texmf-dist/tex/latex/beamer/beamerfontthemedefault.sty)
(/usr/share/texlive/texmf-dist/tex/latex/beamer/beamercolorthemedefault.sty)
(/usr/share/texlive/texmf-dist/tex/latex/beamer/beamerinnerthemedefault.sty
\beamer@dima=\dimen275
\beamer@dimb=\dimen276
)
(/usr/share/texlive/texmf-dist/tex/latex/beamer/beamerouterthemedefault.sty)))
(/usr/share/texlive/texmf-dist/tex/latex/mathtools/mathtools.sty
Package: mathtools 2020/01/17 v1.23 mathematical typesetting tools

(/usr/share/texlive/texmf-dist/tex/latex/tools/calc.sty
Package: calc 2017/05/25 v4.3 Infix arithmetic (KKT,FJ)
\calc@Acount=\count306
\calc@Bcount=\count307
\calc@Adimen=\dimen277
\calc@Bdimen=\dimen278
\calc@Askip=\skip63
\calc@Bskip=\skip64
LaTeX Info: Redefining \setlength on input line 80.
LaTeX Info: Redefining \addtolength on input line 81.
\calc@Ccount=\count308
\calc@Cskip=\skip65
)
(/usr/share/texlive/texmf-dist/tex/latex/mathtools/mhsetup.sty
Package: mhsetup 2017/03/31 v1.3 programming setup (MH)
)
LaTeX Info: Thecontrolsequence`\('isalreadyrobust on input line 129.
LaTeX Info: Thecontrolsequence`\)'isalreadyrobust on input line 129.
LaTeX Info: Thecontrolsequence`\['isalreadyrobust on input line 129.
LaTeX Info: Thecontrolsequence`\]'isalreadyrobust on input line 129.
\g_MT_multlinerow_int=\count309
\l_MT_multwidth_dim=\dimen279
\origjot=\skip66
\l_MT_shortvdotswithinadjustabove_dim=\dimen280
\l_MT_shortvdotswithinadjustbelow_dim=\dimen281
\l_MT_above_intertext_sep=\dimen282
\l_MT_below_intertext_sep=\dimen283
\l_MT_above_shortintertext_sep=\dimen284
\l_MT_below_shortintertext_sep=\dimen285
)
(./beamerthemekthpq.sty
Package: beamerthemekthpq 2023/10/05
 (./kthpq-files/beamerfontthemekthpq.sty
(/usr/share/texlive/texmf-dist/tex/latex/fontspec/fontspec.sty
(/usr/share/texlive/texmf-dist/tex/latex/l3packages/xparse/xparse.sty
(/usr/share/texlive/texmf-dist/tex/latex/l3kernel/expl3.sty
Package: expl3 2020-02-14 L3 programming layer (loader) 

(/usr/share/texlive/texmf-dist/tex/latex/l3backend/l3backend-pdfmode.def
File: l3backend-pdfmode.def 2020-02-03 L3 backend support: PDF mode
\l__kernel_color_stack_int=\count310
\l__pdf_internal_box=\box73
))
Package: xparse 2020-02-14 L3 Experimental document command parser
\l__xparse_current_arg_int=\count311
\g__xparse_grabber_int=\count312
\l__xparse_m_args_int=\count313
\l__xparse_v_nesting_int=\count314
)
Package: fontspec 2020/02/03 v2.7h Font selection for XeLaTeX and LuaLaTeX
Lua module: fontspec 2020/02/03 2.7h Font selection for XeLaTeX and LuaLaTeX
(/usr/share/texlive/texmf-dist/tex/latex/fontspec/fontspec-luatex.sty
Package: fontspec-luatex 2020/02/03 v2.7h Font selection for XeLaTeX and LuaLaTe
X
\l__fontspec_script_int=\count315
\l__fontspec_language_int=\count316
\l__fontspec_strnum_int=\count317
\l__fontspec_tmp_int=\count318
\l__fontspec_tmpa_int=\count319
\l__fontspec_tmpb_int=\count320
\l__fontspec_tmpc_int=\count321
\l__fontspec_em_int=\count322
\l__fontspec_emdef_int=\count323
\l__fontspec_strong_int=\count324
\l__fontspec_strongdef_int=\count325
\l__fontspec_tmpa_dim=\dimen286
\l__fontspec_tmpb_dim=\dimen287
\l__fontspec_tmpc_dim=\dimen288

(/usr/share/texlive/texmf-dist/tex/latex/base/fontenc.sty
Package: fontenc 2020/02/11 v2.0o Standard LaTeX package
)
(/usr/share/texlive/texmf-dist/tex/latex/fontspec/fontspec.cfg)))
luaotfload | cache : Lookup cache loaded from /home/max/.texlive2019/texmf-var/l
uatex-cache/generic-dev/names/luaotfload-lookup-cache.luc.
luaotfload | aux : font no 29 (nil) defines no feature for script latn
luaotfload | aux : font no 29 (nil) defines no feature for script dflt
luaotfload | aux : font no 39 (nil) does not define feature smcp for script latn
 with language dflt
luaotfload | aux : font no 40 (nil) does not define feature smcp for script latn
 with language dflt
luaotfload | aux : font no 41 (nil) does not define feature smcp for script latn
 with language dflt
luaotfload | aux : font no 42 (nil) does not define feature smcp for script latn
 with language dflt
luaotfload | aux : font no 45 (nil) defines no feature for script latn
luaotfload | aux : font no 45 (nil) defines no feature for script dflt
(/usr/share/texlive/texmf-dist/tex/latex/unicode-math/unicode-math.sty
Package: unicode-math 2020/01/31 v0.8q Unicode maths in XeLaTeX and LuaLaTeX

(/usr/share/texlive/texmf-dist/tex/latex/unicode-math/unicode-math-luatex.sty
Package: unicode-math-luatex 2020/01/31 v0.8q Unicode maths in XeLaTeX and LuaLa
TeX

(/usr/share/texlive/texmf-dist/tex/latex/l3packages/l3keys2e/l3keys2e.sty
Package: l3keys2e 2020-02-14 LaTeX2e option processing using LaTeX3 keys
)
(/usr/share/texlive/texmf-dist/tex/latex/base/fix-cm.sty
Package: fix-cm 2015/01/14 v1.1t fixes to LaTeX

(/usr/share/texlive/texmf-dist/tex/latex/base/ts1enc.def
File: ts1enc.def 2001/06/05 v3.0e (jk/car/fm) Standard LaTeX file
LaTeX Font Info:    Redeclaring font encoding TS1 on input line 47.
))
(/usr/share/texlive/texmf-dist/tex/lualatex/lualatex-math/lualatex-math.sty
Package: lualatex-math 2019/01/21 v1.8 Patches for mathematics typesetting with 
LuaLaTeX

(/usr/share/texlive/texmf-dist/tex/latex/filehook/filehook.sty
Package: filehook 2020/02/03 v0.7 Hooks for input files

(/usr/share/texlive/texmf-dist/tex/latex/filehook/filehook-scrlfile.sty
Package: filehook-scrlfile 2020/02/02 v0.2 filehook patch for scrlfile package
Package filehook Info: Package 'scrlfile' detected and compensated for on input 
line 107.
))
Lua module: lualatex-math 2013/08/03 1.3 Patches for mathematics typesetting wit
h LuaLaTeX

Package lualatex-math Info: I'm going to patch macro \subarray.


Package lualatex-math Info: I'm going to patch macro \frac .


Package lualatex-math Info: I'm going to patch macro \genfrac .


Package lualatex-math Info: I'm going to patch macro \MT_cramped_internal:Nn.

)
\g__um_fam_int=\count326
\g__um_fonts_used_int=\count327
\l__um_primecount_int=\count328
\g__um_primekern_muskip=\muskip18

(/usr/share/texlive/texmf-dist/tex/latex/unicode-math/unicode-math-table.tex))) (/usr/share/texlive/texmf-dist/tex/latex/firamath-otf/firamath-otf.sty
Package: firamath-otf 2019/04/03 v. 0.02a (Herbert Voss) Supports fira math font
s for all luatex/xetex .

(/usr/share/texlive/texmf-dist/tex/generic/iftex/ifxetex.sty
Package: ifxetex 2019/10/25 v0.7 ifxetex legacy package. Use iftex instead.
)
(/usr/share/texlive/texmf-dist/tex/generic/iftex/ifluatex.sty
Package: ifluatex 2019/10/25 v1.5 ifluatex legacy package. Use iftex instead.
)
(/usr/share/texlive/texmf-dist/tex/latex/xkeyval/xkeyval.sty
Package: xkeyval 2014/12/03 v2.7a package option processing (HA)

(/usr/share/texlive/texmf-dist/tex/generic/xkeyval/xkeyval.tex
(/usr/share/texlive/texmf-dist/tex/generic/xkeyval/xkvutils.tex
\XKV@toks=\toks44
\XKV@tempa@toks=\toks45
)
\XKV@depth=\count329
File: xkeyval.tex 2014/12/03 v2.7a key=value parser (HA)
))
(/usr/share/texlive/texmf-dist/tex/latex/base/textcomp.sty
Package: textcomp 2020/02/02 v2.0n Standard LaTeX package
)
luaotfload | aux : font no 50 (nil) does not define feature lnum for script math
 with language dflt
luaotfload | aux : font no 50 (nil) does not define feature tnum for script math
 with language dflt
luaotfload | aux : font no 52 (nil) does not define feature lnum for script math
 with language dflt
luaotfload | aux : font no 52 (nil) does not define feature tnum for script math
 with language dflt
LaTeX Font Info:    Font shape `TU/FiraMathRegular(0)/m/n' will be
(Font)              scaled to size 17.28pt on input line 76.
luaotfload | aux : font no 50 (nil) does not define feature lnum for script math
 with language dflt
luaotfload | aux : font no 50 (nil) does not define feature tnum for script math
 with language dflt
luaotfload | aux : font no 52 (nil) does not define feature lnum for script math
 with language dflt
luaotfload | aux : font no 52 (nil) does not define feature tnum for script math
 with language dflt
luaotfload | aux : font no 52 (nil) does not define feature lnum for script math
 with language dflt
luaotfload | aux : font no 52 (nil) does not define feature tnum for script math
 with language dflt
luaotfload | aux : font no 52 (nil) does not define feature lnum for script math
 with language dflt
luaotfload | aux : font no 52 (nil) does not define feature tnum for script math
 with language dflt
LaTeX Font Info:    Font shape `TU/FiraMathRegular(1)/m/n' will be
(Font)              scaled to size 17.28pt on input line 76.
LaTeX Font Info:    Encoding `OT1' has changed to `TU' for symbol font
(Font)              `operators' in the math version `normal' on input line 76.
LaTeX Font Info:    Overwriting symbol font `operators' in version `normal'
(Font)                  OT1/cmr/m/n --> TU/FiraMathRegular(1)/m/n on input line 
76.
LaTeX Font Info:    Encoding `OT1' has changed to `TU' for symbol font
(Font)              `operators' in the math version `bold' on input line 76.
LaTeX Font Info:    Overwriting symbol font `operators' in version `bold'
(Font)                  OT1/cmr/bx/n --> TU/FiraMathRegular(1)/b/n on input line
 76.
luaotfload | aux : font no 50 (nil) does not define feature lnum for script math
 with language dflt
luaotfload | aux : font no 50 (nil) does not define feature tnum for script math
 with language dflt
luaotfload | aux : font no 52 (nil) does not define feature lnum for script math
 with language dflt
luaotfload | aux : font no 52 (nil) does not define feature tnum for script math
 with language dflt
luaotfload | aux : font no 52 (nil) does not define feature lnum for script math
 with language dflt
luaotfload | aux : font no 52 (nil) does not define feature tnum for script math
 with language dflt
luaotfload | aux : font no 52 (nil) does not define feature lnum for script math
 with language dflt
luaotfload | aux : font no 52 (nil) does not define feature tnum for script math
 with language dflt
LaTeX Font Info:    Encoding `OMS' has changed to `TU' for symbol font
(Font)              `symbols' in the math version `normal' on input line 76.
LaTeX Font Info:    Overwriting symbol font `symbols' in version `normal'
(Font)                  OMS/cmsy/m/n --> TU/FiraMathRegular(2)/m/n on input line
 76.
LaTeX Font Info:    Encoding `OMS' has changed to `TU' for symbol font
(Font)              `symbols' in the math version `bold' on input line 76.
LaTeX Font Info:    Overwriting symbol font `symbols' in version `bold'
(Font)                  OMS/cmsy/b/n --> TU/FiraMathRegular(2)/b/n on input line
 76.
luaotfload | aux : font no 50 (nil) does not define feature lnum for script math
 with language dflt
luaotfload | aux : font no 50 (nil) does not define feature tnum for script math
 with language dflt
luaotfload | aux : font no 52 (nil) does not define feature lnum for script math
 with language dflt
luaotfload | aux : font no 52 (nil) does not define feature tnum for script math
 with language dflt
luaotfload | aux : font no 52 (nil) does not define feature lnum for script math
 with language dflt
luaotfload | aux : font no 52 (nil) does not define feature tnum for script math
 with language dflt
luaotfload | aux : font no 52 (nil) does not define feature lnum for script math
 with language dflt
luaotfload | aux : font no 52 (nil) does not define feature tnum for script math
 with language dflt
LaTeX Font Info:    Encoding `OMX' has changed to `TU' for symbol font
(Font)              `largesymbols' in the math version `normal' on input line 76
.
LaTeX Font Info:    Overwriting symbol font `largesymbols' in version `normal'
(Font)                  OMX/cmex/m/n --> TU/FiraMathRegular(3)/m/n on input line
 76.
LaTeX Font Info:    Encoding `OMX' has changed to `TU' for symbol font
(Font)              `largesymbols' in the math version `bold' on input line 76.
LaTeX Font Info:    Overwriting symbol font `largesymbols' in version `bold'
(Font)                  OMX/cmex/m/n --> TU/FiraMathRegular(3)/b/n on input line
 76.
LaTeX Font Info:    Font shape `TU/FiraMathRegular(1)/m/n' will be
(Font)              scaled to size 12.4416pt on input line 76.
LaTeX Font Info:    Font shape `TU/FiraMathRegular(1)/m/n' will be
(Font)              scaled to size 10.0224pt on input line 76.
LaTeX Font Info:    Font shape `TU/FiraMathRegular(2)/m/n' will be
(Font)              scaled to size 17.28183pt on input line 76.
LaTeX Font Info:    Font shape `TU/FiraMathRegular(2)/m/n' will be
(Font)              scaled to size 12.44293pt on input line 76.
LaTeX Font Info:    Font shape `TU/FiraMathRegular(2)/m/n' will be
(Font)              scaled to size 10.02347pt on input line 76.
LaTeX Font Info:    Font shape `TU/FiraMathRegular(3)/m/n' will be
(Font)              scaled to size 17.27815pt on input line 76.
LaTeX Font Info:    Font shape `TU/FiraMathRegular(3)/m/n' will be
(Font)              scaled to size 12.44026pt on input line 76.
LaTeX Font Info:    Font shape `TU/FiraMathRegular(3)/m/n' will be
(Font)              scaled to size 10.02132pt on input line 76.
LaTeX Font Info:    Trying to load font information for U+msa on input line 76.

(/usr/share/texlive/texmf-dist/tex/latex/amsfonts/umsa.fd
File: umsa.fd 2013/01/14 v3.01 AMS symbols A
)
LaTeX Font Info:    Trying to load font information for U+msb on input line 76.

(/usr/share/texlive/texmf-dist/tex/latex/amsfonts/umsb.fd
File: umsb.fd 2013/01/14 v3.01 AMS symbols B
)
\c@mv@pnum=\count330
LaTeX Font Info:    Font shape `TU/FiraMathRegular(4)/m/n' will be
(Font)              scaled to size 17.28pt on input line 78.
LaTeX Font Info:    Font shape `TU/FiraMathRegular(5)/m/n' will be
(Font)              scaled to size 17.28pt on input line 78.
LaTeX Font Info:    Encoding `OT1' has changed to `TU' for symbol font
(Font)              `operators' in the math version `pnum' on input line 78.
LaTeX Font Info:    Overwriting symbol font `operators' in version `pnum'
(Font)                  OT1/cmr/m/n --> TU/FiraMathRegular(5)/m/n on input line 
78.
LaTeX Font Info:    Encoding `OMS' has changed to `TU' for symbol font
(Font)              `symbols' in the math version `pnum' on input line 78.
LaTeX Font Info:    Overwriting symbol font `symbols' in version `pnum'
(Font)                  OMS/cmsy/m/n --> TU/FiraMathRegular(6)/m/n on input line
 78.
LaTeX Font Info:    Encoding `OMX' has changed to `TU' for symbol font
(Font)              `largesymbols' in the math version `pnum' on input line 78.
LaTeX Font Info:    Overwriting symbol font `largesymbols' in version `pnum'
(Font)                  OMX/cmex/m/n --> TU/FiraMathRegular(7)/m/n on input line
 78.
)
luaotfload | db : Reload initiated (formats: otf,ttf,ttc); reason: "File not fou
nd: kthpq-files/fonts/Figtree/otf/Figtree-Regular.".
luaotfload | aux : font no 73 (nil) defines no feature for script math
luaotfload | aux : font no 74 (nil) does not define feature ssty for script latn
 with language dflt
luaotfload | aux : font no 74 (nil) does not define feature ssty for script latn
 with language dflt
\sym__um_fam1=\mathgroup6
LaTeX Font Info:    Overwriting symbol font `__um_fam1' in version `normal'
(Font)                  TU/Figtree-Regular(0)/m/n --> TU/Figtree-Regular(0)/m/n 
on input line 97.
LaTeX Font Info:    Overwriting symbol font `__um_fam1' in version `bold'
(Font)                  TU/Figtree-Regular(0)/m/n --> TU/Figtree-Regular(0)/b/n 
on input line 97.
luaotfload | aux : font no 79 (nil) defines no feature for script math
luaotfload | aux : font no 80 (nil) does not define feature ssty for script latn
 with language dflt
luaotfload | aux : font no 80 (nil) does not define feature ssty for script latn
 with language dflt
\sym__um_fam2=\mathgroup7
LaTeX Font Info:    Overwriting symbol font `__um_fam2' in version `normal'
(Font)                  TU/Figtree-Italic(0)/m/n --> TU/Figtree-Italic(0)/m/n on
 input line 97.
LaTeX Font Info:    Overwriting symbol font `__um_fam2' in version `bold'
(Font)                  TU/Figtree-Italic(0)/m/n --> TU/Figtree-Italic(0)/b/n on
 input line 97.
luaotfload | aux : font no 85 (nil) defines no feature for script math
luaotfload | aux : font no 86 (nil) does not define feature ssty for script latn
 with language dflt
luaotfload | aux : font no 86 (nil) does not define feature ssty for script latn
 with language dflt
\sym__um_fam3=\mathgroup8
LaTeX Font Info:    Overwriting symbol font `__um_fam3' in version `normal'
(Font)                  TU/Figtree-Bold(0)/m/n --> TU/Figtree-Bold(0)/m/n on inp
ut line 97.
LaTeX Font Info:    Overwriting symbol font `__um_fam3' in version `bold'
(Font)                  TU/Figtree-Bold(0)/m/n --> TU/Figtree-Bold(0)/b/n on inp
ut line 97.
luaotfload | aux : font no 91 (nil) defines no feature for script math
luaotfload | aux : font no 92 (nil) does not define feature ssty for script latn
 with language dflt
luaotfload | aux : font no 92 (nil) does not define feature ssty for script latn
 with language dflt
\sym__um_fam4=\mathgroup9
LaTeX Font Info:    Overwriting symbol font `__um_fam4' in version `normal'
(Font)                  TU/Figtree-BoldItalic(0)/m/n --> TU/Figtree-BoldItalic(0
)/m/n on input line 97.
LaTeX Font Info:    Overwriting symbol font `__um_fam4' in version `bold'
(Font)                  TU/Figtree-BoldItalic(0)/m/n --> TU/Figtree-BoldItalic(0
)/b/n on input line 97.
\sym__um_fam5=\mathgroup10
LaTeX Font Info:    Overwriting symbol font `__um_fam5' in version `normal'
(Font)                  TU/LatinModernMath(0)/m/n --> TU/LatinModernMath(0)/m/n 
on input line 97.
LaTeX Font Info:    Overwriting symbol font `__um_fam5' in version `bold'
(Font)                  TU/LatinModernMath(0)/m/n --> TU/LatinModernMath(0)/b/n 
on input line 97.
)
(./kthpq-files/beamerinnerthemekthpq.sty
(/usr/share/texlive/texmf-dist/tex/latex/pgf/frontendlayer/tikz.sty
(/usr/share/texlive/texmf-dist/tex/latex/pgf/basiclayer/pgf.sty
Package: pgf 2020/01/08 v3.1.5b (3.1.5b)

(/usr/share/texlive/texmf-dist/tex/generic/pgf/modules/pgfmoduleshapes.code.tex
File: pgfmoduleshapes.code.tex 2020/01/08 v3.1.5b (3.1.5b)
\pgfnodeparttextbox=\box74
) (/usr/share/texlive/texmf-dist/tex/generic/pgf/modules/pgfmoduleplot.code.tex
File: pgfmoduleplot.code.tex 2020/01/08 v3.1.5b (3.1.5b)
)
(/usr/share/texlive/texmf-dist/tex/latex/pgf/compatibility/pgfcomp-version-0-65
.sty
Package: pgfcomp-version-0-65 2020/01/08 v3.1.5b (3.1.5b)
\pgf@nodesepstart=\dimen289
\pgf@nodesepend=\dimen290
)
(/usr/share/texlive/texmf-dist/tex/latex/pgf/compatibility/pgfcomp-version-1-18
.sty
Package: pgfcomp-version-1-18 2020/01/08 v3.1.5b (3.1.5b)
)) (/usr/share/texlive/texmf-dist/tex/latex/pgf/utilities/pgffor.sty
(/usr/share/texlive/texmf-dist/tex/latex/pgf/utilities/pgfkeys.sty
(/usr/share/texlive/texmf-dist/tex/generic/pgf/utilities/pgfkeys.code.tex))
(/usr/share/texlive/texmf-dist/tex/latex/pgf/math/pgfmath.sty
(/usr/share/texlive/texmf-dist/tex/generic/pgf/math/pgfmath.code.tex))
(/usr/share/texlive/texmf-dist/tex/generic/pgf/utilities/pgffor.code.tex
Package: pgffor 2020/01/08 v3.1.5b (3.1.5b)

(/usr/share/texlive/texmf-dist/tex/generic/pgf/math/pgfmath.code.tex)
\pgffor@iter=\dimen291
\pgffor@skip=\dimen292
\pgffor@stack=\toks46
\pgffor@toks=\toks47
))
(/usr/share/texlive/texmf-dist/tex/generic/pgf/frontendlayer/tikz/tikz.code.tex
Package: tikz 2020/01/08 v3.1.5b (3.1.5b)

(/usr/share/texlive/texmf-dist/tex/generic/pgf/libraries/pgflibraryplothandlers
.code.tex
File: pgflibraryplothandlers.code.tex 2020/01/08 v3.1.5b (3.1.5b)
\pgf@plot@mark@count=\count331
\pgfplotmarksize=\dimen293
)
\tikz@lastx=\dimen294
\tikz@lasty=\dimen295
\tikz@lastxsaved=\dimen296
\tikz@lastysaved=\dimen297
\tikz@lastmovetox=\dimen298
\tikz@lastmovetoy=\dimen299
\tikzleveldistance=\dimen300
\tikzsiblingdistance=\dimen301
\tikz@figbox=\box75
\tikz@figbox@bg=\box76
\tikz@tempbox=\box77
\tikz@tempbox@bg=\box78
\tikztreelevel=\count332
\tikznumberofchildren=\count333
\tikznumberofcurrentchild=\count334
\tikz@fig@count=\count335

(/usr/share/texlive/texmf-dist/tex/generic/pgf/modules/pgfmodulematrix.code.tex
File: pgfmodulematrix.code.tex 2020/01/08 v3.1.5b (3.1.5b)
\pgfmatrixcurrentrow=\count336
\pgfmatrixcurrentcolumn=\count337
\pgf@matrix@numberofcolumns=\count338
)
\tikz@expandcount=\count339

(/usr/share/texlive/texmf-dist/tex/generic/pgf/frontendlayer/tikz/libraries/tik
zlibrarytopaths.code.tex
File: tikzlibrarytopaths.code.tex 2020/01/08 v3.1.5b (3.1.5b)
)))
(/usr/share/texlive/texmf-dist/tex/latex/adjustbox/adjustbox.sty
Package: adjustbox 2019/01/04 v1.2 Adjusting TeX boxes (trim, clip, ...)

(/usr/share/texlive/texmf-dist/tex/latex/adjustbox/adjcalc.sty
Package: adjcalc 2012/05/16 v1.1 Provides advanced setlength with multiple back-
ends (calc, etex, pgfmath)
)
(/usr/share/texlive/texmf-dist/tex/latex/adjustbox/trimclip.sty
Package: trimclip 2018/04/08 v1.1 Trim and clip general TeX material

(/usr/share/texlive/texmf-dist/tex/latex/collectbox/collectbox.sty
Package: collectbox 2012/05/17 v0.4b Collect macro arguments as boxes
\collectedbox=\box79
)
\tc@llx=\dimen302
\tc@lly=\dimen303
\tc@urx=\dimen304
\tc@ury=\dimen305

(/usr/share/texlive/texmf-dist/tex/latex/adjustbox/tc-pgf.def
File: tc-pgf.def 2019/01/04 v2.2 trimclip fall-back clipping driver using PGF
)
Package trimclip Info: No clipping driver 'tc-luatex.def' available.
(trimclip)             Using fall-back PGF driver.
)
\adjbox@Width=\dimen306
\adjbox@Height=\dimen307
\adjbox@Depth=\dimen308
\adjbox@Totalheight=\dimen309
\adjbox@pwidth=\dimen310
\adjbox@pheight=\dimen311
\adjbox@pdepth=\dimen312
\adjbox@ptotalheight=\dimen313

(/usr/share/texlive/texmf-dist/tex/latex/ifoddpage/ifoddpage.sty
Package: ifoddpage 2016/04/23 v1.1 Conditionals for odd/even page detection
\c@checkoddpage=\count340
)
(/usr/share/texlive/texmf-dist/tex/latex/varwidth/varwidth.sty
Package: varwidth 2009/03/30 ver 0.92;  Variable-width minipages
\@vwid@box=\box80
\sift@deathcycles=\count341
\@vwid@loff=\dimen314
\@vwid@roff=\dimen315
))
\largelogowidth=\skip67
\innermargin=\skip68
)
(./kthpq-files/beamerouterthemekthpq.sty
\smalllogowidth=\skip69
\outermargin=\skip70
)
(./kthpq-files/beamercolorthemekthpq.sty)) (./documentation_save.aux)
\openout1 = documentation_save.aux

LaTeX Font Info:    Checking defaults for OML/cmm/m/it on input line 28.
LaTeX Font Info:    ... okay on input line 28.
LaTeX Font Info:    Checking defaults for OMS/cmsy/m/n on input line 28.
LaTeX Font Info:    ... okay on input line 28.
LaTeX Font Info:    Checking defaults for OT1/cmr/m/n on input line 28.
LaTeX Font Info:    ... okay on input line 28.
LaTeX Font Info:    Checking defaults for T1/cmr/m/n on input line 28.
LaTeX Font Info:    ... okay on input line 28.
LaTeX Font Info:    Checking defaults for TS1/cmr/m/n on input line 28.
LaTeX Font Info:    ... okay on input line 28.
LaTeX Font Info:    Checking defaults for TU/lmr/m/n on input line 28.
LaTeX Font Info:    ... okay on input line 28.
LaTeX Font Info:    Checking defaults for OMX/cmex/m/n on input line 28.
LaTeX Font Info:    ... okay on input line 28.
LaTeX Font Info:    Checking defaults for U/cmr/m/n on input line 28.
LaTeX Font Info:    ... okay on input line 28.
LaTeX Font Info:    Checking defaults for PD1/pdf/m/n on input line 28.
LaTeX Font Info:    ... okay on input line 28.
LaTeX Font Info:    Checking defaults for PU/pdf/m/n on input line 28.
LaTeX Font Info:    ... okay on input line 28.

*geometry* driver: auto-detecting
*geometry* detected driver: luatex
*geometry* verbose mode - [ preamble ] result:
* driver: luatex
* paper: custom
* layout: <same size as paper>
* layoutoffset:(h,v)=(0.0pt,0.0pt)
* modes: includehead includefoot 
* h-part:(L,W,R)=(32.24643pt, 658.20714pt, 32.24643pt)
* v-part:(T,H,B)=(0.0pt, 406.8744pt, 0.0pt)
* \paperwidth=722.7pt
* \paperheight=406.8744pt
* \textwidth=658.20714pt
* \textheight=378.42168pt
* \oddsidemargin=-40.02356pt
* \evensidemargin=-40.02356pt
* \topmargin=-72.26999pt
* \headheight=14.22636pt
* \headsep=0.0pt
* \topskip=17.0pt
* \footskip=14.22636pt
* \marginparwidth=2.0pt
* \marginparsep=12.0pt
* \columnsep=10.0pt
* \skip\footins=14.0pt plus 5.0pt minus 3.0pt
* \hoffset=0.0pt
* \voffset=0.0pt
* \mag=1000
* \@twocolumnfalse
* \@twosidefalse
* \@mparswitchfalse
* \@reversemarginfalse
* (1in=72.27pt=25.4mm, 1cm=28.453pt)

(/usr/share/texlive/texmf-dist/tex/context/base/mkii/supp-pdf.mkii
[Loading MPS to PDF converter (version 2006.09.02).]
\scratchcounter=\count342
\scratchdimen=\dimen316
\scratchbox=\box81
\nofMPsegments=\count343
\nofMParguments=\count344
\everyMPshowfont=\toks48
\MPscratchCnt=\count345
\MPscratchDim=\dimen317
\MPnumerator=\count346
\makeMPintoPDFobject=\count347
\everyMPtoPDFconversion=\toks49
) (/usr/share/texlive/texmf-dist/tex/latex/epstopdf-pkg/epstopdf-base.sty
Package: epstopdf-base 2020-01-24 v2.11 Base part for package epstopdf
Package epstopdf-base Info: Redefining graphics rule for `.eps' on input line 48
5.

(/usr/share/texlive/texmf-dist/tex/latex/latexconfig/epstopdf-sys.cfg
File: epstopdf-sys.cfg 2010/07/13 v1.3 Configuration of (r)epstopdf for TeX Live

))
ABD: EveryShipout initializing macros
\AtBeginShipoutBox=\box82
Package hyperref Info: Link coloring OFF on input line 28.

(/usr/share/texlive/texmf-dist/tex/latex/hyperref/nameref.sty
Package: nameref 2019/09/16 v2.46 Cross-referencing by name of section

(/usr/share/texlive/texmf-dist/tex/latex/refcount/refcount.sty
Package: refcount 2019/12/15 v3.6 Data extraction from label references (HO)
)
(/usr/share/texlive/texmf-dist/tex/generic/gettitlestring/gettitlestring.sty
Package: gettitlestring 2019/12/15 v1.6 Cleanup title references (HO)
)
\c@section@level=\count348
)
LaTeX Info: Redefining \ref on input line 28.
LaTeX Info: Redefining \pageref on input line 28.
LaTeX Info: Redefining \nameref on input line 28.

(./documentation_save.out) (./documentation_save.out)
\@outlinefile=\write5

\openout5 = documentation_save.out

(/usr/share/texlive/texmf-dist/tex/latex/translator/translator-basic-dictionary
-English.dict
Dictionary: translator-basic-dictionary, Language: English 
)
(/usr/share/texlive/texmf-dist/tex/latex/translator/translator-bibliography-dic
tionary-English.dict
Dictionary: translator-bibliography-dictionary, Language: English 
)
(/usr/share/texlive/texmf-dist/tex/latex/translator/translator-environment-dict
ionary-English.dict
Dictionary: translator-environment-dictionary, Language: English 
)
(/usr/share/texlive/texmf-dist/tex/latex/translator/translator-months-dictionar
y-English.dict
Dictionary: translator-months-dictionary, Language: English 
)
(/usr/share/texlive/texmf-dist/tex/latex/translator/translator-numbers-dictiona
ry-English.dict
Dictionary: translator-numbers-dictionary, Language: English 
)
(/usr/share/texlive/texmf-dist/tex/latex/translator/translator-theorem-dictiona
ry-English.dict
Dictionary: translator-theorem-dictionary, Language: English 
)
LaTeX Font Info:    Overwriting math alphabet `\mathrm' in version `normal'
(Font)                  TU/FiraMathRegular(1)/m/n --> TU/Georgia(0)/m/n on input
 line 28.
LaTeX Font Info:    Overwriting math alphabet `\mathit' in version `normal'
(Font)                  OT1/cmr/m/it --> TU/Georgia(0)/m/it on input line 28.
LaTeX Font Info:    Overwriting math alphabet `\mathbf' in version `normal'
(Font)                  OT1/cmr/bx/n --> TU/Georgia(0)/b/n on input line 28.
LaTeX Font Info:    Overwriting math alphabet `\mathsf' in version `normal'
(Font)                  OT1/cmss/m/n --> TU/Figtree(0)/m/n on input line 28.
LaTeX Font Info:    Overwriting math alphabet `\mathsf' in version `bold'
(Font)                  OT1/cmss/bx/n --> TU/Figtree(0)/b/n on input line 28.
LaTeX Font Info:    Overwriting math alphabet `\mathtt' in version `normal'
(Font)                  OT1/cmtt/m/n --> TU/Beramono(0)/m/n on input line 28.
LaTeX Font Info:    Overwriting math alphabet `\mathtt' in version `bold'
(Font)                  OT1/cmtt/m/n --> TU/Beramono(0)/b/n on input line 28.
 (./documentation_save.nav)
<kthpq-files/figs/logo/KTH_logo_RGB_bla.pdf, id=25, 337.26pt x 377.91188pt>
File: kthpq-files/figs/logo/KTH_logo_RGB_bla.pdf Graphic file (type pdf)
<use kthpq-files/figs/logo/KTH_logo_RGB_bla.pdf>
Package luatex.def Info: kthpq-files/figs/logo/KTH_logo_RGB_bla.pdf  used on inp
ut line 28.
(luatex.def)             Requested size: 48.36967pt x 54.19899pt.
File: kthpq-files/figs/logo/KTH_logo_RGB_bla.pdf Graphic file (type pdf)
<use kthpq-files/figs/logo/KTH_logo_RGB_bla.pdf>
Package luatex.def Info: kthpq-files/figs/logo/KTH_logo_RGB_bla.pdf  used on inp
ut line 30.
(luatex.def)             Requested size: 99.58464pt x 111.58682pt.
<kthpq-files/figs/lines/Linjemonster_himmelsbla_RGB_1x1.pdf, id=26, 813.0375pt x
 813.0375pt>
File: kthpq-files/figs/lines/Linjemonster_himmelsbla_RGB_1x1.pdf Graphic file (t
ype pdf)
<use kthpq-files/figs/lines/Linjemonster_himmelsbla_RGB_1x1.pdf>
Package luatex.def Info: kthpq-files/figs/lines/Linjemonster_himmelsbla_RGB_1x1.
pdf  used on input line 30.
(luatex.def)             Requested size: 813.03552pt x 813.03552pt.
File: kthpq-files/figs/lines/Linjemonster_himmelsbla_RGB_1x1.pdf Graphic file (t
ype pdf)
<use kthpq-files/figs/lines/Linjemonster_himmelsbla_RGB_1x1.pdf>
Package luatex.def Info: kthpq-files/figs/lines/Linjemonster_himmelsbla_RGB_1x1.
pdf  used on input line 30.
(luatex.def)             Requested size: 813.03552pt x 813.03552pt.
LaTeX Font Info:    Font shape `TU/Beramono(0)/m/n' will be
(Font)              scaled to size 30.45572pt on input line 30.

Overfull \vbox (3.87778pt too high) detected at line 30
 []

[1

{/var/lib/texmf/fonts/map/pdftex/updmap/pdftex.map}<./kthpq-files/figs/logo/KTH_
logo_RGB_bla.pdf><./kthpq-files/figs/lines/Linjemonster_himmelsbla_RGB_1x1.pdf>] (./documentation_save.toc)
File: kthpq-files/figs/logo/KTH_logo_RGB_bla.pdf Graphic file (type pdf)
<use kthpq-files/figs/logo/KTH_logo_RGB_bla.pdf>
Package luatex.def Info: kthpq-files/figs/logo/KTH_logo_RGB_bla.pdf  used on inp
ut line 34.
(luatex.def)             Requested size: 48.36967pt x 54.19899pt.
 [2

]
File: kthpq-files/figs/logo/KTH_logo_RGB_bla.pdf Graphic file (type pdf)
<use kthpq-files/figs/logo/KTH_logo_RGB_bla.pdf>
Package luatex.def Info: kthpq-files/figs/logo/KTH_logo_RGB_bla.pdf  used on inp
ut line 38.
(luatex.def)             Requested size: 68.2866pt x 76.5152pt.
File: kthpq-files/figs/lines/Linjemonster_himmelsbla_RGB_1x1.pdf Graphic file (t
ype pdf)
<use kthpq-files/figs/lines/Linjemonster_himmelsbla_RGB_1x1.pdf>
Package luatex.def Info: kthpq-files/figs/lines/Linjemonster_himmelsbla_RGB_1x1.
pdf  used on input line 38.
(luatex.def)             Requested size: 813.03552pt x 813.03552pt.
 [3

]
LaTeX Font Info:    Font shape `TU/Beramono(0)/b/n' will be
(Font)              scaled to size 14.6881pt on input line 48.
LaTeX Font Info:    Font shape `TU/FiraMathRegular(1)/m/n' will be
(Font)              scaled to size 14.4pt on input line 48.
LaTeX Font Info:    Font shape `TU/FiraMathRegular(1)/m/n' will be
(Font)              scaled to size 10.0pt on input line 48.
LaTeX Font Info:    Font shape `TU/FiraMathRegular(1)/m/n' will be
(Font)              scaled to size 7.0pt on input line 48.
LaTeX Font Info:    Font shape `TU/FiraMathRegular(2)/m/n' will be
(Font)              scaled to size 14.40152pt on input line 48.
LaTeX Font Info:    Font shape `TU/FiraMathRegular(2)/m/n' will be
(Font)              scaled to size 10.00107pt on input line 48.
LaTeX Font Info:    Font shape `TU/FiraMathRegular(2)/m/n' will be
(Font)              scaled to size 7.00075pt on input line 48.
LaTeX Font Info:    Font shape `TU/FiraMathRegular(3)/m/n' will be
(Font)              scaled to size 14.39845pt on input line 48.
LaTeX Font Info:    Font shape `TU/FiraMathRegular(3)/m/n' will be
(Font)              scaled to size 9.99893pt on input line 48.
LaTeX Font Info:    Font shape `TU/FiraMathRegular(3)/m/n' will be
(Font)              scaled to size 6.99925pt on input line 48.
File: kthpq-files/figs/logo/KTH_logo_RGB_bla.pdf Graphic file (type pdf)
<use kthpq-files/figs/logo/KTH_logo_RGB_bla.pdf>
Package luatex.def Info: kthpq-files/figs/logo/KTH_logo_RGB_bla.pdf  used on inp
ut line 48.
(luatex.def)             Requested size: 48.36967pt x 54.19899pt.
 [4

]
LaTeX Font Info:    Font shape `TU/Beramono(0)/m/n' will be
(Font)              scaled to size 14.6881pt on input line 51.
LaTeX Font Info:    Font shape `TU/Beramono(0)/m/n' will be
(Font)              scaled to size 12.24008pt on input line 56.
File: kthpq-files/figs/logo/KTH_logo_RGB_bla.pdf Graphic file (type pdf)
<use kthpq-files/figs/logo/KTH_logo_RGB_bla.pdf>
Package luatex.def Info: kthpq-files/figs/logo/KTH_logo_RGB_bla.pdf  used on inp
ut line 61.
(luatex.def)             Requested size: 48.36967pt x 54.19899pt.
 [5

]
File: kthpq-files/figs/logo/KTH_logo_RGB_bla.pdf Graphic file (type pdf)
<use kthpq-files/figs/logo/KTH_logo_RGB_bla.pdf>
Package luatex.def Info: kthpq-files/figs/logo/KTH_logo_RGB_bla.pdf  used on inp
ut line 73.
(luatex.def)             Requested size: 48.36967pt x 54.19899pt.
 [6

]
File: kthpq-files/figs/logo/KTH_logo_RGB_bla.pdf Graphic file (type pdf)
<use kthpq-files/figs/logo/KTH_logo_RGB_bla.pdf>
Package luatex.def Info: kthpq-files/figs/logo/KTH_logo_RGB_bla.pdf  used on inp
ut line 84.
(luatex.def)             Requested size: 48.36967pt x 54.19899pt.
 [7

]
File: kthpq-files/figs/logo/KTH_logo_RGB_bla.pdf Graphic file (type pdf)
<use kthpq-files/figs/logo/KTH_logo_RGB_bla.pdf>
Package luatex.def Info: kthpq-files/figs/logo/KTH_logo_RGB_bla.pdf  used on inp
ut line 90.
(luatex.def)             Requested size: 48.36967pt x 54.19899pt.
 [8

]
File: kthpq-files/figs/logo/KTH_logo_RGB_bla.pdf Graphic file (type pdf)
<use kthpq-files/figs/logo/KTH_logo_RGB_bla.pdf>
Package luatex.def Info: kthpq-files/figs/logo/KTH_logo_RGB_bla.pdf  used on inp
ut line 100.
(luatex.def)             Requested size: 48.36967pt x 54.19899pt.
 [9

]
File: kthpq-files/figs/logo/KTH_logo_RGB_bla.pdf Graphic file (type pdf)
<use kthpq-files/figs/logo/KTH_logo_RGB_bla.pdf>
Package luatex.def Info: kthpq-files/figs/logo/KTH_logo_RGB_bla.pdf  used on inp
ut line 107.
(luatex.def)             Requested size: 48.36967pt x 54.19899pt.
 [10

]
File: kthpq-files/figs/logo/KTH_logo_RGB_bla.pdf Graphic file (type pdf)
<use kthpq-files/figs/logo/KTH_logo_RGB_bla.pdf>
Package luatex.def Info: kthpq-files/figs/logo/KTH_logo_RGB_bla.pdf  used on inp
ut line 111.
(luatex.def)             Requested size: 68.2866pt x 76.5152pt.
File: kthpq-files/figs/lines/Linjemonster_himmelsbla_RGB_1x1.pdf Graphic file (t
ype pdf)
<use kthpq-files/figs/lines/Linjemonster_himmelsbla_RGB_1x1.pdf>
Package luatex.def Info: kthpq-files/figs/lines/Linjemonster_himmelsbla_RGB_1x1.
pdf  used on input line 111.
(luatex.def)             Requested size: 813.03552pt x 813.03552pt.
 [11

]
File: kthpq-files/figs/logo/KTH_logo_RGB_bla.pdf Graphic file (type pdf)
<use kthpq-files/figs/logo/KTH_logo_RGB_bla.pdf>
Package luatex.def Info: kthpq-files/figs/logo/KTH_logo_RGB_bla.pdf  used on inp
ut line 123.
(luatex.def)             Requested size: 48.36967pt x 54.19899pt.

[12

]
File: kthpq-files/figs/logo/KTH_logo_RGB_bla.pdf Graphic file (type pdf)
<use kthpq-files/figs/logo/KTH_logo_RGB_bla.pdf>
Package luatex.def Info: kthpq-files/figs/logo/KTH_logo_RGB_bla.pdf  used on inp
ut line 127.
(luatex.def)             Requested size: 68.2866pt x 76.5152pt.
File: kthpq-files/figs/lines/Linjemonster_himmelsbla_RGB_1x1.pdf Graphic file (t
ype pdf)
<use kthpq-files/figs/lines/Linjemonster_himmelsbla_RGB_1x1.pdf>
Package luatex.def Info: kthpq-files/figs/lines/Linjemonster_himmelsbla_RGB_1x1.
pdf  used on input line 127.
(luatex.def)             Requested size: 813.03552pt x 813.03552pt.
 [13

]
File: kthpq-files/figs/lines/Linjemonster_himmelsbla_RGB_1x1.pdf Graphic file (t
ype pdf)
<use kthpq-files/figs/lines/Linjemonster_himmelsbla_RGB_1x1.pdf>
Package luatex.def Info: kthpq-files/figs/lines/Linjemonster_himmelsbla_RGB_1x1.
pdf  used on input line 138.
(luatex.def)             Requested size: 813.03552pt x 813.03552pt.
File: kthpq-files/figs/logo/KTH_logo_RGB_bla.pdf Graphic file (type pdf)
<use kthpq-files/figs/logo/KTH_logo_RGB_bla.pdf>
Package luatex.def Info: kthpq-files/figs/logo/KTH_logo_RGB_bla.pdf  used on inp
ut line 138.
(luatex.def)             Requested size: 48.36967pt x 54.19899pt.
 [14

]
File: kthpq-files/figs/logo/KTH_logo_RGB_bla.pdf Graphic file (type pdf)
<use kthpq-files/figs/logo/KTH_logo_RGB_bla.pdf>
Package luatex.def Info: kthpq-files/figs/logo/KTH_logo_RGB_bla.pdf  used on inp
ut line 146.
(luatex.def)             Requested size: 48.36967pt x 54.19899pt.
 [15

]
File: kthpq-files/figs/logo/KTH_logo_RGB_bla.pdf Graphic file (type pdf)
<use kthpq-files/figs/logo/KTH_logo_RGB_bla.pdf>
Package luatex.def Info: kthpq-files/figs/logo/KTH_logo_RGB_bla.pdf  used on inp
ut line 150.
(luatex.def)             Requested size: 68.2866pt x 76.5152pt.
File: kthpq-files/figs/lines/Linjemonster_himmelsbla_RGB_1x1.pdf Graphic file (t
ype pdf)
<use kthpq-files/figs/lines/Linjemonster_himmelsbla_RGB_1x1.pdf>
Package luatex.def Info: kthpq-files/figs/lines/Linjemonster_himmelsbla_RGB_1x1.
pdf  used on input line 150.
(luatex.def)             Requested size: 813.03552pt x 813.03552pt.
 [16

]
File: kthpq-files/figs/logo/KTH_logo_RGB_bla.pdf Graphic file (type pdf)
<use kthpq-files/figs/logo/KTH_logo_RGB_bla.pdf>
Package luatex.def Info: kthpq-files/figs/logo/KTH_logo_RGB_bla.pdf  used on inp
ut line 166.
(luatex.def)             Requested size: 48.36967pt x 54.19899pt.
 [17

]
File: kthpq-files/figs/logo/KTH_logo_RGB_bla.pdf Graphic file (type pdf)
<use kthpq-files/figs/logo/KTH_logo_RGB_bla.pdf>
Package luatex.def Info: kthpq-files/figs/logo/KTH_logo_RGB_bla.pdf  used on inp
ut line 179.
(luatex.def)             Requested size: 48.36967pt x 54.19899pt.
 [18

]

LaTeX Warning: Citation `Riemann1859' on page 19 undefined on input line 195.

File: kthpq-files/figs/logo/KTH_logo_RGB_bla.pdf Graphic file (type pdf)
<use kthpq-files/figs/logo/KTH_logo_RGB_bla.pdf>
Package luatex.def Info: kthpq-files/figs/logo/KTH_logo_RGB_bla.pdf  used on inp
ut line 195.
(luatex.def)             Requested size: 48.36967pt x 54.19899pt.
[19

]
File: kthpq-files/figs/lines/Linjemonster_himmelsbla_RGB_1x1.pdf Graphic file (t
ype pdf)
<use kthpq-files/figs/lines/Linjemonster_himmelsbla_RGB_1x1.pdf>
Package luatex.def Info: kthpq-files/figs/lines/Linjemonster_himmelsbla_RGB_1x1.
pdf  used on input line 203.
(luatex.def)             Requested size: 813.03552pt x 813.03552pt.
 (./documentation_save.bbl)
File: kthpq-files/figs/logo/KTH_logo_RGB_bla.pdf Graphic file (type pdf)
<use kthpq-files/figs/logo/KTH_logo_RGB_bla.pdf>
Package luatex.def Info: kthpq-files/figs/logo/KTH_logo_RGB_bla.pdf  used on inp
ut line 203.
(luatex.def)             Requested size: 48.36967pt x 54.19899pt.
 [20

]
<kthpq-files/figs/logo/KTH_logo_RGB_vit.pdf, id=191, 337.26pt x 377.91188pt>
File: kthpq-files/figs/logo/KTH_logo_RGB_vit.pdf Graphic file (type pdf)
<use kthpq-files/figs/logo/KTH_logo_RGB_vit.pdf>
Package luatex.def Info: kthpq-files/figs/logo/KTH_logo_RGB_vit.pdf  used on inp
ut line 205.
(luatex.def)             Requested size: 170.71652pt x 191.29665pt.
File: kthpq-files/figs/lines/Linjemonster_himmelsbla_RGB_1x1.pdf Graphic file (t
ype pdf)
<use kthpq-files/figs/lines/Linjemonster_himmelsbla_RGB_1x1.pdf>
Package luatex.def Info: kthpq-files/figs/lines/Linjemonster_himmelsbla_RGB_1x1.
pdf  used on input line 205.
(luatex.def)             Requested size: 813.03552pt x 813.03552pt.
File: kthpq-files/figs/lines/Linjemonster_himmelsbla_RGB_1x1.pdf Graphic file (t
ype pdf)
<use kthpq-files/figs/lines/Linjemonster_himmelsbla_RGB_1x1.pdf>
Package luatex.def Info: kthpq-files/figs/lines/Linjemonster_himmelsbla_RGB_1x1.
pdf  used on input line 205.
(luatex.def)             Requested size: 813.03552pt x 813.03552pt.
 [21

<./kthpq-files/figs/logo/KTH_logo_RGB_vit.pdf>]
\tf@nav=\write6

\openout6 = documentation_save.nav
\tf@toc=\write7

\openout7 = documentation_save.toc
\tf@snm=\write8

\openout8 = documentation_save.snm
Package atveryend Info: Empty hook `BeforeClearDocument' on input line 207.
Package atveryend Info: Empty hook `AfterLastShipout' on input line 207.
 (./documentation_save.aux)
Package atveryend Info: Executing hook `AtVeryEndDocument' on input line 207.
Package atveryend Info: Executing hook `AtEndAfterFileList' on input line 207.
Package rerunfilecheck Info: File `documentation_save.out' has not changed.
(rerunfilecheck)             Checksum: B6FBB85918051679810557084555FCC3;877.


LaTeX Warning: There were undefined references.

)

Here is how much of LuaTeX's memory you used:
 34412 strings out of 481365
 125171,1144653 words of node,token memory allocated
 3374 words of node memory still in use:
   97 hlist, 8 vlist, 9 rule, 2 local_par, 99 glue, 10 kern, 12 penalty, 1 glyph
, 196 attribute, 69 glue_spec, 196 attribute_list, 7 write, 3 save_pos, 71 pdf_l
iteral, 6 pdf_action, 10 pdf_colorstack, 4 pdf_setmatrix, 4 pdf_save, 4 pdf_rest
ore nodes
   avail lists: 1:2,2:188,3:145,4:148,5:166,6:18,7:2100,8:76,9:229,10:22,11:99
 49414 multiletter control sequences out of 65536+600000
 152 fonts using 25479715 bytes
 84i,17n,143p,784b,2941s stack positions out of 5000i,500n,10000p,200000b,100000s
<./kthpq-files/fonts/Figtree/otf/Figtree-Italic.otf><./kthpq-files/fonts/Figtree
/otf/Figtree-Italic.otf><./kthpq-files/fonts/Figtree/otf/Figtree-Regular.otf><./
kthpq-files/fonts/Figtree/otf/Figtree-Bold.otf></usr/share/texlive/texmf-dist/fo
nts/opentype/public/firamath/FiraMath-Regular.otf><./kthpq-files/fonts/ttf-bitst
ream-vera-1.10/VeraMoBd.ttf></usr/share/texlive/texmf-dist/fonts/opentype/public
/firamath/FiraMath-Regular.otf><./kthpq-files/fonts/ttf-bitstream-vera-1.10/Vera
Mono.ttf><./kthpq-files/fonts/Figtree/otf/Figtree-Regular.otf>
Output written on documentation_save.pdf (21 pages, 138607 bytes).

PDF statistics: 260 PDF objects out of 1000 (max. 8388607)
 198 compressed objects within 2 object streams
 46 named destinations out of 1000 (max. 131072)
 40 words of extra memory for PDF output out of 10000 (max. 100000000)

