This is LuaTeX, Version 1.10.0 (TeX Live 2019/Debian)  (format=lualatex 2023.12.25)  7 FEB 2024 20:36
 restricted system commands enabled.
**sample.tex
(./sample.tex
LaTeX2e <2020-02-02> patch level 2
Lua module: luaotfload-main 2020-02-02 3.12 luaotfload entry point
Lua module: luaotfload-init 2020-02-02 3.12 luaotfload submodule / initializatio
n
Lua module: lualibs 2020-02-02 2.70 ConTeXt Lua standard libraries.
Lua module: lualibs-extended 2020-02-02 2.70 ConTeXt Lua libraries -- extended c
ollection.
Lua module: luaotfload-log 2020-02-02 3.12 luaotfload submodule / logging
Lua module: luaotfload-parsers 2020-02-02 3.12 luaotfload submodule / filelist
Lua module: luaotfload-configuration 2020-02-02 3.12 luaotfload submodule / conf
ig file reader
luaotfload | conf : Root cache directory is /home/max/.texlive2019/texmf-var/lua
tex-cache/generic-dev/names.
luaotfload | init : Loading fontloader “fontloader-2020-01-26.lua” from kpse
-resolved path “/usr/share/texlive/texmf-dist/tex/luatex/luaotfload/fontloader
-2020-01-26.lua”.
Lua-only attribute luaotfload@state = 2
Lua-only attribute luaotfload@noligature = 3
Lua-only attribute luaotfload@syllabe = 4
luaotfload | init : Context OpenType loader version “3.11”
Inserting `luaotfload.node_processor' at position 1 in `pre_linebreak_filter'.
Inserting `luaotfload.node_processor' at position 1 in `hpack_filter'.
Lua module: luaotfload-loaders 2020-02-02 3.12 luaotfload submodule / callback h
andling
Inserting `luaotfload.define_font' at position 1 in `define_font'.
Lua module: luaotfload-database 2020-02-02 3.12 luaotfload submodule / database
Lua module: luaotfload-unicode 2020-02-02 3.12 luaotfload submodule / Unicode he
lpers
Lua module: luaotfload-colors 2020-02-02 3.12 luaotfload submodule / color
Lua-only attribute luaotfload_color_attribute = 5
Lua module: luaotfload-resolvers 2020-02-02 3.12 luaotfload submodule / resolver
s
luaotfload | conf : Root cache directory is /home/max/.texlive2019/texmf-var/lua
tex-cache/generic-dev/names.
Lua module: luaotfload-features 2020-02-02 3.12 luaotfload submodule / features
Lua module: luaotfload-letterspace 2020-02-02 3.12 luaotfload submodule / color
Lua module: luaotfload-embolden 2020-02-02 3.12 luaotfload submodule / color
Lua module: luaotfload-notdef 2020-02-02 3.12 luaotfload submodule / color
Lua module: luaotfload-auxiliary 2020-02-02 3.12 luaotfload submodule / auxiliar
y functions
Inserting `luaotfload.aux.set_sscale_dimens' at position 1 in `luaotfload.patch_
font'.
Inserting `luaotfload.aux.set_font_index' at position 2 in `luaotfload.patch_fon
t'.
Inserting `luaotfload.aux.patch_cambria_domh' at position 3 in `luaotfload.patch
_font'.
Inserting `luaotfload.aux.fixup_fontdata' at position 1 in `luaotfload.patch_fon
t_unsafe'.
Inserting `luaotfload.aux.set_capheight' at position 4 in `luaotfload.patch_font
'.
Inserting `luaotfload.aux.set_xheight' at position 5 in `luaotfload.patch_font'.
Lua module: luaotfload-fallback 2020-02-02 3.12 luaotfload submodule / fallback
Lua module: luaotfload-multiscript 2020-02-02 3.12 luaotfload submodule / multis
cript
Lua module: luaotfload-script 2020-02-02 3.12 luaotfload submodule / Script help
ers
Lua module: luaotfload-tounicode 2020-02-02 3.12 luaotfload submodule / tounicod
e
Inserting `luaotfload.rewrite_fontname' at position 6 in `luaotfload.patch_font'
. L3 programming layer <2020-02-14>
(/usr/share/texlive/texmf-dist/tex/latex/beamer/beamer.cls
Document Class: beamer 2019/09/29 v3.57 A class for typesetting presentations
(/usr/share/texlive/texmf-dist/tex/latex/beamer/beamerbasemodes.sty
(/usr/share/texlive/texmf-dist/tex/latex/etoolbox/etoolbox.sty
Package: etoolbox 2019/09/21 v2.5h e-TeX tools for LaTeX (JAW)
\etb@tempcnta=\count163
)
\beamer@tempbox=\box45
\beamer@tempcount=\count164
\c@beamerpauses=\count165

(/usr/share/texlive/texmf-dist/tex/latex/beamer/beamerbasedecode.sty
\beamer@slideinframe=\count166
\beamer@minimum=\count167
\beamer@decode@box=\box46
)
\beamer@commentbox=\box47
\beamer@modecount=\count168
)
(/usr/share/texlive/texmf-dist/tex/generic/iftex/ifpdf.sty
Package: ifpdf 2019/10/25 v3.4 ifpdf legacy package. Use iftex instead.

(/usr/share/texlive/texmf-dist/tex/generic/iftex/iftex.sty
Package: iftex 2019/11/07 v1.0c TeX engine tests
))
\headdp=\dimen134
\footheight=\dimen135
\sidebarheight=\dimen136
\beamer@tempdim=\dimen137
\beamer@finalheight=\dimen138
\beamer@animht=\dimen139
\beamer@animdp=\dimen140
\beamer@animwd=\dimen141
\beamer@leftmargin=\dimen142
\beamer@rightmargin=\dimen143
\beamer@leftsidebar=\dimen144
\beamer@rightsidebar=\dimen145
\beamer@boxsize=\dimen146
\beamer@vboxoffset=\dimen147
\beamer@descdefault=\dimen148
\beamer@descriptionwidth=\dimen149
\beamer@lastskip=\skip47
\beamer@areabox=\box48
\beamer@animcurrent=\box49
\beamer@animshowbox=\box50
\beamer@sectionbox=\box51
\beamer@logobox=\box52
\beamer@linebox=\box53
\beamer@sectioncount=\count169
\beamer@subsubsectionmax=\count170
\beamer@subsectionmax=\count171
\beamer@sectionmax=\count172
\beamer@totalheads=\count173
\beamer@headcounter=\count174
\beamer@partstartpage=\count175
\beamer@sectionstartpage=\count176
\beamer@subsectionstartpage=\count177
\beamer@animationtempa=\count178
\beamer@animationtempb=\count179
\beamer@xpos=\count180
\beamer@ypos=\count181
\beamer@ypos@offset=\count182
\beamer@showpartnumber=\count183
\beamer@currentsubsection=\count184
\beamer@coveringdepth=\count185
\beamer@sectionadjust=\count186
\beamer@tocsectionnumber=\count187

(/usr/share/texlive/texmf-dist/tex/latex/beamer/beamerbaseoptions.sty
(/usr/share/texlive/texmf-dist/tex/latex/graphics/keyval.sty
Package: keyval 2014/10/28 v1.15 key=value parser (DPC)
\KV@toks@=\toks14
))
\beamer@paperwidth=\skip48
\beamer@paperheight=\skip49

(/usr/share/texlive/texmf-dist/tex/latex/geometry/geometry.sty
Package: geometry 2020/01/02 v5.9 Page Geometry

(/usr/share/texlive/texmf-dist/tex/generic/iftex/ifvtex.sty
Package: ifvtex 2019/10/25 v1.7 ifvtex legacy package. Use iftex instead.
)
\Gm@cnth=\count188
\Gm@cntv=\count189
\c@Gm@tempcnt=\count190
\Gm@bindingoffset=\dimen150
\Gm@wd@mp=\dimen151
\Gm@odd@mp=\dimen152
\Gm@even@mp=\dimen153
\Gm@layoutwidth=\dimen154
\Gm@layoutheight=\dimen155
\Gm@layouthoffset=\dimen156
\Gm@layoutvoffset=\dimen157
\Gm@dimlist=\toks15
)
(/usr/share/texlive/texmf-dist/tex/latex/extsizes/size17.clo
File: size17.clo 1999/11/11 NON-Standard LaTeX file (size option)
luaotfload | db : Font names database loaded from /home/max/.texlive2019/texmf-v
ar/luatex-cache/generic-dev/names/luaotfload-names.luc)
(/usr/share/texlive/texmf-dist/tex/latex/pgf/basiclayer/pgfcore.sty
(/usr/share/texlive/texmf-dist/tex/latex/graphics/graphicx.sty
Package: graphicx 2019/11/30 v1.2a Enhanced LaTeX Graphics (DPC,SPQR)

(/usr/share/texlive/texmf-dist/tex/latex/graphics/graphics.sty
Package: graphics 2019/11/30 v1.4a Standard LaTeX Graphics (DPC,SPQR)

(/usr/share/texlive/texmf-dist/tex/latex/graphics/trig.sty
Package: trig 2016/01/03 v1.10 sin cos tan (DPC)
)
(/usr/share/texlive/texmf-dist/tex/latex/graphics-cfg/graphics.cfg
File: graphics.cfg 2016/06/04 v1.11 sample graphics configuration
)
Package graphics Info: Driver file: luatex.def on input line 105.

(/usr/share/texlive/texmf-dist/tex/latex/graphics-def/luatex.def
File: luatex.def 2018/01/08 v1.0l Graphics/color driver for luatex
))
\Gin@req@height=\dimen158
\Gin@req@width=\dimen159
)
(/usr/share/texlive/texmf-dist/tex/latex/pgf/systemlayer/pgfsys.sty
(/usr/share/texlive/texmf-dist/tex/latex/pgf/utilities/pgfrcs.sty
(/usr/share/texlive/texmf-dist/tex/generic/pgf/utilities/pgfutil-common.tex
\pgfutil@everybye=\toks16
\pgfutil@tempdima=\dimen160
\pgfutil@tempdimb=\dimen161

(/usr/share/texlive/texmf-dist/tex/generic/pgf/utilities/pgfutil-common-lists.t
ex)) (/usr/share/texlive/texmf-dist/tex/generic/pgf/utilities/pgfutil-latex.def
\pgfutil@abb=\box54
(/usr/share/texlive/texmf-dist/tex/latex/ms/everyshi.sty
Package: everyshi 2001/05/15 v3.00 EveryShipout Package (MS)
))
(/usr/share/texlive/texmf-dist/tex/generic/pgf/utilities/pgfrcs.code.tex
(/usr/share/texlive/texmf-dist/tex/generic/pgf/pgf.revision.tex)
Package: pgfrcs 2020/01/08 v3.1.5b (3.1.5b)
))
(/usr/share/texlive/texmf-dist/tex/generic/pgf/systemlayer/pgfsys.code.tex
Package: pgfsys 2020/01/08 v3.1.5b (3.1.5b)

(/usr/share/texlive/texmf-dist/tex/generic/pgf/utilities/pgfkeys.code.tex
\pgfkeys@pathtoks=\toks17
\pgfkeys@temptoks=\toks18

(/usr/share/texlive/texmf-dist/tex/generic/pgf/utilities/pgfkeysfiltered.code.t
ex
\pgfkeys@tmptoks=\toks19
))
\pgf@x=\dimen162
\pgf@y=\dimen163
\pgf@xa=\dimen164
\pgf@ya=\dimen165
\pgf@xb=\dimen166
\pgf@yb=\dimen167
\pgf@xc=\dimen168
\pgf@yc=\dimen169
\pgf@xd=\dimen170
\pgf@yd=\dimen171
\w@pgf@writea=\write3
\r@pgf@reada=\read2
\c@pgf@counta=\count191
\c@pgf@countb=\count192
\c@pgf@countc=\count193
\c@pgf@countd=\count194
\t@pgf@toka=\toks20
\t@pgf@tokb=\toks21
\t@pgf@tokc=\toks22
\pgf@sys@id@count=\count195
 (/usr/share/texlive/texmf-dist/tex/generic/pgf/systemlayer/pgf.cfg
File: pgf.cfg 2020/01/08 v3.1.5b (3.1.5b)
)
Driver file for pgf: pgfsys-luatex.def

(/usr/share/texlive/texmf-dist/tex/generic/pgf/systemlayer/pgfsys-luatex.def
File: pgfsys-luatex.def 2020/01/08 v3.1.5b (3.1.5b)

(/usr/share/texlive/texmf-dist/tex/generic/pgf/systemlayer/pgfsys-common-pdf.de
f
File: pgfsys-common-pdf.def 2020/01/08 v3.1.5b (3.1.5b)
)))
(/usr/share/texlive/texmf-dist/tex/generic/pgf/systemlayer/pgfsyssoftpath.code.
tex
File: pgfsyssoftpath.code.tex 2020/01/08 v3.1.5b (3.1.5b)
\pgfsyssoftpath@smallbuffer@items=\count196
\pgfsyssoftpath@bigbuffer@items=\count197
)
(/usr/share/texlive/texmf-dist/tex/generic/pgf/systemlayer/pgfsysprotocol.code.
tex
File: pgfsysprotocol.code.tex 2020/01/08 v3.1.5b (3.1.5b)
)) (/usr/share/texlive/texmf-dist/tex/latex/xcolor/xcolor.sty
Package: xcolor 2016/05/11 v2.12 LaTeX color extensions (UK)

(/usr/share/texlive/texmf-dist/tex/latex/graphics-cfg/color.cfg
File: color.cfg 2016/01/02 v1.6 sample color configuration
)
Package xcolor Info: Driver file: luatex.def on input line 225.
Package xcolor Info: Model `cmy' substituted by `cmy0' on input line 1348.
Package xcolor Info: Model `hsb' substituted by `rgb' on input line 1352.
Package xcolor Info: Model `RGB' extended on input line 1364.
Package xcolor Info: Model `HTML' substituted by `rgb' on input line 1366.
Package xcolor Info: Model `Hsb' substituted by `hsb' on input line 1367.
Package xcolor Info: Model `tHsb' substituted by `hsb' on input line 1368.
Package xcolor Info: Model `HSB' substituted by `hsb' on input line 1369.
Package xcolor Info: Model `Gray' substituted by `gray' on input line 1370.
Package xcolor Info: Model `wave' substituted by `hsb' on input line 1371.
)
(/usr/share/texlive/texmf-dist/tex/generic/pgf/basiclayer/pgfcore.code.tex
Package: pgfcore 2020/01/08 v3.1.5b (3.1.5b)

(/usr/share/texlive/texmf-dist/tex/generic/pgf/math/pgfmath.code.tex
(/usr/share/texlive/texmf-dist/tex/generic/pgf/math/pgfmathcalc.code.tex
(/usr/share/texlive/texmf-dist/tex/generic/pgf/math/pgfmathutil.code.tex)
(/usr/share/texlive/texmf-dist/tex/generic/pgf/math/pgfmathparser.code.tex
\pgfmath@dimen=\dimen172
\pgfmath@count=\count198
\pgfmath@box=\box55
\pgfmath@toks=\toks23
\pgfmath@stack@operand=\toks24
\pgfmath@stack@operation=\toks25
)
(/usr/share/texlive/texmf-dist/tex/generic/pgf/math/pgfmathfunctions.code.tex
(/usr/share/texlive/texmf-dist/tex/generic/pgf/math/pgfmathfunctions.basic.code
.tex)
(/usr/share/texlive/texmf-dist/tex/generic/pgf/math/pgfmathfunctions.trigonomet
ric.code.tex)
(/usr/share/texlive/texmf-dist/tex/generic/pgf/math/pgfmathfunctions.random.cod
e.tex)
(/usr/share/texlive/texmf-dist/tex/generic/pgf/math/pgfmathfunctions.comparison
.code.tex)
(/usr/share/texlive/texmf-dist/tex/generic/pgf/math/pgfmathfunctions.base.code.
tex)
(/usr/share/texlive/texmf-dist/tex/generic/pgf/math/pgfmathfunctions.round.code
.tex)
(/usr/share/texlive/texmf-dist/tex/generic/pgf/math/pgfmathfunctions.misc.code.
tex)
(/usr/share/texlive/texmf-dist/tex/generic/pgf/math/pgfmathfunctions.integerari
thmetics.code.tex)))
(/usr/share/texlive/texmf-dist/tex/generic/pgf/math/pgfmathfloat.code.tex
\c@pgfmathroundto@lastzeros=\count199
))
(/usr/share/texlive/texmf-dist/tex/generic/pgf/math/pgfint.code.tex)
(/usr/share/texlive/texmf-dist/tex/generic/pgf/basiclayer/pgfcorepoints.code.te
x
File: pgfcorepoints.code.tex 2020/01/08 v3.1.5b (3.1.5b)
\pgf@picminx=\dimen173
\pgf@picmaxx=\dimen174
\pgf@picminy=\dimen175
\pgf@picmaxy=\dimen176
\pgf@pathminx=\dimen177
\pgf@pathmaxx=\dimen178
\pgf@pathminy=\dimen179
\pgf@pathmaxy=\dimen180
\pgf@xx=\dimen181
\pgf@xy=\dimen182
\pgf@yx=\dimen183
\pgf@yy=\dimen184
\pgf@zx=\dimen185
\pgf@zy=\dimen186
)
(/usr/share/texlive/texmf-dist/tex/generic/pgf/basiclayer/pgfcorepathconstruct.
code.tex
File: pgfcorepathconstruct.code.tex 2020/01/08 v3.1.5b (3.1.5b)
\pgf@path@lastx=\dimen187
\pgf@path@lasty=\dimen188
)
(/usr/share/texlive/texmf-dist/tex/generic/pgf/basiclayer/pgfcorepathusage.code
.tex
File: pgfcorepathusage.code.tex 2020/01/08 v3.1.5b (3.1.5b)
\pgf@shorten@end@additional=\dimen189
\pgf@shorten@start@additional=\dimen190
)
(/usr/share/texlive/texmf-dist/tex/generic/pgf/basiclayer/pgfcorescopes.code.te
x
File: pgfcorescopes.code.tex 2020/01/08 v3.1.5b (3.1.5b)
\pgfpic=\box56
\pgf@hbox=\box57
\pgf@layerbox@main=\box58
\pgf@picture@serial@count=\count266
)
(/usr/share/texlive/texmf-dist/tex/generic/pgf/basiclayer/pgfcoregraphicstate.c
ode.tex
File: pgfcoregraphicstate.code.tex 2020/01/08 v3.1.5b (3.1.5b)
\pgflinewidth=\dimen191
)
(/usr/share/texlive/texmf-dist/tex/generic/pgf/basiclayer/pgfcoretransformation
s.code.tex
File: pgfcoretransformations.code.tex 2020/01/08 v3.1.5b (3.1.5b)
\pgf@pt@x=\dimen192
\pgf@pt@y=\dimen193
\pgf@pt@temp=\dimen194
)
(/usr/share/texlive/texmf-dist/tex/generic/pgf/basiclayer/pgfcorequick.code.tex
File: pgfcorequick.code.tex 2020/01/08 v3.1.5b (3.1.5b)
)
(/usr/share/texlive/texmf-dist/tex/generic/pgf/basiclayer/pgfcoreobjects.code.t
ex
File: pgfcoreobjects.code.tex 2020/01/08 v3.1.5b (3.1.5b)
)
(/usr/share/texlive/texmf-dist/tex/generic/pgf/basiclayer/pgfcorepathprocessing
.code.tex
File: pgfcorepathprocessing.code.tex 2020/01/08 v3.1.5b (3.1.5b)
)
(/usr/share/texlive/texmf-dist/tex/generic/pgf/basiclayer/pgfcorearrows.code.te
x
File: pgfcorearrows.code.tex 2020/01/08 v3.1.5b (3.1.5b)
\pgfarrowsep=\dimen195
)
(/usr/share/texlive/texmf-dist/tex/generic/pgf/basiclayer/pgfcoreshade.code.tex
File: pgfcoreshade.code.tex 2020/01/08 v3.1.5b (3.1.5b)
\pgf@max=\dimen196
\pgf@sys@shading@range@num=\count267
\pgf@shadingcount=\count268
)
(/usr/share/texlive/texmf-dist/tex/generic/pgf/basiclayer/pgfcoreimage.code.tex
File: pgfcoreimage.code.tex 2020/01/08 v3.1.5b (3.1.5b)

(/usr/share/texlive/texmf-dist/tex/generic/pgf/basiclayer/pgfcoreexternal.code.
tex
File: pgfcoreexternal.code.tex 2020/01/08 v3.1.5b (3.1.5b)
\pgfexternal@startupbox=\box59
))
(/usr/share/texlive/texmf-dist/tex/generic/pgf/basiclayer/pgfcorelayers.code.te
x
File: pgfcorelayers.code.tex 2020/01/08 v3.1.5b (3.1.5b)
)
(/usr/share/texlive/texmf-dist/tex/generic/pgf/basiclayer/pgfcoretransparency.c
ode.tex
File: pgfcoretransparency.code.tex 2020/01/08 v3.1.5b (3.1.5b)
)
(/usr/share/texlive/texmf-dist/tex/generic/pgf/basiclayer/pgfcorepatterns.code.
tex
File: pgfcorepatterns.code.tex 2020/01/08 v3.1.5b (3.1.5b)
)
(/usr/share/texlive/texmf-dist/tex/generic/pgf/basiclayer/pgfcorerdf.code.tex
File: pgfcorerdf.code.tex 2020/01/08 v3.1.5b (3.1.5b)
))) (/usr/share/texlive/texmf-dist/tex/latex/pgf/utilities/xxcolor.sty
Package: xxcolor 2003/10/24 ver 0.1
\XC@nummixins=\count269
\XC@countmixins=\count270
)
(/usr/share/texlive/texmf-dist/tex/generic/atbegshi/atbegshi.sty
Package: atbegshi 2019/12/05 v1.19 At begin shipout hook (HO)

(/usr/share/texlive/texmf-dist/tex/generic/infwarerr/infwarerr.sty
Package: infwarerr 2019/12/03 v1.5 Providing info/warning/error messages (HO)
)
(/usr/share/texlive/texmf-dist/tex/generic/ltxcmds/ltxcmds.sty
Package: ltxcmds 2019/12/15 v1.24 LaTeX kernel commands for general use (HO)
))
(/usr/share/texlive/texmf-dist/tex/latex/hyperref/hyperref.sty
Package: hyperref 2020/01/14 v7.00d Hypertext links for LaTeX

(/usr/share/texlive/texmf-dist/tex/latex/pdftexcmds/pdftexcmds.sty
Package: pdftexcmds 2019/11/24 v0.31 Utility functions of pdfTeX for LuaTeX (HO)

Package pdftexcmds Info: \pdf@primitive is available.
Package pdftexcmds Info: \pdf@ifprimitive is available.
Package pdftexcmds Info: \pdfdraftmode found.
\pdftexcmds@toks=\toks26
)
(/usr/share/texlive/texmf-dist/tex/generic/kvsetkeys/kvsetkeys.sty
Package: kvsetkeys 2019/12/15 v1.18 Key value parser (HO)
)
(/usr/share/texlive/texmf-dist/tex/generic/kvdefinekeys/kvdefinekeys.sty
Package: kvdefinekeys 2019-12-19 v1.6 Define keys (HO)
)
(/usr/share/texlive/texmf-dist/tex/generic/pdfescape/pdfescape.sty
Package: pdfescape 2019/12/09 v1.15 Implements pdfTeX's escape features (HO)
)
(/usr/share/texlive/texmf-dist/tex/latex/hycolor/hycolor.sty
Package: hycolor 2020-01-27 v1.10 Color options for hyperref/bookmark (HO)
)
(/usr/share/texlive/texmf-dist/tex/latex/letltxmacro/letltxmacro.sty
Package: letltxmacro 2019/12/03 v1.6 Let assignment for LaTeX macros (HO)
)
(/usr/share/texlive/texmf-dist/tex/latex/auxhook/auxhook.sty
Package: auxhook 2019-12-17 v1.6 Hooks for auxiliary files (HO)
)
(/usr/share/texlive/texmf-dist/tex/latex/kvoptions/kvoptions.sty
Package: kvoptions 2019/11/29 v3.13 Key value format for package options (HO)
)
\@linkdim=\dimen197
\Hy@linkcounter=\count271
\Hy@pagecounter=\count272

(/usr/share/texlive/texmf-dist/tex/latex/hyperref/pd1enc.def
File: pd1enc.def 2020/01/14 v7.00d Hyperref: PDFDocEncoding definition (HO)
)
(/usr/share/texlive/texmf-dist/tex/generic/intcalc/intcalc.sty
Package: intcalc 2019/12/15 v1.3 Expandable calculations with integers (HO)
)
(/usr/share/texlive/texmf-dist/tex/generic/etexcmds/etexcmds.sty
Package: etexcmds 2019/12/15 v1.7 Avoid name clashes with e-TeX commands (HO)
)
\Hy@SavedSpaceFactor=\count273
Package hyperref Info: Option `bookmarks' set `true' on input line 4421.
Package hyperref Info: Option `bookmarksopen' set `true' on input line 4421.
Package hyperref Info: Option `implicit' set `false' on input line 4421.
Package hyperref Info: Hyper figures OFF on input line 4547.
Package hyperref Info: Link nesting OFF on input line 4552.
Package hyperref Info: Hyper index ON on input line 4555.
Package hyperref Info: Plain pages OFF on input line 4562.
Package hyperref Info: Backreferencing OFF on input line 4567.
Package hyperref Info: Implicit mode OFF; no redefinition of LaTeX internals.
Package hyperref Info: Bookmarks ON on input line 4800.
\c@Hy@tempcnt=\count274

(/usr/share/texlive/texmf-dist/tex/latex/url/url.sty
\Urlmuskip=\muskip16
Package: url 2013/09/16  ver 3.4  Verb mode for urls, etc.
)
LaTeX Info: Redefining \url on input line 5159.
\XeTeXLinkMargin=\dimen198

(/usr/share/texlive/texmf-dist/tex/generic/bitset/bitset.sty
Package: bitset 2019/12/09 v1.3 Handle bit-vector datatype (HO)

(/usr/share/texlive/texmf-dist/tex/generic/bigintcalc/bigintcalc.sty
Package: bigintcalc 2019/12/15 v1.5 Expandable calculations on big integers (HO)

))
\Fld@menulength=\count275
\Field@Width=\dimen199
\Fld@charsize=\dimen256
Package hyperref Info: Hyper figures OFF on input line 6430.
Package hyperref Info: Link nesting OFF on input line 6435.
Package hyperref Info: Hyper index ON on input line 6438.
Package hyperref Info: backreferencing OFF on input line 6445.
Package hyperref Info: Link coloring OFF on input line 6450.
Package hyperref Info: Link coloring with OCG OFF on input line 6455.
Package hyperref Info: PDF/A mode OFF on input line 6460.
LaTeX Info: Redefining \ref on input line 6500.
LaTeX Info: Redefining \pageref on input line 6504.
\Hy@abspage=\count276


Package hyperref Message: Stopped early.

)
Package hyperref Info: Driver (autodetected): hluatex.
 (/usr/share/texlive/texmf-dist/tex/latex/hyperref/hluatex.def
File: hluatex.def 2020/01/14 v7.00d Hyperref driver for luaTeX

(/usr/share/texlive/texmf-dist/tex/latex/hyperref/puenc.def
File: puenc.def 2020/01/14 v7.00d Hyperref: PDF Unicode definition (HO)
)
(/usr/share/texlive/texmf-dist/tex/generic/stringenc/stringenc.sty
Package: stringenc 2019/11/29 v1.12 Convert strings between diff. encodings (HO)

)
(/usr/share/texlive/texmf-dist/tex/latex/atveryend/atveryend.sty
Package: atveryend 2019-12-11 v1.11 Hooks at the very end of document (HO)
)
\Fld@listcount=\count277
\c@bookmark@seq@number=\count278

(/usr/share/texlive/texmf-dist/tex/latex/rerunfilecheck/rerunfilecheck.sty
Package: rerunfilecheck 2019/12/05 v1.9 Rerun checks for auxiliary files (HO)

(/usr/share/texlive/texmf-dist/tex/generic/uniquecounter/uniquecounter.sty
Package: uniquecounter 2019/12/15 v1.4 Provide unlimited unique counter (HO)
)
Package uniquecounter Info: New unique counter `rerunfilecheck' on input line 28
6.
))
(/usr/share/texlive/texmf-dist/tex/latex/beamer/beamerbaserequires.sty
(/usr/share/texlive/texmf-dist/tex/latex/beamer/beamerbasecompatibility.sty)
(/usr/share/texlive/texmf-dist/tex/latex/beamer/beamerbasefont.sty
(/usr/share/texlive/texmf-dist/tex/latex/amsfonts/amssymb.sty
Package: amssymb 2013/01/14 v3.01 AMS font symbols

(/usr/share/texlive/texmf-dist/tex/latex/amsfonts/amsfonts.sty
Package: amsfonts 2013/01/14 v3.01 Basic AMSFonts support
\@emptytoks=\toks27
\symAMSa=\mathgroup4
\symAMSb=\mathgroup5
LaTeX Font Info:    Redeclaring math symbol \hbar on input line 98.
LaTeX Font Info:    Overwriting math alphabet `\mathfrak' in version `bold'
(Font)                  U/euf/m/n --> U/euf/b/n on input line 106.
))
(/usr/share/texlive/texmf-dist/tex/latex/sansmathaccent/sansmathaccent.sty
Package: sansmathaccent 2020/01/31

(/usr/share/texlive/texmf-dist/tex/latex/koma-script/scrlfile.sty
Package: scrlfile 2020/01/24 v3.29 KOMA-Script package (loading files)
)))
(/usr/share/texlive/texmf-dist/tex/latex/beamer/beamerbasetranslator.sty
(/usr/share/texlive/texmf-dist/tex/latex/translator/translator.sty
Package: translator 2019-05-31 v1.12a Easy translation of strings in LaTeX
))
(/usr/share/texlive/texmf-dist/tex/latex/beamer/beamerbasemisc.sty)
(/usr/share/texlive/texmf-dist/tex/latex/beamer/beamerbasetwoscreens.sty)
(/usr/share/texlive/texmf-dist/tex/latex/beamer/beamerbaseoverlay.sty
\beamer@argscount=\count279
\beamer@lastskipcover=\skip50
\beamer@trivlistdepth=\count280
)
(/usr/share/texlive/texmf-dist/tex/latex/beamer/beamerbasetitle.sty)
(/usr/share/texlive/texmf-dist/tex/latex/beamer/beamerbasesection.sty
\c@lecture=\count281
\c@part=\count282
\c@section=\count283
\c@subsection=\count284
\c@subsubsection=\count285
)
(/usr/share/texlive/texmf-dist/tex/latex/beamer/beamerbaseframe.sty
\beamer@framebox=\box60
\beamer@frametitlebox=\box61
\beamer@zoombox=\box62
\beamer@zoomcount=\count286
\beamer@zoomframecount=\count287
\beamer@frametextheight=\dimen257
\c@subsectionslide=\count288
\beamer@frametopskip=\skip51
\beamer@framebottomskip=\skip52
\beamer@frametopskipautobreak=\skip53
\beamer@framebottomskipautobreak=\skip54
\beamer@envbody=\toks28
\framewidth=\dimen258
\c@framenumber=\count289
)
(/usr/share/texlive/texmf-dist/tex/latex/beamer/beamerbaseverbatim.sty
\beamer@verbatimfileout=\write4
)
(/usr/share/texlive/texmf-dist/tex/latex/beamer/beamerbaseframesize.sty
\beamer@splitbox=\box63
\beamer@autobreakcount=\count290
\beamer@autobreaklastheight=\dimen259
\beamer@frametitletoks=\toks29
\beamer@framesubtitletoks=\toks30
)
(/usr/share/texlive/texmf-dist/tex/latex/beamer/beamerbaseframecomponents.sty
\beamer@footins=\box64
)
(/usr/share/texlive/texmf-dist/tex/latex/beamer/beamerbasecolor.sty)
(/usr/share/texlive/texmf-dist/tex/latex/beamer/beamerbasenotes.sty
\beamer@frameboxcopy=\box65
)
(/usr/share/texlive/texmf-dist/tex/latex/beamer/beamerbasetoc.sty)
(/usr/share/texlive/texmf-dist/tex/latex/beamer/beamerbasetemplates.sty
\beamer@sbttoks=\toks31

(/usr/share/texlive/texmf-dist/tex/latex/beamer/beamerbaseauxtemplates.sty
(/usr/share/texlive/texmf-dist/tex/latex/beamer/beamerbaseboxes.sty
\bmb@box=\box66
\bmb@colorbox=\box67
\bmb@boxshadow=\box68
\bmb@boxshadowball=\box69
\bmb@boxshadowballlarge=\box70
\bmb@temp=\dimen260
\bmb@dima=\dimen261
\bmb@dimb=\dimen262
\bmb@prevheight=\dimen263
)
\beamer@blockheadheight=\dimen264
))
(/usr/share/texlive/texmf-dist/tex/latex/beamer/beamerbaselocalstructure.sty
(/usr/share/texlive/texmf-dist/tex/latex/tools/enumerate.sty
Package: enumerate 2015/07/23 v3.00 enumerate extensions (DPC)
\@enLab=\toks32
)
\c@figure=\count291
\c@table=\count292
\abovecaptionskip=\skip55
\belowcaptionskip=\skip56
)
(/usr/share/texlive/texmf-dist/tex/latex/beamer/beamerbasenavigation.sty
\beamer@section@min@dim=\dimen265
)
(/usr/share/texlive/texmf-dist/tex/latex/beamer/beamerbasetheorems.sty
(/usr/share/texlive/texmf-dist/tex/latex/amsmath/amsmath.sty
Package: amsmath 2020/01/20 v2.17e AMS math features
\@mathmargin=\skip57

For additional information on amsmath, use the `?' option.
(/usr/share/texlive/texmf-dist/tex/latex/amsmath/amstext.sty
Package: amstext 2000/06/29 v2.01 AMS text

(/usr/share/texlive/texmf-dist/tex/latex/amsmath/amsgen.sty
File: amsgen.sty 1999/11/30 v2.0 generic functions
\@emptytoks=\toks33
\ex@=\dimen266
))
(/usr/share/texlive/texmf-dist/tex/latex/amsmath/amsbsy.sty
Package: amsbsy 1999/11/29 v1.2d Bold Symbols
\pmbraise@=\dimen267
)
(/usr/share/texlive/texmf-dist/tex/latex/amsmath/amsopn.sty
Package: amsopn 2016/03/08 v2.02 operator names
)
\inf@bad=\count293
LaTeX Info: Redefining \frac on input line 227.
\uproot@=\count294
\leftroot@=\count295
LaTeX Info: Redefining \overline on input line 389.
\classnum@=\count296
\DOTSCASE@=\count297
LaTeX Info: Redefining \ldots on input line 486.
LaTeX Info: Redefining \dots on input line 489.
LaTeX Info: Redefining \cdots on input line 610.
\Mathstrutbox@=\box71
\strutbox@=\box72
\big@size=\dimen268
LaTeX Font Info:    Redeclaring font encoding OML on input line 733.
LaTeX Font Info:    Redeclaring font encoding OMS on input line 734.
\macc@depth=\count298
\c@MaxMatrixCols=\count299
\dotsspace@=\muskip17
\c@parentequation=\count300
\dspbrk@lvl=\count301
\tag@help=\toks34
\row@=\count302
\column@=\count303
\maxfields@=\count304
\andhelp@=\toks35
\eqnshift@=\dimen269
\alignsep@=\dimen270
\tagshift@=\dimen271
\tagwidth@=\dimen272
\totwidth@=\dimen273
\lineht@=\dimen274
\@envbody=\toks36
\multlinegap=\skip58
\multlinetaggap=\skip59
\mathdisplay@stack=\toks37
LaTeX Info: Redefining \[ on input line 2859.
LaTeX Info: Redefining \] on input line 2860.
)
(/usr/share/texlive/texmf-dist/tex/latex/amscls/amsthm.sty
Package: amsthm 2017/10/31 v2.20.4
\thm@style=\toks38
\thm@bodyfont=\toks39
\thm@headfont=\toks40
\thm@notefont=\toks41
\thm@headpunct=\toks42
\thm@preskip=\skip60
\thm@postskip=\skip61
\thm@headsep=\skip62
\dth@everypar=\toks43
)
\c@theorem=\count305
)
(/usr/share/texlive/texmf-dist/tex/latex/beamer/beamerbasethemes.sty))
(/usr/share/texlive/texmf-dist/tex/latex/beamer/beamerthemedefault.sty
(/usr/share/texlive/texmf-dist/tex/latex/beamer/beamerfontthemedefault.sty)
(/usr/share/texlive/texmf-dist/tex/latex/beamer/beamercolorthemedefault.sty)
(/usr/share/texlive/texmf-dist/tex/latex/beamer/beamerinnerthemedefault.sty
\beamer@dima=\dimen275
\beamer@dimb=\dimen276
)
(/usr/share/texlive/texmf-dist/tex/latex/beamer/beamerouterthemedefault.sty)))
(/usr/share/texlive/texmf-dist/tex/latex/pgf/frontendlayer/tikz.sty
(/usr/share/texlive/texmf-dist/tex/latex/pgf/basiclayer/pgf.sty
Package: pgf 2020/01/08 v3.1.5b (3.1.5b)

(/usr/share/texlive/texmf-dist/tex/generic/pgf/modules/pgfmoduleshapes.code.tex
File: pgfmoduleshapes.code.tex 2020/01/08 v3.1.5b (3.1.5b)
\pgfnodeparttextbox=\box73
) (/usr/share/texlive/texmf-dist/tex/generic/pgf/modules/pgfmoduleplot.code.tex
File: pgfmoduleplot.code.tex 2020/01/08 v3.1.5b (3.1.5b)
)
(/usr/share/texlive/texmf-dist/tex/latex/pgf/compatibility/pgfcomp-version-0-65
.sty
Package: pgfcomp-version-0-65 2020/01/08 v3.1.5b (3.1.5b)
\pgf@nodesepstart=\dimen277
\pgf@nodesepend=\dimen278
)
(/usr/share/texlive/texmf-dist/tex/latex/pgf/compatibility/pgfcomp-version-1-18
.sty
Package: pgfcomp-version-1-18 2020/01/08 v3.1.5b (3.1.5b)
)) (/usr/share/texlive/texmf-dist/tex/latex/pgf/utilities/pgffor.sty
(/usr/share/texlive/texmf-dist/tex/latex/pgf/utilities/pgfkeys.sty
(/usr/share/texlive/texmf-dist/tex/generic/pgf/utilities/pgfkeys.code.tex))
(/usr/share/texlive/texmf-dist/tex/latex/pgf/math/pgfmath.sty
(/usr/share/texlive/texmf-dist/tex/generic/pgf/math/pgfmath.code.tex))
(/usr/share/texlive/texmf-dist/tex/generic/pgf/utilities/pgffor.code.tex
Package: pgffor 2020/01/08 v3.1.5b (3.1.5b)

(/usr/share/texlive/texmf-dist/tex/generic/pgf/math/pgfmath.code.tex)
\pgffor@iter=\dimen279
\pgffor@skip=\dimen280
\pgffor@stack=\toks44
\pgffor@toks=\toks45
))
(/usr/share/texlive/texmf-dist/tex/generic/pgf/frontendlayer/tikz/tikz.code.tex
Package: tikz 2020/01/08 v3.1.5b (3.1.5b)

(/usr/share/texlive/texmf-dist/tex/generic/pgf/libraries/pgflibraryplothandlers
.code.tex
File: pgflibraryplothandlers.code.tex 2020/01/08 v3.1.5b (3.1.5b)
\pgf@plot@mark@count=\count306
\pgfplotmarksize=\dimen281
)
\tikz@lastx=\dimen282
\tikz@lasty=\dimen283
\tikz@lastxsaved=\dimen284
\tikz@lastysaved=\dimen285
\tikz@lastmovetox=\dimen286
\tikz@lastmovetoy=\dimen287
\tikzleveldistance=\dimen288
\tikzsiblingdistance=\dimen289
\tikz@figbox=\box74
\tikz@figbox@bg=\box75
\tikz@tempbox=\box76
\tikz@tempbox@bg=\box77
\tikztreelevel=\count307
\tikznumberofchildren=\count308
\tikznumberofcurrentchild=\count309
\tikz@fig@count=\count310

(/usr/share/texlive/texmf-dist/tex/generic/pgf/modules/pgfmodulematrix.code.tex
File: pgfmodulematrix.code.tex 2020/01/08 v3.1.5b (3.1.5b)
\pgfmatrixcurrentrow=\count311
\pgfmatrixcurrentcolumn=\count312
\pgf@matrix@numberofcolumns=\count313
)
\tikz@expandcount=\count314

(/usr/share/texlive/texmf-dist/tex/generic/pgf/frontendlayer/tikz/libraries/tik
zlibrarytopaths.code.tex
File: tikzlibrarytopaths.code.tex 2020/01/08 v3.1.5b (3.1.5b)
)))
(/usr/share/texlive/texmf-dist/tex/generic/pgf/frontendlayer/tikz/libraries/tik
zlibrarycalc.code.tex
File: tikzlibrarycalc.code.tex 2020/01/08 v3.1.5b (3.1.5b)
)
(/usr/share/texlive/texmf-dist/tex/generic/pgf/frontendlayer/tikz/libraries/tik
zlibraryscopes.code.tex
File: tikzlibraryscopes.code.tex 2020/01/08 v3.1.5b (3.1.5b)
)
(/usr/share/texlive/texmf-dist/tex/generic/pgf/frontendlayer/tikz/libraries/tik
zlibraryfadings.code.tex
File: tikzlibraryfadings.code.tex 2020/01/08 v3.1.5b (3.1.5b)

(/usr/share/texlive/texmf-dist/tex/generic/pgf/libraries/pgflibraryfadings.code
.tex
File: pgflibraryfadings.code.tex 2020/01/08 v3.1.5b (3.1.5b)
)) (/usr/share/texlive/texmf-dist/tex/latex/mathtools/mathtools.sty
Package: mathtools 2020/01/17 v1.23 mathematical typesetting tools

(/usr/share/texlive/texmf-dist/tex/latex/tools/calc.sty
Package: calc 2017/05/25 v4.3 Infix arithmetic (KKT,FJ)
\calc@Acount=\count315
\calc@Bcount=\count316
\calc@Adimen=\dimen290
\calc@Bdimen=\dimen291
\calc@Askip=\skip63
\calc@Bskip=\skip64
LaTeX Info: Redefining \setlength on input line 80.
LaTeX Info: Redefining \addtolength on input line 81.
\calc@Ccount=\count317
\calc@Cskip=\skip65
)
(/usr/share/texlive/texmf-dist/tex/latex/mathtools/mhsetup.sty
Package: mhsetup 2017/03/31 v1.3 programming setup (MH)
)
LaTeX Info: Thecontrolsequence`\('isalreadyrobust on input line 129.
LaTeX Info: Thecontrolsequence`\)'isalreadyrobust on input line 129.
LaTeX Info: Thecontrolsequence`\['isalreadyrobust on input line 129.
LaTeX Info: Thecontrolsequence`\]'isalreadyrobust on input line 129.
\g_MT_multlinerow_int=\count318
\l_MT_multwidth_dim=\dimen292
\origjot=\skip66
\l_MT_shortvdotswithinadjustabove_dim=\dimen293
\l_MT_shortvdotswithinadjustbelow_dim=\dimen294
\l_MT_above_intertext_sep=\dimen295
\l_MT_below_intertext_sep=\dimen296
\l_MT_above_shortintertext_sep=\dimen297
\l_MT_below_shortintertext_sep=\dimen298
)
(/usr/share/texlive/texmf-dist/tex/latex/stackengine/stackengine.sty
Package: stackengine 2017/02/13 v4.01\ Stacking text and objects in convenient w
ays

(/usr/share/texlive/texmf-dist/tex/generic/listofitems/listofitems.sty
(/usr/share/texlive/texmf-dist/tex/generic/listofitems/listofitems.tex
\loi_cnt_foreach_nest=\count319
\loi_nestcnt=\count320
)
Package: listofitems 2019/08/21 v1.63 Grab items in lists using user-specified s
ep char (CT)
)
\c@@stackindex=\count321
\@boxshift=\skip67
\stack@tmplength=\skip68
\temp@stkl=\skip69
\@stackedboxwidth=\skip70
\@addedbox=\box78
\@anchorbox=\box79
\stackedbox=\box80
\@centerbox=\box81
\c@ROWcellindex@=\count322
)
(/usr/share/texlive/texmf-dist/tex/latex/adjustbox/adjustbox.sty
Package: adjustbox 2019/01/04 v1.2 Adjusting TeX boxes (trim, clip, ...)

(/usr/share/texlive/texmf-dist/tex/latex/xkeyval/xkeyval.sty
Package: xkeyval 2014/12/03 v2.7a package option processing (HA)

(/usr/share/texlive/texmf-dist/tex/generic/xkeyval/xkeyval.tex
(/usr/share/texlive/texmf-dist/tex/generic/xkeyval/xkvutils.tex
\XKV@toks=\toks46
\XKV@tempa@toks=\toks47
)
\XKV@depth=\count323
File: xkeyval.tex 2014/12/03 v2.7a key=value parser (HA)
))
(/usr/share/texlive/texmf-dist/tex/latex/adjustbox/adjcalc.sty
Package: adjcalc 2012/05/16 v1.1 Provides advanced setlength with multiple back-
ends (calc, etex, pgfmath)
)
(/usr/share/texlive/texmf-dist/tex/latex/adjustbox/trimclip.sty
Package: trimclip 2018/04/08 v1.1 Trim and clip general TeX material

(/usr/share/texlive/texmf-dist/tex/latex/collectbox/collectbox.sty
Package: collectbox 2012/05/17 v0.4b Collect macro arguments as boxes
\collectedbox=\box82
)
\tc@llx=\dimen299
\tc@lly=\dimen300
\tc@urx=\dimen301
\tc@ury=\dimen302

(/usr/share/texlive/texmf-dist/tex/latex/adjustbox/tc-pgf.def
File: tc-pgf.def 2019/01/04 v2.2 trimclip fall-back clipping driver using PGF
)
Package trimclip Info: No clipping driver 'tc-luatex.def' available.
(trimclip)             Using fall-back PGF driver.
)
\adjbox@Width=\dimen303
\adjbox@Height=\dimen304
\adjbox@Depth=\dimen305
\adjbox@Totalheight=\dimen306
\adjbox@pwidth=\dimen307
\adjbox@pheight=\dimen308
\adjbox@pdepth=\dimen309
\adjbox@ptotalheight=\dimen310

(/usr/share/texlive/texmf-dist/tex/latex/ifoddpage/ifoddpage.sty
Package: ifoddpage 2016/04/23 v1.1 Conditionals for odd/even page detection
\c@checkoddpage=\count324
)
(/usr/share/texlive/texmf-dist/tex/latex/varwidth/varwidth.sty
Package: varwidth 2009/03/30 ver 0.92;  Variable-width minipages
\@vwid@box=\box83
\sift@deathcycles=\count325
\@vwid@loff=\dimen311
\@vwid@roff=\dimen312
))
(/usr/share/texlive/texmf-dist/tex/latex/pgfplots/pgfplots.sty
(/usr/share/texlive/texmf-dist/tex/generic/pgfplots/pgfplots.revision.tex)
Package: pgfplots 2018/03/28 v1.16 Data Visualization (1.16)

(/usr/share/texlive/texmf-dist/tex/generic/pgfplots/pgfplots.code.tex
(/usr/share/texlive/texmf-dist/tex/generic/pgfplots/pgfplotscore.code.tex
Package pgfplots info on input line 124: Initializing with LUA version Lua 5.3
\pgfplots@luabackend@table=\catcodetable5
\t@pgfplots@toka=\toks48
\t@pgfplots@tokb=\toks49
\t@pgfplots@tokc=\toks50
\pgfplots@tmpa=\dimen313
\c@pgfplots@coordindex=\count326
\c@pgfplots@scanlineindex=\count327

(/usr/share/texlive/texmf-dist/tex/generic/pgfplots/sys/pgfplotssysgeneric.code
.tex))
(/usr/share/texlive/texmf-dist/tex/generic/pgfplots/libs/pgfplotslibrary.code.t
ex)
(/usr/share/texlive/texmf-dist/tex/generic/pgfplots/oldpgfcompatib/pgfplotsoldp
gfsupp_loader.code.tex
(/usr/share/texlive/texmf-dist/tex/generic/pgf/libraries/pgflibraryfpu.code.tex
)
(/usr/share/texlive/texmf-dist/tex/generic/pgf/libraries/luamath/pgflibraryluam
ath.code.tex)
Package pgfplots info on input line 275: luamath library shipped with pgf 3.1.5b
 is up-to-date
)
(/usr/share/texlive/texmf-dist/tex/generic/pgfplots/util/pgfplotsutil.code.tex
Package pgfplots info on input line 82: Found new luatex: initializing lua comma
nds instead of write18 (shell-escape)

(/usr/share/texlive/texmf-dist/tex/generic/pgfplots/liststructure/pgfplotslists
tructure.code.tex)
(/usr/share/texlive/texmf-dist/tex/generic/pgfplots/liststructure/pgfplotslists
tructureext.code.tex)
(/usr/share/texlive/texmf-dist/tex/generic/pgfplots/liststructure/pgfplotsarray
.code.tex
\c@pgfplotsarray@tmp=\count328
)
(/usr/share/texlive/texmf-dist/tex/generic/pgfplots/liststructure/pgfplotsmatri
x.code.tex)
(/usr/share/texlive/texmf-dist/tex/generic/pgfplots/numtable/pgfplotstableshare
d.code.tex
\c@pgfplotstable@counta=\count329
\t@pgfplotstable@a=\toks51
)
(/usr/share/texlive/texmf-dist/tex/generic/pgfplots/liststructure/pgfplotsdeque
.code.tex)
(/usr/share/texlive/texmf-dist/tex/generic/pgfplots/util/pgfplotsbinary.code.te
x
(/usr/share/texlive/texmf-dist/tex/generic/pgfplots/util/pgfplotsbinary.data.co
de.tex))
(/usr/share/texlive/texmf-dist/tex/generic/pgfplots/util/pgfplotsutil.verb.code
.tex)
(/usr/share/texlive/texmf-dist/tex/generic/pgfplots/libs/pgflibrarypgfplots.sur
fshading.code.tex
\c@pgfplotslibrarysurf@no=\count330

(/usr/share/texlive/texmf-dist/tex/generic/pgfplots/sys/pgflibrarypgfplots.surf
shading.pgfsys-luatex.def)))
(/usr/share/texlive/texmf-dist/tex/generic/pgfplots/util/pgfplotscolormap.code.
tex
(/usr/share/texlive/texmf-dist/tex/generic/pgfplots/util/pgfplotscolor.code.tex
))
(/usr/share/texlive/texmf-dist/tex/generic/pgfplots/pgfplotsstackedplots.code.t
ex)
(/usr/share/texlive/texmf-dist/tex/generic/pgfplots/pgfplotsplothandlers.code.t
ex
(/usr/share/texlive/texmf-dist/tex/generic/pgfplots/pgfplotsmeshplothandler.cod
e.tex
(/usr/share/texlive/texmf-dist/tex/generic/pgfplots/pgfplotsmeshplotimage.code.
tex)))
(/usr/share/texlive/texmf-dist/tex/generic/pgfplots/pgfplots.scaling.code.tex)
(/usr/share/texlive/texmf-dist/tex/generic/pgfplots/pgfplotscoordprocessing.cod
e.tex)
(/usr/share/texlive/texmf-dist/tex/generic/pgfplots/pgfplots.errorbars.code.tex
) (/usr/share/texlive/texmf-dist/tex/generic/pgfplots/pgfplots.markers.code.tex
) (/usr/share/texlive/texmf-dist/tex/generic/pgfplots/pgfplotsticks.code.tex)
(/usr/share/texlive/texmf-dist/tex/generic/pgfplots/pgfplots.paths.code.tex)
(/usr/share/texlive/texmf-dist/tex/generic/pgf/frontendlayer/tikz/libraries/tik
zlibrarydecorations.code.tex
(/usr/share/texlive/texmf-dist/tex/generic/pgf/modules/pgfmoduledecorations.cod
e.tex
\pgfdecoratedcompleteddistance=\dimen314
\pgfdecoratedremainingdistance=\dimen315
\pgfdecoratedinputsegmentcompleteddistance=\dimen316
\pgfdecoratedinputsegmentremainingdistance=\dimen317
\pgf@decorate@distancetomove=\dimen318
\pgf@decorate@repeatstate=\count331
\pgfdecorationsegmentamplitude=\dimen319
\pgfdecorationsegmentlength=\dimen320
)
\tikz@lib@dec@box=\box84
)
(/usr/share/texlive/texmf-dist/tex/generic/pgf/frontendlayer/tikz/libraries/tik
zlibrarydecorations.pathmorphing.code.tex
(/usr/share/texlive/texmf-dist/tex/generic/pgf/libraries/decorations/pgflibrary
decorations.pathmorphing.code.tex))
(/usr/share/texlive/texmf-dist/tex/generic/pgf/frontendlayer/tikz/libraries/tik
zlibrarydecorations.pathreplacing.code.tex
(/usr/share/texlive/texmf-dist/tex/generic/pgf/libraries/decorations/pgflibrary
decorations.pathreplacing.code.tex))
\pgfplots@numplots=\count332
\pgfplots@xmin@reg=\dimen321
\pgfplots@xmax@reg=\dimen322
\pgfplots@ymin@reg=\dimen323
\pgfplots@ymax@reg=\dimen324
\pgfplots@zmin@reg=\dimen325
\pgfplots@zmax@reg=\dimen326
)
(/usr/share/texlive/texmf-dist/tex/generic/pgf/frontendlayer/tikz/libraries/tik
zlibraryplotmarks.code.tex
File: tikzlibraryplotmarks.code.tex 2020/01/08 v3.1.5b (3.1.5b)

(/usr/share/texlive/texmf-dist/tex/generic/pgf/libraries/pgflibraryplotmarks.co
de.tex
File: pgflibraryplotmarks.code.tex 2020/01/08 v3.1.5b (3.1.5b)
)))
(/usr/share/texlive/texmf-dist/tex/generic/pgfplots/libs/tikzlibrarypgfplots.gr
oupplots.code.tex
\pgfplots@group@current@plot=\count333
\pgfplots@group@current@row=\count334
\pgfplots@group@current@column=\count335
)
(/usr/share/texlive/texmf-dist/tex/latex/todonotes/todonotes.sty
Package: todonotes 2019/01/24 v1.1.2 Todonotes source and documentation.
Package: todonotes 2018/11/22

(/usr/share/texlive/texmf-dist/tex/latex/base/ifthen.sty
Package: ifthen 2014/09/29 v1.1c Standard LaTeX ifthen package (DPC)
)
(/usr/share/texlive/texmf-dist/tex/generic/pgf/frontendlayer/tikz/libraries/tik
zlibrarypositioning.code.tex
File: tikzlibrarypositioning.code.tex 2020/01/08 v3.1.5b (3.1.5b)
)
(/usr/share/texlive/texmf-dist/tex/generic/pgf/frontendlayer/tikz/libraries/tik
zlibraryshadows.code.tex
File: tikzlibraryshadows.code.tex 2020/01/08 v3.1.5b (3.1.5b)
)
\c@@todonotes@numberoftodonotes=\count336
)
(/usr/share/texlive/texmf-dist/tex/latex/textpos/textpos.sty
Package: textpos 2019/04/15 v1.9.1

Package: textpos 2019/04/15 1.9.1, absolute positioning of text on the page
\TP@textbox=\box85
\TP@holdbox=\box86
\TPHorizModule=\dimen327
\TPVertModule=\dimen328
\TP@margin=\dimen329
\TP@absmargin=\dimen330
Grid set 16 x 16 = 22.7622pt x 17.07166pt
\TPboxrulesize=\dimen331
\TP@ox=\dimen332
\TP@oy=\dimen333
\TP@tbargs=\toks52
\TP@prevdepth=\dimen334
TextBlockOrigin set to 0pt x 0pt
) (./bibliography.tex
(/usr/share/texlive/texmf-dist/tex/latex/biblatex/biblatex.sty
Package: biblatex 2019/12/01 v3.14 programmable bibliographies (PK/MW)

(/usr/share/texlive/texmf-dist/tex/latex/logreq/logreq.sty
Package: logreq 2010/08/04 v1.0 xml request logger
\lrq@indent=\count337

(/usr/share/texlive/texmf-dist/tex/latex/logreq/logreq.def
File: logreq.def 2010/08/04 v1.0 logreq spec v1.0
))
\c@tabx@nest=\count338
\c@listtotal=\count339
\c@listcount=\count340
\c@liststart=\count341
\c@liststop=\count342
\c@citecount=\count343
\c@citetotal=\count344
\c@multicitecount=\count345
\c@multicitetotal=\count346
\c@instcount=\count347
\c@maxnames=\count348
\c@minnames=\count349
\c@maxitems=\count350
\c@minitems=\count351
\c@citecounter=\count352
\c@maxcitecounter=\count353
\c@savedcitecounter=\count354
\c@uniquelist=\count355
\c@uniquename=\count356
\c@refsection=\count357
\c@refsegment=\count358
\c@maxextratitle=\count359
\c@maxextratitleyear=\count360
\c@maxextraname=\count361
\c@maxextradate=\count362
\c@maxextraalpha=\count363
\c@abbrvpenalty=\count364
\c@highnamepenalty=\count365
\c@lownamepenalty=\count366
\c@maxparens=\count367
\c@parenlevel=\count368
\blx@tempcnta=\count369
\blx@tempcntb=\count370
\blx@tempcntc=\count371
\blx@maxsection=\count372
\blx@maxsegment@0=\count373
\blx@notetype=\count374
\blx@parenlevel@text=\count375
\blx@parenlevel@foot=\count376
\blx@sectionciteorder@0=\count377
\blx@entrysetcounter=\count378
\labelnumberwidth=\skip71
\labelalphawidth=\skip72
\biblabelsep=\skip73
\bibitemsep=\skip74
\bibnamesep=\skip75
\bibinitsep=\skip76
\bibparsep=\skip77
\bibhang=\skip78
\blx@bcfin=\read3
\blx@bcfout=\write5
\blx@langwohyphens=\language2
\c@mincomprange=\count379
\c@maxcomprange=\count380
\c@mincompwidth=\count381
Package biblatex Info: Trying to load biblatex default data model...
Package biblatex Info: ... file 'blx-dm.def' found.

(/usr/share/texlive/texmf-dist/tex/latex/biblatex/blx-dm.def
File: blx-dm.def 2019/12/01 v3.14 biblatex localization (PK/MW)
)
Package biblatex Info: Trying to load biblatex style data model...
Package biblatex Info: ... file 'alphabetic.dbx' not found.
Package biblatex Info: Trying to load biblatex custom data model...
Package biblatex Info: ... file 'biblatex-dm.cfg' not found.
\c@afterword=\count382
\c@savedafterword=\count383
\c@annotator=\count384
\c@savedannotator=\count385
\c@author=\count386
\c@savedauthor=\count387
\c@bookauthor=\count388
\c@savedbookauthor=\count389
\c@commentator=\count390
\c@savedcommentator=\count391
\c@editor=\count392
\c@savededitor=\count393
\c@editora=\count394
\c@savededitora=\count395
\c@editorb=\count396
\c@savededitorb=\count397
\c@editorc=\count398
\c@savededitorc=\count399
\c@foreword=\count400
\c@savedforeword=\count401
\c@holder=\count402
\c@savedholder=\count403
\c@introduction=\count404
\c@savedintroduction=\count405
\c@namea=\count406
\c@savednamea=\count407
\c@nameb=\count408
\c@savednameb=\count409
\c@namec=\count410
\c@savednamec=\count411
\c@translator=\count412
\c@savedtranslator=\count413
\c@shortauthor=\count414
\c@savedshortauthor=\count415
\c@shorteditor=\count416
\c@savedshorteditor=\count417
\c@labelname=\count418
\c@savedlabelname=\count419
\c@institution=\count420
\c@savedinstitution=\count421
\c@lista=\count422
\c@savedlista=\count423
\c@listb=\count424
\c@savedlistb=\count425
\c@listc=\count426
\c@savedlistc=\count427
\c@listd=\count428
\c@savedlistd=\count429
\c@liste=\count430
\c@savedliste=\count431
\c@listf=\count432
\c@savedlistf=\count433
\c@location=\count434
\c@savedlocation=\count435
\c@organization=\count436
\c@savedorganization=\count437
\c@origlocation=\count438
\c@savedoriglocation=\count439
\c@origpublisher=\count440
\c@savedorigpublisher=\count441
\c@publisher=\count442
\c@savedpublisher=\count443
\c@language=\count444
\c@savedlanguage=\count445
\c@origlanguage=\count446
\c@savedoriglanguage=\count447
\c@pageref=\count448
\c@savedpageref=\count449
\shorthandwidth=\skip79
\shortjournalwidth=\skip80
\shortserieswidth=\skip81
\shorttitlewidth=\skip82
\shortauthorwidth=\skip83
\shorteditorwidth=\skip84
\locallabelnumberwidth=\skip85
\locallabelalphawidth=\skip86
\localshorthandwidth=\skip87
\localshortjournalwidth=\skip88
\localshortserieswidth=\skip89
\localshorttitlewidth=\skip90
\localshortauthorwidth=\skip91
\localshorteditorwidth=\skip92
Package biblatex Info: Trying to load enhanced support for Unicode engines...
Package biblatex Info: ... file 'blx-unicode.def' found.

(/usr/share/texlive/texmf-dist/tex/latex/biblatex/blx-unicode.def)
Package biblatex Info: Trying to load compatibility code...
Package biblatex Info: ... file 'blx-compat.def' found.

(/usr/share/texlive/texmf-dist/tex/latex/biblatex/blx-compat.def
File: blx-compat.def 2019/12/01 v3.14 biblatex compatibility (PK/MW)
)
Package biblatex Info: Trying to load generic definitions...
Package biblatex Info: ... file 'biblatex.def' found.

(/usr/share/texlive/texmf-dist/tex/latex/biblatex/biblatex.def
File: biblatex.def 2019/12/01 v3.14 biblatex compatibility (PK/MW)
\c@textcitecount=\count450
\c@textcitetotal=\count451
\c@textcitemaxnames=\count452
\c@biburlbigbreakpenalty=\count453
\c@biburlbreakpenalty=\count454
\c@biburlnumpenalty=\count455
\c@biburlucpenalty=\count456
\c@biburllcpenalty=\count457
\biburlbigskip=\muskip18
\biburlnumskip=\muskip19
\biburlucskip=\muskip20
\biburllcskip=\muskip21
\c@smartand=\count458
)
Package biblatex Info: Trying to load bibliography style 'alphabetic'...
Package biblatex Info: ... file 'alphabetic.bbx' found.

(/usr/share/texlive/texmf-dist/tex/latex/biblatex/bbx/alphabetic.bbx
File: alphabetic.bbx 2019/12/01 v3.14 biblatex bibliography style (PK/MW)
Package biblatex Info: Trying to load bibliography style 'standard'...
Package biblatex Info: ... file 'standard.bbx' found.

(/usr/share/texlive/texmf-dist/tex/latex/biblatex/bbx/standard.bbx
File: standard.bbx 2019/12/01 v3.14 biblatex bibliography style (PK/MW)
\c@bbx:relatedcount=\count459
\c@bbx:relatedtotal=\count460
))
Package biblatex Info: Trying to load citation style 'alphabetic'...
Package biblatex Info: ... file 'alphabetic.cbx' found.

(/usr/share/texlive/texmf-dist/tex/latex/biblatex/cbx/alphabetic.cbx
File: alphabetic.cbx 2019/12/01 v3.14 biblatex citation style (PK/MW)
Package biblatex Info: Redefining '\cite'.
Package biblatex Info: Redefining '\parencite'.
Package biblatex Info: Redefining '\footcite'.
Package biblatex Info: Redefining '\footcitetext'.
Package biblatex Info: Redefining '\smartcite'.
Package biblatex Info: Redefining '\textcite'.
Package biblatex Info: Redefining '\textcites'.
Package biblatex Info: Redefining '\cites'.
Package biblatex Info: Redefining '\parencites'.
Package biblatex Info: Redefining '\smartcites'.
)
Package biblatex Info: Trying to load configuration file...
Package biblatex Info: ... file 'biblatex.cfg' found.

(/usr/share/texlive/texmf-dist/tex/latex/biblatex/biblatex.cfg
File: biblatex.cfg 
)))
(./beamerthemekthpq.sty
Package: beamerthemekthpq 2023/10/05
 (./kthpq-files/beamerfontthemekthpq.sty
(/usr/share/texlive/texmf-dist/tex/latex/fontspec/fontspec.sty
(/usr/share/texlive/texmf-dist/tex/latex/l3packages/xparse/xparse.sty
(/usr/share/texlive/texmf-dist/tex/latex/l3kernel/expl3.sty
Package: expl3 2020-02-14 L3 programming layer (loader) 

(/usr/share/texlive/texmf-dist/tex/latex/l3backend/l3backend-pdfmode.def
File: l3backend-pdfmode.def 2020-02-03 L3 backend support: PDF mode
\l__kernel_color_stack_int=\count461
\l__pdf_internal_box=\box87
))
Package: xparse 2020-02-14 L3 Experimental document command parser
\l__xparse_current_arg_int=\count462
\g__xparse_grabber_int=\count463
\l__xparse_m_args_int=\count464
\l__xparse_v_nesting_int=\count465
)
Package: fontspec 2020/02/03 v2.7h Font selection for XeLaTeX and LuaLaTeX
Lua module: fontspec 2020/02/03 2.7h Font selection for XeLaTeX and LuaLaTeX
(/usr/share/texlive/texmf-dist/tex/latex/fontspec/fontspec-luatex.sty
Package: fontspec-luatex 2020/02/03 v2.7h Font selection for XeLaTeX and LuaLaTe
X
\l__fontspec_script_int=\count466
\l__fontspec_language_int=\count467
\l__fontspec_strnum_int=\count468
\l__fontspec_tmp_int=\count469
\l__fontspec_tmpa_int=\count470
\l__fontspec_tmpb_int=\count471
\l__fontspec_tmpc_int=\count472
\l__fontspec_em_int=\count473
\l__fontspec_emdef_int=\count474
\l__fontspec_strong_int=\count475
\l__fontspec_strongdef_int=\count476
\l__fontspec_tmpa_dim=\dimen335
\l__fontspec_tmpb_dim=\dimen336
\l__fontspec_tmpc_dim=\dimen337

(/usr/share/texlive/texmf-dist/tex/latex/base/fontenc.sty
Package: fontenc 2020/02/11 v2.0o Standard LaTeX package
)
(/usr/share/texlive/texmf-dist/tex/latex/fontspec/fontspec.cfg)))
luaotfload | cache : Lookup cache loaded from /home/max/.texlive2019/texmf-var/l
uatex-cache/generic-dev/names/luaotfload-lookup-cache.luc.
luaotfload | aux : font no 29 (nil) defines no feature for script latn
luaotfload | aux : font no 29 (nil) defines no feature for script dflt
luaotfload | aux : font no 39 (nil) does not define feature smcp for script latn
 with language dflt
luaotfload | aux : font no 40 (nil) does not define feature smcp for script latn
 with language dflt
luaotfload | aux : font no 41 (nil) does not define feature smcp for script latn
 with language dflt
luaotfload | aux : font no 42 (nil) does not define feature smcp for script latn
 with language dflt
luaotfload | aux : font no 45 (nil) defines no feature for script latn
luaotfload | aux : font no 45 (nil) defines no feature for script dflt
(/usr/share/texlive/texmf-dist/tex/latex/unicode-math/unicode-math.sty
Package: unicode-math 2020/01/31 v0.8q Unicode maths in XeLaTeX and LuaLaTeX

(/usr/share/texlive/texmf-dist/tex/latex/unicode-math/unicode-math-luatex.sty
Package: unicode-math-luatex 2020/01/31 v0.8q Unicode maths in XeLaTeX and LuaLa
TeX

(/usr/share/texlive/texmf-dist/tex/latex/l3packages/l3keys2e/l3keys2e.sty
Package: l3keys2e 2020-02-14 LaTeX2e option processing using LaTeX3 keys
)
(/usr/share/texlive/texmf-dist/tex/latex/base/fix-cm.sty
Package: fix-cm 2015/01/14 v1.1t fixes to LaTeX

(/usr/share/texlive/texmf-dist/tex/latex/base/ts1enc.def
File: ts1enc.def 2001/06/05 v3.0e (jk/car/fm) Standard LaTeX file
LaTeX Font Info:    Redeclaring font encoding TS1 on input line 47.
))
(/usr/share/texlive/texmf-dist/tex/lualatex/lualatex-math/lualatex-math.sty
Package: lualatex-math 2019/01/21 v1.8 Patches for mathematics typesetting with 
LuaLaTeX

(/usr/share/texlive/texmf-dist/tex/latex/filehook/filehook.sty
Package: filehook 2020/02/03 v0.7 Hooks for input files

(/usr/share/texlive/texmf-dist/tex/latex/filehook/filehook-scrlfile.sty
Package: filehook-scrlfile 2020/02/02 v0.2 filehook patch for scrlfile package
Package filehook Info: Package 'scrlfile' detected and compensated for on input 
line 107.
))
Lua module: lualatex-math 2013/08/03 1.3 Patches for mathematics typesetting wit
h LuaLaTeX

Package lualatex-math Info: I'm going to patch macro \subarray.


Package lualatex-math Info: I'm going to patch macro \frac .


Package lualatex-math Info: I'm going to patch macro \genfrac .


Package lualatex-math Info: I'm going to patch macro \MT_cramped_internal:Nn.

)
\g__um_fam_int=\count477
\g__um_fonts_used_int=\count478
\l__um_primecount_int=\count479
\g__um_primekern_muskip=\muskip22

(/usr/share/texlive/texmf-dist/tex/latex/unicode-math/unicode-math-table.tex))) (/usr/share/texlive/texmf-dist/tex/latex/firamath-otf/firamath-otf.sty
Package: firamath-otf 2019/04/03 v. 0.02a (Herbert Voss) Supports fira math font
s for all luatex/xetex .

(/usr/share/texlive/texmf-dist/tex/generic/iftex/ifxetex.sty
Package: ifxetex 2019/10/25 v0.7 ifxetex legacy package. Use iftex instead.
)
(/usr/share/texlive/texmf-dist/tex/generic/iftex/ifluatex.sty
Package: ifluatex 2019/10/25 v1.5 ifluatex legacy package. Use iftex instead.
)
(/usr/share/texlive/texmf-dist/tex/latex/base/textcomp.sty
Package: textcomp 2020/02/02 v2.0n Standard LaTeX package
)
luaotfload | aux : font no 50 (nil) does not define feature lnum for script math
 with language dflt
luaotfload | aux : font no 50 (nil) does not define feature tnum for script math
 with language dflt
luaotfload | aux : font no 52 (nil) does not define feature lnum for script math
 with language dflt
luaotfload | aux : font no 52 (nil) does not define feature tnum for script math
 with language dflt
LaTeX Font Info:    Font shape `TU/FiraMathRegular(0)/m/n' will be
(Font)              scaled to size 17.28pt on input line 76.
luaotfload | aux : font no 50 (nil) does not define feature lnum for script math
 with language dflt
luaotfload | aux : font no 50 (nil) does not define feature tnum for script math
 with language dflt
luaotfload | aux : font no 52 (nil) does not define feature lnum for script math
 with language dflt
luaotfload | aux : font no 52 (nil) does not define feature tnum for script math
 with language dflt
luaotfload | aux : font no 52 (nil) does not define feature lnum for script math
 with language dflt
luaotfload | aux : font no 52 (nil) does not define feature tnum for script math
 with language dflt
luaotfload | aux : font no 52 (nil) does not define feature lnum for script math
 with language dflt
luaotfload | aux : font no 52 (nil) does not define feature tnum for script math
 with language dflt
LaTeX Font Info:    Font shape `TU/FiraMathRegular(1)/m/n' will be
(Font)              scaled to size 17.28pt on input line 76.
LaTeX Font Info:    Encoding `OT1' has changed to `TU' for symbol font
(Font)              `operators' in the math version `normal' on input line 76.
LaTeX Font Info:    Overwriting symbol font `operators' in version `normal'
(Font)                  OT1/cmr/m/n --> TU/FiraMathRegular(1)/m/n on input line 
76.
LaTeX Font Info:    Encoding `OT1' has changed to `TU' for symbol font
(Font)              `operators' in the math version `bold' on input line 76.
LaTeX Font Info:    Overwriting symbol font `operators' in version `bold'
(Font)                  OT1/cmr/bx/n --> TU/FiraMathRegular(1)/b/n on input line
 76.
luaotfload | aux : font no 50 (nil) does not define feature lnum for script math
 with language dflt
luaotfload | aux : font no 50 (nil) does not define feature tnum for script math
 with language dflt
luaotfload | aux : font no 52 (nil) does not define feature lnum for script math
 with language dflt
luaotfload | aux : font no 52 (nil) does not define feature tnum for script math
 with language dflt
luaotfload | aux : font no 52 (nil) does not define feature lnum for script math
 with language dflt
luaotfload | aux : font no 52 (nil) does not define feature tnum for script math
 with language dflt
luaotfload | aux : font no 52 (nil) does not define feature lnum for script math
 with language dflt
luaotfload | aux : font no 52 (nil) does not define feature tnum for script math
 with language dflt
LaTeX Font Info:    Encoding `OMS' has changed to `TU' for symbol font
(Font)              `symbols' in the math version `normal' on input line 76.
LaTeX Font Info:    Overwriting symbol font `symbols' in version `normal'
(Font)                  OMS/cmsy/m/n --> TU/FiraMathRegular(2)/m/n on input line
 76.
LaTeX Font Info:    Encoding `OMS' has changed to `TU' for symbol font
(Font)              `symbols' in the math version `bold' on input line 76.
LaTeX Font Info:    Overwriting symbol font `symbols' in version `bold'
(Font)                  OMS/cmsy/b/n --> TU/FiraMathRegular(2)/b/n on input line
 76.
luaotfload | aux : font no 50 (nil) does not define feature lnum for script math
 with language dflt
luaotfload | aux : font no 50 (nil) does not define feature tnum for script math
 with language dflt
luaotfload | aux : font no 52 (nil) does not define feature lnum for script math
 with language dflt
luaotfload | aux : font no 52 (nil) does not define feature tnum for script math
 with language dflt
luaotfload | aux : font no 52 (nil) does not define feature lnum for script math
 with language dflt
luaotfload | aux : font no 52 (nil) does not define feature tnum for script math
 with language dflt
luaotfload | aux : font no 52 (nil) does not define feature lnum for script math
 with language dflt
luaotfload | aux : font no 52 (nil) does not define feature tnum for script math
 with language dflt
LaTeX Font Info:    Encoding `OMX' has changed to `TU' for symbol font
(Font)              `largesymbols' in the math version `normal' on input line 76
.
LaTeX Font Info:    Overwriting symbol font `largesymbols' in version `normal'
(Font)                  OMX/cmex/m/n --> TU/FiraMathRegular(3)/m/n on input line
 76.
LaTeX Font Info:    Encoding `OMX' has changed to `TU' for symbol font
(Font)              `largesymbols' in the math version `bold' on input line 76.
LaTeX Font Info:    Overwriting symbol font `largesymbols' in version `bold'
(Font)                  OMX/cmex/m/n --> TU/FiraMathRegular(3)/b/n on input line
 76.
LaTeX Font Info:    Font shape `TU/FiraMathRegular(1)/m/n' will be
(Font)              scaled to size 12.4416pt on input line 76.
LaTeX Font Info:    Font shape `TU/FiraMathRegular(1)/m/n' will be
(Font)              scaled to size 10.0224pt on input line 76.
LaTeX Font Info:    Font shape `TU/FiraMathRegular(2)/m/n' will be
(Font)              scaled to size 17.28183pt on input line 76.
LaTeX Font Info:    Font shape `TU/FiraMathRegular(2)/m/n' will be
(Font)              scaled to size 12.44293pt on input line 76.
LaTeX Font Info:    Font shape `TU/FiraMathRegular(2)/m/n' will be
(Font)              scaled to size 10.02347pt on input line 76.
LaTeX Font Info:    Font shape `TU/FiraMathRegular(3)/m/n' will be
(Font)              scaled to size 17.27815pt on input line 76.
LaTeX Font Info:    Font shape `TU/FiraMathRegular(3)/m/n' will be
(Font)              scaled to size 12.44026pt on input line 76.
LaTeX Font Info:    Font shape `TU/FiraMathRegular(3)/m/n' will be
(Font)              scaled to size 10.02132pt on input line 76.
LaTeX Font Info:    Trying to load font information for U+msa on input line 76.

(/usr/share/texlive/texmf-dist/tex/latex/amsfonts/umsa.fd
File: umsa.fd 2013/01/14 v3.01 AMS symbols A
)
LaTeX Font Info:    Trying to load font information for U+msb on input line 76.

(/usr/share/texlive/texmf-dist/tex/latex/amsfonts/umsb.fd
File: umsb.fd 2013/01/14 v3.01 AMS symbols B
)
\c@mv@pnum=\count480
LaTeX Font Info:    Font shape `TU/FiraMathRegular(4)/m/n' will be
(Font)              scaled to size 17.28pt on input line 78.
LaTeX Font Info:    Font shape `TU/FiraMathRegular(5)/m/n' will be
(Font)              scaled to size 17.28pt on input line 78.
LaTeX Font Info:    Encoding `OT1' has changed to `TU' for symbol font
(Font)              `operators' in the math version `pnum' on input line 78.
LaTeX Font Info:    Overwriting symbol font `operators' in version `pnum'
(Font)                  OT1/cmr/m/n --> TU/FiraMathRegular(5)/m/n on input line 
78.
LaTeX Font Info:    Encoding `OMS' has changed to `TU' for symbol font
(Font)              `symbols' in the math version `pnum' on input line 78.
LaTeX Font Info:    Overwriting symbol font `symbols' in version `pnum'
(Font)                  OMS/cmsy/m/n --> TU/FiraMathRegular(6)/m/n on input line
 78.
LaTeX Font Info:    Encoding `OMX' has changed to `TU' for symbol font
(Font)              `largesymbols' in the math version `pnum' on input line 78.
LaTeX Font Info:    Overwriting symbol font `largesymbols' in version `pnum'
(Font)                  OMX/cmex/m/n --> TU/FiraMathRegular(7)/m/n on input line
 78.
)
luaotfload | db : Reload initiated (formats: otf,ttf,ttc); reason: "File not fou
nd: kthpq-files/fonts/Figtree/otf/Figtree-Regular.".
luaotfload | aux : font no 73 (nil) defines no feature for script math
luaotfload | aux : font no 74 (nil) does not define feature ssty for script latn
 with language dflt
luaotfload | aux : font no 74 (nil) does not define feature ssty for script latn
 with language dflt
\sym__um_fam1=\mathgroup6
LaTeX Font Info:    Overwriting symbol font `__um_fam1' in version `normal'
(Font)                  TU/Figtree-Regular(0)/m/n --> TU/Figtree-Regular(0)/m/n 
on input line 97.
LaTeX Font Info:    Overwriting symbol font `__um_fam1' in version `bold'
(Font)                  TU/Figtree-Regular(0)/m/n --> TU/Figtree-Regular(0)/b/n 
on input line 97.
luaotfload | aux : font no 79 (nil) defines no feature for script math
luaotfload | aux : font no 80 (nil) does not define feature ssty for script latn
 with language dflt
luaotfload | aux : font no 80 (nil) does not define feature ssty for script latn
 with language dflt
\sym__um_fam2=\mathgroup7
LaTeX Font Info:    Overwriting symbol font `__um_fam2' in version `normal'
(Font)                  TU/Figtree-Italic(0)/m/n --> TU/Figtree-Italic(0)/m/n on
 input line 97.
LaTeX Font Info:    Overwriting symbol font `__um_fam2' in version `bold'
(Font)                  TU/Figtree-Italic(0)/m/n --> TU/Figtree-Italic(0)/b/n on
 input line 97.
luaotfload | aux : font no 85 (nil) defines no feature for script math
luaotfload | aux : font no 86 (nil) does not define feature ssty for script latn
 with language dflt
luaotfload | aux : font no 86 (nil) does not define feature ssty for script latn
 with language dflt
\sym__um_fam3=\mathgroup8
LaTeX Font Info:    Overwriting symbol font `__um_fam3' in version `normal'
(Font)                  TU/Figtree-Bold(0)/m/n --> TU/Figtree-Bold(0)/m/n on inp
ut line 97.
LaTeX Font Info:    Overwriting symbol font `__um_fam3' in version `bold'
(Font)                  TU/Figtree-Bold(0)/m/n --> TU/Figtree-Bold(0)/b/n on inp
ut line 97.
luaotfload | aux : font no 91 (nil) defines no feature for script math
luaotfload | aux : font no 92 (nil) does not define feature ssty for script latn
 with language dflt
luaotfload | aux : font no 92 (nil) does not define feature ssty for script latn
 with language dflt
\sym__um_fam4=\mathgroup9
LaTeX Font Info:    Overwriting symbol font `__um_fam4' in version `normal'
(Font)                  TU/Figtree-BoldItalic(0)/m/n --> TU/Figtree-BoldItalic(0
)/m/n on input line 97.
LaTeX Font Info:    Overwriting symbol font `__um_fam4' in version `bold'
(Font)                  TU/Figtree-BoldItalic(0)/m/n --> TU/Figtree-BoldItalic(0
)/b/n on input line 97.
\sym__um_fam5=\mathgroup10
LaTeX Font Info:    Overwriting symbol font `__um_fam5' in version `normal'
(Font)                  TU/LatinModernMath(0)/m/n --> TU/LatinModernMath(0)/m/n 
on input line 97.
LaTeX Font Info:    Overwriting symbol font `__um_fam5' in version `bold'
(Font)                  TU/LatinModernMath(0)/m/n --> TU/LatinModernMath(0)/b/n 
on input line 97.
)
(./kthpq-files/beamerinnerthemekthpq.sty
\largelogowidth=\skip93
\innermargin=\skip94
)
(./kthpq-files/beamerouterthemekthpq.sty
\smalllogowidth=\skip95
\outermargin=\skip96
)
(./kthpq-files/beamercolorthemekthpq.sty))
\@quotelevel=\count481
\@quotereset=\count482
 (./sample.aux)
\openout1 = sample.aux

LaTeX Font Info:    Checking defaults for OML/cmm/m/it on input line 48.
LaTeX Font Info:    ... okay on input line 48.
LaTeX Font Info:    Checking defaults for OMS/cmsy/m/n on input line 48.
LaTeX Font Info:    ... okay on input line 48.
LaTeX Font Info:    Checking defaults for OT1/cmr/m/n on input line 48.
LaTeX Font Info:    ... okay on input line 48.
LaTeX Font Info:    Checking defaults for T1/cmr/m/n on input line 48.
LaTeX Font Info:    ... okay on input line 48.
LaTeX Font Info:    Checking defaults for TS1/cmr/m/n on input line 48.
LaTeX Font Info:    ... okay on input line 48.
LaTeX Font Info:    Checking defaults for TU/lmr/m/n on input line 48.
LaTeX Font Info:    ... okay on input line 48.
LaTeX Font Info:    Checking defaults for OMX/cmex/m/n on input line 48.
LaTeX Font Info:    ... okay on input line 48.
LaTeX Font Info:    Checking defaults for U/cmr/m/n on input line 48.
LaTeX Font Info:    ... okay on input line 48.
LaTeX Font Info:    Checking defaults for PD1/pdf/m/n on input line 48.
LaTeX Font Info:    ... okay on input line 48.
LaTeX Font Info:    Checking defaults for PU/pdf/m/n on input line 48.
LaTeX Font Info:    ... okay on input line 48.

*geometry* driver: auto-detecting
*geometry* detected driver: luatex
*geometry* verbose mode - [ preamble ] result:
* driver: luatex
* paper: custom
* layout: <same size as paper>
* layoutoffset:(h,v)=(0.0pt,0.0pt)
* modes: includehead includefoot 
* h-part:(L,W,R)=(32.24643pt, 658.20714pt, 32.24643pt)
* v-part:(T,H,B)=(0.0pt, 406.8744pt, 0.0pt)
* \paperwidth=722.7pt
* \paperheight=406.8744pt
* \textwidth=658.20714pt
* \textheight=378.42168pt
* \oddsidemargin=-40.02356pt
* \evensidemargin=-40.02356pt
* \topmargin=-72.26999pt
* \headheight=14.22636pt
* \headsep=0.0pt
* \topskip=17.0pt
* \footskip=14.22636pt
* \marginparwidth=2.0pt
* \marginparsep=12.0pt
* \columnsep=10.0pt
* \skip\footins=14.0pt plus 5.0pt minus 3.0pt
* \hoffset=0.0pt
* \voffset=0.0pt
* \mag=1000
* \@twocolumnfalse
* \@twosidefalse
* \@mparswitchfalse
* \@reversemarginfalse
* (1in=72.27pt=25.4mm, 1cm=28.453pt)

(/usr/share/texlive/texmf-dist/tex/context/base/mkii/supp-pdf.mkii
[Loading MPS to PDF converter (version 2006.09.02).]
\scratchcounter=\count483
\scratchdimen=\dimen338
\scratchbox=\box88
\nofMPsegments=\count484
\nofMParguments=\count485
\everyMPshowfont=\toks53
\MPscratchCnt=\count486
\MPscratchDim=\dimen339
\MPnumerator=\count487
\makeMPintoPDFobject=\count488
\everyMPtoPDFconversion=\toks54
) (/usr/share/texlive/texmf-dist/tex/latex/epstopdf-pkg/epstopdf-base.sty
Package: epstopdf-base 2020-01-24 v2.11 Base part for package epstopdf
Package epstopdf-base Info: Redefining graphics rule for `.eps' on input line 48
5.

(/usr/share/texlive/texmf-dist/tex/latex/latexconfig/epstopdf-sys.cfg
File: epstopdf-sys.cfg 2010/07/13 v1.3 Configuration of (r)epstopdf for TeX Live

))
ABD: EveryShipout initializing macros
\AtBeginShipoutBox=\box89
Package hyperref Info: Link coloring OFF on input line 48.

(/usr/share/texlive/texmf-dist/tex/latex/hyperref/nameref.sty
Package: nameref 2019/09/16 v2.46 Cross-referencing by name of section

(/usr/share/texlive/texmf-dist/tex/latex/refcount/refcount.sty
Package: refcount 2019/12/15 v3.6 Data extraction from label references (HO)
)
(/usr/share/texlive/texmf-dist/tex/generic/gettitlestring/gettitlestring.sty
Package: gettitlestring 2019/12/15 v1.6 Cleanup title references (HO)
)
\c@section@level=\count489
)
LaTeX Info: Redefining \ref on input line 48.
LaTeX Info: Redefining \pageref on input line 48.
LaTeX Info: Redefining \nameref on input line 48.

(./sample.out) (./sample.out)
\@outlinefile=\write6

\openout6 = sample.out

(/usr/share/texlive/texmf-dist/tex/latex/translator/translator-basic-dictionary
-English.dict
Dictionary: translator-basic-dictionary, Language: English 
)
(/usr/share/texlive/texmf-dist/tex/latex/translator/translator-bibliography-dic
tionary-English.dict
Dictionary: translator-bibliography-dictionary, Language: English 
)
(/usr/share/texlive/texmf-dist/tex/latex/translator/translator-environment-dict
ionary-English.dict
Dictionary: translator-environment-dictionary, Language: English 
)
(/usr/share/texlive/texmf-dist/tex/latex/translator/translator-months-dictionar
y-English.dict
Dictionary: translator-months-dictionary, Language: English 
)
(/usr/share/texlive/texmf-dist/tex/latex/translator/translator-numbers-dictiona
ry-English.dict
Dictionary: translator-numbers-dictionary, Language: English 
)
(/usr/share/texlive/texmf-dist/tex/latex/translator/translator-theorem-dictiona
ry-English.dict
Dictionary: translator-theorem-dictionary, Language: English 
)

Package pgfplots Warning: running in backwards compatibility mode (unsuitable ti
ck labels; missing features). Consider writing \pgfplotsset{compat=1.16} into yo
ur preamble.
 on input line 48.


Package todonotes Warning: The length marginparwidth is less than 2cm and will m
ost likely cause issues with the appearance of inserted todonotes. The issue can
 be solved by adding a line like \setlength {\marginparwidth }{2cm} prior to loa
ding the todonotes package. on input line 48.

Package biblatex Info: Trying to load language 'english'...
Package biblatex Info: ... file 'english.lbx' found.
(/usr/share/texlive/texmf-dist/tex/latex/biblatex/lbx/english.lbx
File: english.lbx 2019/12/01 v3.14 biblatex localization (PK/MW)
)
Package biblatex Info: LuaTeX detected.
(biblatex)             Assuming input encoding 'utf8'.
Package biblatex Info: Automatic encoding selection.
(biblatex)             Assuming data encoding 'utf8'.

\openout5 = sample.bcf
Package biblatex Info: Trying to load bibliographic data...
Package biblatex Info: ... file 'sample.bbl' found.

(./sample.bbl)
Package biblatex Info: Reference section=0 on input line 48.
Package biblatex Info: Reference segment=0 on input line 48.
LaTeX Font Info:    Overwriting math alphabet `\mathrm' in version `normal'
(Font)                  TU/FiraMathRegular(1)/m/n --> TU/Georgia(0)/m/n on input
 line 48.
LaTeX Font Info:    Overwriting math alphabet `\mathit' in version `normal'
(Font)                  OT1/cmr/m/it --> TU/Georgia(0)/m/it on input line 48.
LaTeX Font Info:    Overwriting math alphabet `\mathbf' in version `normal'
(Font)                  OT1/cmr/bx/n --> TU/Georgia(0)/b/n on input line 48.
LaTeX Font Info:    Overwriting math alphabet `\mathsf' in version `normal'
(Font)                  OT1/cmss/m/n --> TU/Figtree(0)/m/n on input line 48.
LaTeX Font Info:    Overwriting math alphabet `\mathsf' in version `bold'
(Font)                  OT1/cmss/bx/n --> TU/Figtree(0)/b/n on input line 48.
LaTeX Font Info:    Overwriting math alphabet `\mathtt' in version `normal'
(Font)                  OT1/cmtt/m/n --> TU/Beramono(0)/m/n on input line 48.
LaTeX Font Info:    Overwriting math alphabet `\mathtt' in version `bold'
(Font)                  OT1/cmtt/m/n --> TU/Beramono(0)/b/n on input line 48.
 (./sample.nav)
<kthpq-files/figs/logo/KTH_logo_RGB_bla.pdf, id=69, 337.26pt x 377.91188pt>
File: kthpq-files/figs/logo/KTH_logo_RGB_bla.pdf Graphic file (type pdf)
<use kthpq-files/figs/logo/KTH_logo_RGB_bla.pdf>
Package luatex.def Info: kthpq-files/figs/logo/KTH_logo_RGB_bla.pdf  used on inp
ut line 48.
(luatex.def)             Requested size: 48.36967pt x 54.19899pt.
File: kthpq-files/figs/logo/KTH_logo_RGB_bla.pdf Graphic file (type pdf)
<use kthpq-files/figs/logo/KTH_logo_RGB_bla.pdf>
Package luatex.def Info: kthpq-files/figs/logo/KTH_logo_RGB_bla.pdf  used on inp
ut line 50.
(luatex.def)             Requested size: 99.58464pt x 111.58682pt.
<kthpq-files/figs/lines/Linjemonster_himmelsbla_RGB_1x1.pdf, id=70, 813.0375pt x
 813.0375pt>
File: kthpq-files/figs/lines/Linjemonster_himmelsbla_RGB_1x1.pdf Graphic file (t
ype pdf)
<use kthpq-files/figs/lines/Linjemonster_himmelsbla_RGB_1x1.pdf>
Package luatex.def Info: kthpq-files/figs/lines/Linjemonster_himmelsbla_RGB_1x1.
pdf  used on input line 50.
(luatex.def)             Requested size: 813.03552pt x 813.03552pt.
File: kthpq-files/figs/lines/Linjemonster_himmelsbla_RGB_1x1.pdf Graphic file (t
ype pdf)
<use kthpq-files/figs/lines/Linjemonster_himmelsbla_RGB_1x1.pdf>
Package luatex.def Info: kthpq-files/figs/lines/Linjemonster_himmelsbla_RGB_1x1.
pdf  used on input line 50.
(luatex.def)             Requested size: 813.03552pt x 813.03552pt.

Overfull \vbox (3.87778pt too high) detected at line 50
 []

[1

{/var/lib/texmf/fonts/map/pdftex/updmap/pdftex.map}<./kthpq-files/figs/logo/KTH_
logo_RGB_bla.pdf><./kthpq-files/figs/lines/Linjemonster_himmelsbla_RGB_1x1.pdf>] (./sample.toc)
File: kthpq-files/figs/logo/KTH_logo_RGB_bla.pdf Graphic file (type pdf)
<use kthpq-files/figs/logo/KTH_logo_RGB_bla.pdf>
Package luatex.def Info: kthpq-files/figs/logo/KTH_logo_RGB_bla.pdf  used on inp
ut line 54.
(luatex.def)             Requested size: 48.36967pt x 54.19899pt.
 [2

]
File: kthpq-files/figs/logo/KTH_logo_RGB_bla.pdf Graphic file (type pdf)
<use kthpq-files/figs/logo/KTH_logo_RGB_bla.pdf>
Package luatex.def Info: kthpq-files/figs/logo/KTH_logo_RGB_bla.pdf  used on inp
ut line 57.
(luatex.def)             Requested size: 68.2866pt x 76.5152pt.
File: kthpq-files/figs/lines/Linjemonster_himmelsbla_RGB_1x1.pdf Graphic file (t
ype pdf)
<use kthpq-files/figs/lines/Linjemonster_himmelsbla_RGB_1x1.pdf>
Package luatex.def Info: kthpq-files/figs/lines/Linjemonster_himmelsbla_RGB_1x1.
pdf  used on input line 57.
(luatex.def)             Requested size: 813.03552pt x 813.03552pt.
 [3

]
<figures/closed_loop_control.png, id=106, 447.6725pt x 240.9pt>
File: figures/closed_loop_control.png Graphic file (type png)
<use figures/closed_loop_control.png>
Package luatex.def Info: figures/closed_loop_control.png  used on input line 96.

(luatex.def)             Requested size: 221.15465pt x 119.00876pt.
<figures/test.png, id=107, 2176.13pt x 1223.57124pt>
File: figures/test.png Graphic file (type png)
<use figures/test.png>
Package luatex.def Info: figures/test.png  used on input line 96.
(luatex.def)             Requested size: 221.15465pt x 124.34332pt.
File: kthpq-files/figs/logo/KTH_logo_RGB_bla.pdf Graphic file (type pdf)
<use kthpq-files/figs/logo/KTH_logo_RGB_bla.pdf>
Package luatex.def Info: kthpq-files/figs/logo/KTH_logo_RGB_bla.pdf  used on inp
ut line 96.
(luatex.def)             Requested size: 48.36967pt x 54.19899pt.
 [4

<./figures/closed_loop_control.png><./figures/test.png>]
File: kthpq-files/figs/logo/KTH_logo_RGB_bla.pdf Graphic file (type pdf)
<use kthpq-files/figs/logo/KTH_logo_RGB_bla.pdf>
Package luatex.def Info: kthpq-files/figs/logo/KTH_logo_RGB_bla.pdf  used on inp
ut line 96.
(luatex.def)             Requested size: 48.36967pt x 54.19899pt.
 [5

]
File: kthpq-files/figs/logo/KTH_logo_RGB_bla.pdf Graphic file (type pdf)
<use kthpq-files/figs/logo/KTH_logo_RGB_bla.pdf>
Package luatex.def Info: kthpq-files/figs/logo/KTH_logo_RGB_bla.pdf  used on inp
ut line 113.
(luatex.def)             Requested size: 48.36967pt x 54.19899pt.
 [6

]
File: kthpq-files/figs/logo/KTH_logo_RGB_bla.pdf Graphic file (type pdf)
<use kthpq-files/figs/logo/KTH_logo_RGB_bla.pdf>
Package luatex.def Info: kthpq-files/figs/logo/KTH_logo_RGB_bla.pdf  used on inp
ut line 132.
(luatex.def)             Requested size: 48.36967pt x 54.19899pt.
 [7

]
File: kthpq-files/figs/logo/KTH_logo_RGB_bla.pdf Graphic file (type pdf)
<use kthpq-files/figs/logo/KTH_logo_RGB_bla.pdf>
Package luatex.def Info: kthpq-files/figs/logo/KTH_logo_RGB_bla.pdf  used on inp
ut line 134.
(luatex.def)             Requested size: 68.2866pt x 76.5152pt.
File: kthpq-files/figs/lines/Linjemonster_himmelsbla_RGB_1x1.pdf Graphic file (t
ype pdf)
<use kthpq-files/figs/lines/Linjemonster_himmelsbla_RGB_1x1.pdf>
Package luatex.def Info: kthpq-files/figs/lines/Linjemonster_himmelsbla_RGB_1x1.
pdf  used on input line 134.
(luatex.def)             Requested size: 813.03552pt x 813.03552pt.
 [8

]
<figures/autoencoder.png, id=145, 1474.50874pt x 1159.33125pt>
File: figures/autoencoder.png Graphic file (type png)
<use figures/autoencoder.png>
Package luatex.def Info: figures/autoencoder.png  used on input line 156.
(luatex.def)             Requested size: 284.341pt x 184.57059pt.
<figures/spikeplot.png, id=146, 367.1316pt x 133.6995pt>
File: figures/spikeplot.png Graphic file (type png)
<use figures/spikeplot.png>
Package luatex.def Info: figures/spikeplot.png  used on input line 156.
(luatex.def)             Requested size: 284.341pt x 103.55074pt.
File: kthpq-files/figs/logo/KTH_logo_RGB_bla.pdf Graphic file (type pdf)
<use kthpq-files/figs/logo/KTH_logo_RGB_bla.pdf>
Package luatex.def Info: kthpq-files/figs/logo/KTH_logo_RGB_bla.pdf  used on inp
ut line 156.
(luatex.def)             Requested size: 48.36967pt x 54.19899pt.
 [9

<./figures/autoencoder.png><./figures/spikeplot.png>]
LaTeX Font Info:    Font shape `TU/FiraMathRegular(1)/m/n' will be
(Font)              scaled to size 14.4pt on input line 183.
LaTeX Font Info:    Font shape `TU/FiraMathRegular(1)/m/n' will be
(Font)              scaled to size 10.0pt on input line 183.
LaTeX Font Info:    Font shape `TU/FiraMathRegular(1)/m/n' will be
(Font)              scaled to size 7.0pt on input line 183.
LaTeX Font Info:    Font shape `TU/FiraMathRegular(2)/m/n' will be
(Font)              scaled to size 14.40152pt on input line 183.
LaTeX Font Info:    Font shape `TU/FiraMathRegular(2)/m/n' will be
(Font)              scaled to size 10.00107pt on input line 183.
LaTeX Font Info:    Font shape `TU/FiraMathRegular(2)/m/n' will be
(Font)              scaled to size 7.00075pt on input line 183.
LaTeX Font Info:    Font shape `TU/FiraMathRegular(3)/m/n' will be
(Font)              scaled to size 14.39845pt on input line 183.
LaTeX Font Info:    Font shape `TU/FiraMathRegular(3)/m/n' will be
(Font)              scaled to size 9.99893pt on input line 183.
LaTeX Font Info:    Font shape `TU/FiraMathRegular(3)/m/n' will be
(Font)              scaled to size 6.99925pt on input line 183.

Overfull \hbox (61.92146pt too wide) detected at line 183
[][] \TU/FiraMathRegular(1)/m/n/14.4 = −𝜆\TU/Figtree-Italic(0)/m/n/14.4 r 
\TU/FiraMathRegular(1)/m/n/14.4 + 𝜎(\TU/Figtree-Italic(0)/m/n/14.4 t\TU/Fira
MathRegular(1)/m/n/14.4 )
 []

<figures/autoencoder2.png, id=156, 1121.18875pt x 524.96124pt>
File: figures/autoencoder2.png Graphic file (type png)
<use figures/autoencoder2.png>
Package luatex.def Info: figures/autoencoder2.png  used on input line 183.
(luatex.def)             Requested size: 284.341pt x 114.48311pt.
File: kthpq-files/figs/logo/KTH_logo_RGB_bla.pdf Graphic file (type pdf)
<use kthpq-files/figs/logo/KTH_logo_RGB_bla.pdf>
Package luatex.def Info: kthpq-files/figs/logo/KTH_logo_RGB_bla.pdf  used on inp
ut line 183.
(luatex.def)             Requested size: 48.36967pt x 54.19899pt.
[10

<./figures/autoencoder2.png>]
Overfull \hbox (69.67496pt too wide) detected at line 217
[][][]
 []

<figures/autoencoder3.png, id=166, 1120.9378pt x 578.16pt>
File: figures/autoencoder3.png Graphic file (type png)
<use figures/autoencoder3.png>
Package luatex.def Info: figures/autoencoder3.png  used on input line 217.
(luatex.def)             Requested size: 284.341pt x 147.45816pt.
<figures/autoencoder4.png, id=167, 1120.9378pt x 578.16pt>
File: figures/autoencoder4.png Graphic file (type png)
<use figures/autoencoder4.png>
Package luatex.def Info: figures/autoencoder4.png  used on input line 217.
(luatex.def)             Requested size: 284.341pt x 147.45816pt.
File: kthpq-files/figs/logo/KTH_logo_RGB_bla.pdf Graphic file (type pdf)
<use kthpq-files/figs/logo/KTH_logo_RGB_bla.pdf>
Package luatex.def Info: kthpq-files/figs/logo/KTH_logo_RGB_bla.pdf  used on inp
ut line 217.
(luatex.def)             Requested size: 48.36967pt x 54.19899pt.
[11

<./figures/autoencoder3.png><./figures/autoencoder4.png>]
File: kthpq-files/figs/logo/KTH_logo_RGB_bla.pdf Graphic file (type pdf)
<use kthpq-files/figs/logo/KTH_logo_RGB_bla.pdf>
Package luatex.def Info: kthpq-files/figs/logo/KTH_logo_RGB_bla.pdf  used on inp
ut line 328.
(luatex.def)             Requested size: 48.36967pt x 54.19899pt.
 [12

]
Overfull \vbox (3.84763pt too high) detected at line 328
 []

File: kthpq-files/figs/logo/KTH_logo_RGB_bla.pdf Graphic file (type pdf)
<use kthpq-files/figs/logo/KTH_logo_RGB_bla.pdf>
Package luatex.def Info: kthpq-files/figs/logo/KTH_logo_RGB_bla.pdf  used on inp
ut line 328.
(luatex.def)             Requested size: 48.36967pt x 54.19899pt.
[13

]
File: kthpq-files/figs/logo/KTH_logo_RGB_bla.pdf Graphic file (type pdf)
<use kthpq-files/figs/logo/KTH_logo_RGB_bla.pdf>
Package luatex.def Info: kthpq-files/figs/logo/KTH_logo_RGB_bla.pdf  used on inp
ut line 334.
(luatex.def)             Requested size: 48.36967pt x 54.19899pt.
 [14

]
File: kthpq-files/figs/logo/KTH_logo_RGB_bla.pdf Graphic file (type pdf)
<use kthpq-files/figs/logo/KTH_logo_RGB_bla.pdf>
Package luatex.def Info: kthpq-files/figs/logo/KTH_logo_RGB_bla.pdf  used on inp
ut line 338.
(luatex.def)             Requested size: 48.36967pt x 54.19899pt.
 [15

]
File: kthpq-files/figs/logo/KTH_logo_RGB_bla.pdf Graphic file (type pdf)
<use kthpq-files/figs/logo/KTH_logo_RGB_bla.pdf>
Package luatex.def Info: kthpq-files/figs/logo/KTH_logo_RGB_bla.pdf  used on inp
ut line 342.
(luatex.def)             Requested size: 48.36967pt x 54.19899pt.
 [16

]
File: kthpq-files/figs/logo/KTH_logo_RGB_bla.pdf Graphic file (type pdf)
<use kthpq-files/figs/logo/KTH_logo_RGB_bla.pdf>
Package luatex.def Info: kthpq-files/figs/logo/KTH_logo_RGB_bla.pdf  used on inp
ut line 345.
(luatex.def)             Requested size: 68.2866pt x 76.5152pt.
File: kthpq-files/figs/lines/Linjemonster_himmelsbla_RGB_1x1.pdf Graphic file (t
ype pdf)
<use kthpq-files/figs/lines/Linjemonster_himmelsbla_RGB_1x1.pdf>
Package luatex.def Info: kthpq-files/figs/lines/Linjemonster_himmelsbla_RGB_1x1.
pdf  used on input line 345.
(luatex.def)             Requested size: 813.03552pt x 813.03552pt.
 [17

]
<figures/control_1.png, id=229, 1593.70406pt x 322.95656pt>
File: figures/control_1.png Graphic file (type png)
<use figures/control_1.png>
Package luatex.def Info: figures/control_1.png  used on input line 383.
(luatex.def)             Requested size: 460.74298pt x 93.36424pt.
<figures/control_2.png, id=230, 1637.36719pt x 412.54124pt>
File: figures/control_2.png Graphic file (type png)
<use figures/control_2.png>
Package luatex.def Info: figures/control_2.png  used on input line 383.
(luatex.def)             Requested size: 460.74298pt x 116.08359pt.
File: kthpq-files/figs/logo/KTH_logo_RGB_bla.pdf Graphic file (type pdf)
<use kthpq-files/figs/logo/KTH_logo_RGB_bla.pdf>
Package luatex.def Info: kthpq-files/figs/logo/KTH_logo_RGB_bla.pdf  used on inp
ut line 383.
(luatex.def)             Requested size: 48.36967pt x 54.19899pt.
 [18

<./figures/control_1.png><./figures/control_2.png>]
File: figures/control_1.png Graphic file (type png)
<use figures/control_1.png>
Package luatex.def Info: figures/control_1.png  used on input line 383.
(luatex.def)             Requested size: 460.74298pt x 93.36424pt.
File: figures/control_2.png Graphic file (type png)
<use figures/control_2.png>
Package luatex.def Info: figures/control_2.png  used on input line 383.
(luatex.def)             Requested size: 460.74298pt x 116.08359pt.
File: kthpq-files/figs/logo/KTH_logo_RGB_bla.pdf Graphic file (type pdf)
<use kthpq-files/figs/logo/KTH_logo_RGB_bla.pdf>
Package luatex.def Info: kthpq-files/figs/logo/KTH_logo_RGB_bla.pdf  used on inp
ut line 383.
(luatex.def)             Requested size: 48.36967pt x 54.19899pt.
[19

]
Overfull \vbox (11.85915pt too high) detected at line 410
 []

File: kthpq-files/figs/logo/KTH_logo_RGB_bla.pdf Graphic file (type pdf)
<use kthpq-files/figs/logo/KTH_logo_RGB_bla.pdf>
Package luatex.def Info: kthpq-files/figs/logo/KTH_logo_RGB_bla.pdf  used on inp
ut line 410.
(luatex.def)             Requested size: 48.36967pt x 54.19899pt.
[20

]
File: kthpq-files/figs/logo/KTH_logo_RGB_bla.pdf Graphic file (type pdf)
<use kthpq-files/figs/logo/KTH_logo_RGB_bla.pdf>
Package luatex.def Info: kthpq-files/figs/logo/KTH_logo_RGB_bla.pdf  used on inp
ut line 414.
(luatex.def)             Requested size: 48.36967pt x 54.19899pt.
 [21

]
File: kthpq-files/figs/logo/KTH_logo_RGB_bla.pdf Graphic file (type pdf)
<use kthpq-files/figs/logo/KTH_logo_RGB_bla.pdf>
Package luatex.def Info: kthpq-files/figs/logo/KTH_logo_RGB_bla.pdf  used on inp
ut line 419.
(luatex.def)             Requested size: 48.36967pt x 54.19899pt.
 [22

]
File: kthpq-files/figs/logo/KTH_logo_RGB_bla.pdf Graphic file (type pdf)
<use kthpq-files/figs/logo/KTH_logo_RGB_bla.pdf>
Package luatex.def Info: kthpq-files/figs/logo/KTH_logo_RGB_bla.pdf  used on inp
ut line 433.
(luatex.def)             Requested size: 48.36967pt x 54.19899pt.
 [23

]
File: kthpq-files/figs/logo/KTH_logo_RGB_bla.pdf Graphic file (type pdf)
<use kthpq-files/figs/logo/KTH_logo_RGB_bla.pdf>
Package luatex.def Info: kthpq-files/figs/logo/KTH_logo_RGB_bla.pdf  used on inp
ut line 433.
(luatex.def)             Requested size: 48.36967pt x 54.19899pt.
 [24

]
File: kthpq-files/figs/logo/KTH_logo_RGB_bla.pdf Graphic file (type pdf)
<use kthpq-files/figs/logo/KTH_logo_RGB_bla.pdf>
Package luatex.def Info: kthpq-files/figs/logo/KTH_logo_RGB_bla.pdf  used on inp
ut line 433.
(luatex.def)             Requested size: 48.36967pt x 54.19899pt.
 [25

]
File: kthpq-files/figs/logo/KTH_logo_RGB_bla.pdf Graphic file (type pdf)
<use kthpq-files/figs/logo/KTH_logo_RGB_bla.pdf>
Package luatex.def Info: kthpq-files/figs/logo/KTH_logo_RGB_bla.pdf  used on inp
ut line 433.
(luatex.def)             Requested size: 48.36967pt x 54.19899pt.
 [26

]
File: kthpq-files/figs/logo/KTH_logo_RGB_bla.pdf Graphic file (type pdf)
<use kthpq-files/figs/logo/KTH_logo_RGB_bla.pdf>
Package luatex.def Info: kthpq-files/figs/logo/KTH_logo_RGB_bla.pdf  used on inp
ut line 433.
(luatex.def)             Requested size: 48.36967pt x 54.19899pt.
 [27

]
File: kthpq-files/figs/logo/KTH_logo_RGB_bla.pdf Graphic file (type pdf)
<use kthpq-files/figs/logo/KTH_logo_RGB_bla.pdf>
Package luatex.def Info: kthpq-files/figs/logo/KTH_logo_RGB_bla.pdf  used on inp
ut line 435.
(luatex.def)             Requested size: 68.2866pt x 76.5152pt.
File: kthpq-files/figs/lines/Linjemonster_himmelsbla_RGB_1x1.pdf Graphic file (t
ype pdf)
<use kthpq-files/figs/lines/Linjemonster_himmelsbla_RGB_1x1.pdf>
Package luatex.def Info: kthpq-files/figs/lines/Linjemonster_himmelsbla_RGB_1x1.
pdf  used on input line 435.
(luatex.def)             Requested size: 813.03552pt x 813.03552pt.
 [28

]
File: kthpq-files/figs/logo/KTH_logo_RGB_bla.pdf Graphic file (type pdf)
<use kthpq-files/figs/logo/KTH_logo_RGB_bla.pdf>
Package luatex.def Info: kthpq-files/figs/logo/KTH_logo_RGB_bla.pdf  used on inp
ut line 451.
(luatex.def)             Requested size: 48.36967pt x 54.19899pt.
 [29

]
Overfull \hbox (131.97913pt too wide) detected at line 486
[][][]
 []

<figures/slow_learning_rule.png, id=323, 1490.56876pt x 1527.7075pt>
File: figures/slow_learning_rule.png Graphic file (type png)
<use figures/slow_learning_rule.png>
Package luatex.def Info: figures/slow_learning_rule.png  used on input line 486.

(luatex.def)             Requested size: 236.95386pt x 206.66896pt.

Overfull \hbox (32.264pt too wide) in paragraph at lines 486--486
\TU/Figtree(0)/m/n/14.4 [[]BD15[]]  
 []

File: kthpq-files/figs/logo/KTH_logo_RGB_bla.pdf Graphic file (type pdf)
<use kthpq-files/figs/logo/KTH_logo_RGB_bla.pdf>
Package luatex.def Info: kthpq-files/figs/logo/KTH_logo_RGB_bla.pdf  used on inp
ut line 486.
(luatex.def)             Requested size: 48.36967pt x 54.19899pt.
[30

<./figures/slow_learning_rule.png>]
File: kthpq-files/figs/logo/KTH_logo_RGB_bla.pdf Graphic file (type pdf)
<use kthpq-files/figs/logo/KTH_logo_RGB_bla.pdf>
Package luatex.def Info: kthpq-files/figs/logo/KTH_logo_RGB_bla.pdf  used on inp
ut line 490.
(luatex.def)             Requested size: 68.2866pt x 76.5152pt.
File: kthpq-files/figs/lines/Linjemonster_himmelsbla_RGB_1x1.pdf Graphic file (t
ype pdf)
<use kthpq-files/figs/lines/Linjemonster_himmelsbla_RGB_1x1.pdf>
Package luatex.def Info: kthpq-files/figs/lines/Linjemonster_himmelsbla_RGB_1x1.
pdf  used on input line 490.
(luatex.def)             Requested size: 813.03552pt x 813.03552pt.
 [31

]
File: kthpq-files/figs/logo/KTH_logo_RGB_bla.pdf Graphic file (type pdf)
<use kthpq-files/figs/logo/KTH_logo_RGB_bla.pdf>
Package luatex.def Info: kthpq-files/figs/logo/KTH_logo_RGB_bla.pdf  used on inp
ut line 494.
(luatex.def)             Requested size: 68.2866pt x 76.5152pt.
File: kthpq-files/figs/lines/Linjemonster_himmelsbla_RGB_1x1.pdf Graphic file (t
ype pdf)
<use kthpq-files/figs/lines/Linjemonster_himmelsbla_RGB_1x1.pdf>
Package luatex.def Info: kthpq-files/figs/lines/Linjemonster_himmelsbla_RGB_1x1.
pdf  used on input line 494.
(luatex.def)             Requested size: 813.03552pt x 813.03552pt.
 [32

]
File: kthpq-files/figs/logo/KTH_logo_RGB_bla.pdf Graphic file (type pdf)
<use kthpq-files/figs/logo/KTH_logo_RGB_bla.pdf>
Package luatex.def Info: kthpq-files/figs/logo/KTH_logo_RGB_bla.pdf  used on inp
ut line 517.
(luatex.def)             Requested size: 48.36967pt x 54.19899pt.
 [33

]
File: kthpq-files/figs/logo/KTH_logo_RGB_bla.pdf Graphic file (type pdf)
<use kthpq-files/figs/logo/KTH_logo_RGB_bla.pdf>
Package luatex.def Info: kthpq-files/figs/logo/KTH_logo_RGB_bla.pdf  used on inp
ut line 532.
(luatex.def)             Requested size: 48.36967pt x 54.19899pt.
 [34

]
File: kthpq-files/figs/logo/KTH_logo_RGB_bla.pdf Graphic file (type pdf)
<use kthpq-files/figs/logo/KTH_logo_RGB_bla.pdf>
Package luatex.def Info: kthpq-files/figs/logo/KTH_logo_RGB_bla.pdf  used on inp
ut line 532.
(luatex.def)             Requested size: 48.36967pt x 54.19899pt.
 [35

]
File: kthpq-files/figs/logo/KTH_logo_RGB_bla.pdf Graphic file (type pdf)
<use kthpq-files/figs/logo/KTH_logo_RGB_bla.pdf>
Package luatex.def Info: kthpq-files/figs/logo/KTH_logo_RGB_bla.pdf  used on inp
ut line 532.
(luatex.def)             Requested size: 48.36967pt x 54.19899pt.
 [36

]
File: kthpq-files/figs/logo/KTH_logo_RGB_bla.pdf Graphic file (type pdf)
<use kthpq-files/figs/logo/KTH_logo_RGB_bla.pdf>
Package luatex.def Info: kthpq-files/figs/logo/KTH_logo_RGB_bla.pdf  used on inp
ut line 532.
(luatex.def)             Requested size: 48.36967pt x 54.19899pt.
 [37

]
File: kthpq-files/figs/logo/KTH_logo_RGB_bla.pdf Graphic file (type pdf)
<use kthpq-files/figs/logo/KTH_logo_RGB_bla.pdf>
Package luatex.def Info: kthpq-files/figs/logo/KTH_logo_RGB_bla.pdf  used on inp
ut line 532.
(luatex.def)             Requested size: 48.36967pt x 54.19899pt.

[38

]
File: kthpq-files/figs/logo/KTH_logo_RGB_bla.pdf Graphic file (type pdf)
<use kthpq-files/figs/logo/KTH_logo_RGB_bla.pdf>
Package luatex.def Info: kthpq-files/figs/logo/KTH_logo_RGB_bla.pdf  used on inp
ut line 532.
(luatex.def)             Requested size: 48.36967pt x 54.19899pt.
 [39

]
File: kthpq-files/figs/logo/KTH_logo_RGB_bla.pdf Graphic file (type pdf)
<use kthpq-files/figs/logo/KTH_logo_RGB_bla.pdf>
Package luatex.def Info: kthpq-files/figs/logo/KTH_logo_RGB_bla.pdf  used on inp
ut line 539.
(luatex.def)             Requested size: 48.36967pt x 54.19899pt.
 [40

]
LaTeX Font Info:    Font shape `TU/Beramono(0)/m/n' will be
(Font)              scaled to size 14.6881pt on input line 545.

Overfull \vbox (18.67125pt too high) detected at line 545
 []

File: kthpq-files/figs/logo/KTH_logo_RGB_bla.pdf Graphic file (type pdf)
<use kthpq-files/figs/logo/KTH_logo_RGB_bla.pdf>
Package luatex.def Info: kthpq-files/figs/logo/KTH_logo_RGB_bla.pdf  used on inp
ut line 545.
(luatex.def)             Requested size: 48.36967pt x 54.19899pt.
[41

]
<kthpq-files/figs/logo/KTH_logo_RGB_vit.pdf, id=417, 337.26pt x 377.91188pt>
File: kthpq-files/figs/logo/KTH_logo_RGB_vit.pdf Graphic file (type pdf)
<use kthpq-files/figs/logo/KTH_logo_RGB_vit.pdf>
Package luatex.def Info: kthpq-files/figs/logo/KTH_logo_RGB_vit.pdf  used on inp
ut line 548.
(luatex.def)             Requested size: 170.71652pt x 191.29665pt.
File: kthpq-files/figs/lines/Linjemonster_himmelsbla_RGB_1x1.pdf Graphic file (t
ype pdf)
<use kthpq-files/figs/lines/Linjemonster_himmelsbla_RGB_1x1.pdf>
Package luatex.def Info: kthpq-files/figs/lines/Linjemonster_himmelsbla_RGB_1x1.
pdf  used on input line 548.
(luatex.def)             Requested size: 813.03552pt x 813.03552pt.
File: kthpq-files/figs/lines/Linjemonster_himmelsbla_RGB_1x1.pdf Graphic file (t
ype pdf)
<use kthpq-files/figs/lines/Linjemonster_himmelsbla_RGB_1x1.pdf>
Package luatex.def Info: kthpq-files/figs/lines/Linjemonster_himmelsbla_RGB_1x1.
pdf  used on input line 548.
(luatex.def)             Requested size: 813.03552pt x 813.03552pt.
 [42

<./kthpq-files/figs/logo/KTH_logo_RGB_vit.pdf>]
\tf@nav=\write7

\openout7 = sample.nav
\tf@toc=\write8

\openout8 = sample.toc
\tf@snm=\write9

\openout9 = sample.snm
Package atveryend Info: Empty hook `BeforeClearDocument' on input line 549.
Package atveryend Info: Empty hook `AfterLastShipout' on input line 549.
 (./sample.aux)
Package atveryend Info: Executing hook `AtVeryEndDocument' on input line 549.
Package atveryend Info: Executing hook `AtEndAfterFileList' on input line 549.
Package rerunfilecheck Info: File `sample.out' has not changed.
(rerunfilecheck)             Checksum: CB84AE568B64DA399F15D366E3ED9A9D;798.
Package logreq Info: Writing requests to 'sample.run.xml'.

\openout1 = sample.run.xml
)

Here is how much of LuaTeX's memory you used:
 53151 strings out of 481365
 125171,2373549 words of node,token memory allocated
 4044 words of node memory still in use:
   113 hlist, 8 vlist, 17 rule, 2 local_par, 98 glue, 10 kern, 12 penalty, 8 sub
_mlist, 1 glyph, 271 attribute, 80 glue_spec, 271 attribute_list, 7 write, 3 sav
e_pos, 87 pdf_literal, 1 pdf_action, 26 pdf_colorstack, 4 pdf_setmatrix, 4 pdf_s
ave, 4 pdf_restore nodes
   avail lists: 1:6,2:3920,3:1615,4:226,5:171,6:35,7:1832,8:104,9:750,10:15,11:1
35
 67407 multiletter control sequences out of 65536+600000
 159 fonts using 26342255 bytes
 84i,17n,143p,772b,2941s stack positions out of 5000i,500n,10000p,200000b,100000s
<./kthpq-files/fonts/ttf-bitstream-vera-1.10/VeraMono.ttf></usr/share/fonts/true
type/msttcorefonts/Georgia_Bold.ttf><./kthpq-files/fonts/Figtree/otf/Figtree-Bol
d.otf></usr/share/fonts/truetype/msttcorefonts/Georgia.ttf><./kthpq-files/fonts/
Figtree/otf/Figtree-Regular.otf></usr/share/texlive/texmf-dist/fonts/opentype/pu
blic/firamath/FiraMath-Regular.otf><./kthpq-files/fonts/Figtree/otf/Figtree-Ital
ic.otf></usr/share/texlive/texmf-dist/fonts/opentype/public/firamath/FiraMath-Re
gular.otf><./kthpq-files/fonts/Figtree/otf/Figtree-Regular.otf>
Output written on sample.pdf (42 pages, 1613539 bytes).

PDF statistics: 487 PDF objects out of 1000 (max. 8388607)
 363 compressed objects within 4 object streams
 95 named destinations out of 1000 (max. 131072)
 280 words of extra memory for PDF output out of 10000 (max. 100000000)

